{"D:\\Project\\School ERP\\ERP Backend\\server.js": {"path":"D:\\Project\\School ERP\\ERP Backend\\server.js","statementMap":{"0":{"start":{"line":1,"column":16},"end":{"line":1,"column":34}},"1":{"start":{"line":2,"column":13},"end":{"line":2,"column":28}},"2":{"start":{"line":3,"column":15},"end":{"line":3,"column":32}},"3":{"start":{"line":4,"column":15},"end":{"line":4,"column":32}},"4":{"start":{"line":5,"column":0},"end":{"line":5,"column":27}},"5":{"start":{"line":7,"column":18},"end":{"line":7,"column":40}},"6":{"start":{"line":8,"column":25},"end":{"line":8,"column":72}},"7":{"start":{"line":9,"column":28},"end":{"line":9,"column":71}},"8":{"start":{"line":10,"column":23},"end":{"line":10,"column":67}},"9":{"start":{"line":11,"column":19},"end":{"line":11,"column":50}},"10":{"start":{"line":12,"column":22},"end":{"line":12,"column":56}},"11":{"start":{"line":13,"column":19},"end":{"line":13,"column":50}},"12":{"start":{"line":14,"column":27},"end":{"line":14,"column":66}},"13":{"start":{"line":15,"column":25},"end":{"line":15,"column":62}},"14":{"start":{"line":16,"column":20},"end":{"line":16,"column":52}},"15":{"start":{"line":17,"column":22},"end":{"line":17,"column":56}},"16":{"start":{"line":18,"column":22},"end":{"line":18,"column":56}},"17":{"start":{"line":19,"column":19},"end":{"line":19,"column":50}},"18":{"start":{"line":20,"column":28},"end":{"line":20,"column":68}},"19":{"start":{"line":21,"column":23},"end":{"line":21,"column":58}},"20":{"start":{"line":22,"column":20},"end":{"line":22,"column":52}},"21":{"start":{"line":23,"column":17},"end":{"line":23,"column":46}},"22":{"start":{"line":24,"column":21},"end":{"line":24,"column":54}},"23":{"start":{"line":25,"column":27},"end":{"line":25,"column":66}},"24":{"start":{"line":26,"column":26},"end":{"line":26,"column":60}},"25":{"start":{"line":29,"column":0},"end":{"line":31,"column":1}},"26":{"start":{"line":30,"column":2},"end":{"line":30,"column":14}},"27":{"start":{"line":33,"column":12},"end":{"line":33,"column":21}},"28":{"start":{"line":36,"column":0},"end":{"line":36,"column":18}},"29":{"start":{"line":37,"column":0},"end":{"line":37,"column":16}},"30":{"start":{"line":38,"column":0},"end":{"line":38,"column":24}},"31":{"start":{"line":39,"column":0},"end":{"line":39,"column":23}},"32":{"start":{"line":40,"column":0},"end":{"line":40,"column":20}},"33":{"start":{"line":43,"column":0},"end":{"line":43,"column":36}},"34":{"start":{"line":44,"column":0},"end":{"line":44,"column":43}},"35":{"start":{"line":45,"column":0},"end":{"line":45,"column":37}},"36":{"start":{"line":46,"column":0},"end":{"line":46,"column":54}},"37":{"start":{"line":47,"column":0},"end":{"line":47,"column":48}},"38":{"start":{"line":48,"column":0},"end":{"line":48,"column":38}},"39":{"start":{"line":49,"column":0},"end":{"line":49,"column":39}},"40":{"start":{"line":50,"column":0},"end":{"line":50,"column":42}},"41":{"start":{"line":51,"column":0},"end":{"line":51,"column":37}},"42":{"start":{"line":52,"column":0},"end":{"line":52,"column":54}},"43":{"start":{"line":53,"column":0},"end":{"line":53,"column":44}},"44":{"start":{"line":54,"column":0},"end":{"line":54,"column":43}},"45":{"start":{"line":55,"column":0},"end":{"line":55,"column":32}},"46":{"start":{"line":56,"column":0},"end":{"line":56,"column":48}},"47":{"start":{"line":57,"column":0},"end":{"line":57,"column":47}},"48":{"start":{"line":60,"column":0},"end":{"line":62,"column":3}},"49":{"start":{"line":61,"column":2},"end":{"line":61,"column":59}},"50":{"start":{"line":64,"column":0},"end":{"line":66,"column":3}},"51":{"start":{"line":65,"column":2},"end":{"line":65,"column":82}},"52":{"start":{"line":68,"column":0},"end":{"line":70,"column":3}},"53":{"start":{"line":69,"column":2},"end":{"line":69,"column":59}},"54":{"start":{"line":73,"column":0},"end":{"line":73,"column":25}},"55":{"start":{"line":76,"column":0},"end":{"line":76,"column":22}},"56":{"start":{"line":78,"column":13},"end":{"line":78,"column":37}},"57":{"start":{"line":80,"column":0},"end":{"line":85,"column":1}},"58":{"start":{"line":81,"column":2},"end":{"line":83,"column":5}},"59":{"start":{"line":82,"column":4},"end":{"line":82,"column":82}},"60":{"start":{"line":84,"column":2},"end":{"line":84,"column":18}},"61":{"start":{"line":87,"column":0},"end":{"line":87,"column":21}}},"fnMap":{"0":{"name":"(anonymous_0)","decl":{"start":{"line":60,"column":13},"end":{"line":60,"column":14}},"loc":{"start":{"line":60,"column":27},"end":{"line":62,"column":1}},"line":60},"1":{"name":"(anonymous_1)","decl":{"start":{"line":64,"column":19},"end":{"line":64,"column":20}},"loc":{"start":{"line":64,"column":33},"end":{"line":66,"column":1}},"line":64},"2":{"name":"(anonymous_2)","decl":{"start":{"line":68,"column":18},"end":{"line":68,"column":19}},"loc":{"start":{"line":68,"column":32},"end":{"line":70,"column":1}},"line":68},"3":{"name":"(anonymous_3)","decl":{"start":{"line":81,"column":19},"end":{"line":81,"column":20}},"loc":{"start":{"line":81,"column":25},"end":{"line":83,"column":3}},"line":81}},"branchMap":{"0":{"loc":{"start":{"line":29,"column":0},"end":{"line":31,"column":1}},"type":"if","locations":[{"start":{"line":29,"column":0},"end":{"line":31,"column":1}},{"start":{},"end":{}}],"line":29},"1":{"loc":{"start":{"line":78,"column":13},"end":{"line":78,"column":37}},"type":"binary-expr","locations":[{"start":{"line":78,"column":13},"end":{"line":78,"column":29}},{"start":{"line":78,"column":33},"end":{"line":78,"column":37}}],"line":78},"2":{"loc":{"start":{"line":80,"column":0},"end":{"line":85,"column":1}},"type":"if","locations":[{"start":{"line":80,"column":0},"end":{"line":85,"column":1}},{"start":{},"end":{}}],"line":80}},"s":{"0":1,"1":1,"2":1,"3":1,"4":1,"5":1,"6":1,"7":1,"8":1,"9":1,"10":1,"11":1,"12":1,"13":1,"14":1,"15":1,"16":1,"17":1,"18":1,"19":1,"20":1,"21":1,"22":1,"23":1,"24":1,"25":1,"26":0,"27":1,"28":1,"29":1,"30":1,"31":1,"32":1,"33":1,"34":1,"35":1,"36":1,"37":1,"38":1,"39":1,"40":1,"41":1,"42":1,"43":1,"44":1,"45":1,"46":1,"47":1,"48":1,"49":0,"50":1,"51":1,"52":1,"53":1,"54":1,"55":1,"56":1,"57":1,"58":0,"59":0,"60":0,"61":1},"f":{"0":0,"1":1,"2":1,"3":0},"b":{"0":[0,1],"1":[1,0],"2":[0,1]},"_coverageSchema":"1a1c01bbd47fc00a2c39e90264f33305004495a9","hash":"d818fb3ff296b6f2cf66498388583d8bb8a397f1"}
,"D:\\Project\\School ERP\\ERP Backend\\config\\db.js": {"path":"D:\\Project\\School ERP\\ERP Backend\\config\\db.js","statementMap":{"0":{"start":{"line":1,"column":17},"end":{"line":1,"column":36}},"1":{"start":{"line":3,"column":18},"end":{"line":11,"column":1}},"2":{"start":{"line":4,"column":2},"end":{"line":10,"column":3}},"3":{"start":{"line":5,"column":17},"end":{"line":5,"column":64}},"4":{"start":{"line":6,"column":4},"end":{"line":6,"column":62}},"5":{"start":{"line":8,"column":4},"end":{"line":8,"column":67}},"6":{"start":{"line":9,"column":4},"end":{"line":9,"column":20}},"7":{"start":{"line":13,"column":0},"end":{"line":13,"column":27}}},"fnMap":{"0":{"name":"(anonymous_0)","decl":{"start":{"line":3,"column":18},"end":{"line":3,"column":19}},"loc":{"start":{"line":3,"column":30},"end":{"line":11,"column":1}},"line":3}},"branchMap":{},"s":{"0":1,"1":1,"2":0,"3":0,"4":0,"5":0,"6":0,"7":1},"f":{"0":0},"b":{},"_coverageSchema":"1a1c01bbd47fc00a2c39e90264f33305004495a9","hash":"dd35c5ffe81f670b97c6809500ab49249a80bd9c"}
,"D:\\Project\\School ERP\\ERP Backend\\controllers\\attendance.controller.js": {"path":"D:\\Project\\School ERP\\ERP Backend\\controllers\\attendance.controller.js","statementMap":{"0":{"start":{"line":1,"column":19},"end":{"line":1,"column":56}},"1":{"start":{"line":2,"column":21},"end":{"line":2,"column":60}},"2":{"start":{"line":3,"column":21},"end":{"line":3,"column":60}},"3":{"start":{"line":4,"column":14},"end":{"line":4,"column":46}},"4":{"start":{"line":5,"column":25},"end":{"line":5,"column":59}},"5":{"start":{"line":6,"column":21},"end":{"line":6,"column":57}},"6":{"start":{"line":7,"column":17},"end":{"line":7,"column":45}},"7":{"start":{"line":8,"column":24},"end":{"line":8,"column":55}},"8":{"start":{"line":10,"column":0},"end":{"line":55,"column":2}},"9":{"start":{"line":11,"column":2},"end":{"line":54,"column":3}},"10":{"start":{"line":12,"column":41},"end":{"line":12,"column":49}},"11":{"start":{"line":13,"column":21},"end":{"line":13,"column":33}},"12":{"start":{"line":14,"column":27},"end":{"line":14,"column":41}},"13":{"start":{"line":16,"column":16},"end":{"line":45,"column":6}},"14":{"start":{"line":17,"column":21},"end":{"line":21,"column":7}},"15":{"start":{"line":23,"column":6},"end":{"line":27,"column":7}},"16":{"start":{"line":24,"column":8},"end":{"line":24,"column":44}},"17":{"start":{"line":26,"column":8},"end":{"line":26,"column":40}},"18":{"start":{"line":29,"column":6},"end":{"line":44,"column":8}},"19":{"start":{"line":47,"column":19},"end":{"line":47,"column":70}},"20":{"start":{"line":48,"column":4},"end":{"line":51,"column":7}},"21":{"start":{"line":53,"column":4},"end":{"line":53,"column":23}},"22":{"start":{"line":57,"column":0},"end":{"line":71,"column":2}},"23":{"start":{"line":58,"column":2},"end":{"line":70,"column":3}},"24":{"start":{"line":59,"column":19},"end":{"line":62,"column":5}},"25":{"start":{"line":63,"column":4},"end":{"line":63,"column":63}},"26":{"start":{"line":63,"column":24},"end":{"line":63,"column":63}},"27":{"start":{"line":64,"column":4},"end":{"line":64,"column":68}},"28":{"start":{"line":64,"column":29},"end":{"line":64,"column":68}},"29":{"start":{"line":66,"column":17},"end":{"line":66,"column":65}},"30":{"start":{"line":67,"column":4},"end":{"line":67,"column":44}},"31":{"start":{"line":69,"column":4},"end":{"line":69,"column":23}},"32":{"start":{"line":73,"column":0},"end":{"line":105,"column":2}},"33":{"start":{"line":74,"column":2},"end":{"line":104,"column":3}},"34":{"start":{"line":75,"column":46},"end":{"line":75,"column":55}},"35":{"start":{"line":76,"column":18},"end":{"line":76,"column":62}},"36":{"start":{"line":77,"column":16},"end":{"line":77,"column":73}},"37":{"start":{"line":79,"column":17},"end":{"line":99,"column":6}},"38":{"start":{"line":101,"column":4},"end":{"line":101,"column":38}},"39":{"start":{"line":103,"column":4},"end":{"line":103,"column":23}},"40":{"start":{"line":107,"column":0},"end":{"line":130,"column":2}},"41":{"start":{"line":108,"column":2},"end":{"line":129,"column":3}},"42":{"start":{"line":109,"column":18},"end":{"line":113,"column":6}},"43":{"start":{"line":114,"column":4},"end":{"line":125,"column":7}},"44":{"start":{"line":126,"column":4},"end":{"line":126,"column":96}},"45":{"start":{"line":128,"column":4},"end":{"line":128,"column":23}},"46":{"start":{"line":132,"column":0},"end":{"line":159,"column":2}},"47":{"start":{"line":133,"column":2},"end":{"line":158,"column":3}},"48":{"start":{"line":134,"column":18},"end":{"line":134,"column":92}},"49":{"start":{"line":135,"column":4},"end":{"line":135,"column":87}},"50":{"start":{"line":135,"column":16},"end":{"line":135,"column":87}},"51":{"start":{"line":136,"column":4},"end":{"line":136,"column":76}},"52":{"start":{"line":137,"column":4},"end":{"line":137,"column":36}},"53":{"start":{"line":138,"column":4},"end":{"line":138,"column":34}},"54":{"start":{"line":139,"column":4},"end":{"line":139,"column":59}},"55":{"start":{"line":140,"column":4},"end":{"line":140,"column":23}},"56":{"start":{"line":142,"column":4},"end":{"line":153,"column":5}},"57":{"start":{"line":143,"column":19},"end":{"line":143,"column":66}},"58":{"start":{"line":144,"column":22},"end":{"line":148,"column":7}},"59":{"start":{"line":149,"column":19},"end":{"line":149,"column":124}},"60":{"start":{"line":150,"column":22},"end":{"line":150,"column":46}},"61":{"start":{"line":151,"column":6},"end":{"line":151,"column":56}},"62":{"start":{"line":152,"column":6},"end":{"line":152,"column":27}},"63":{"start":{"line":155,"column":4},"end":{"line":155,"column":81}},"64":{"start":{"line":157,"column":4},"end":{"line":157,"column":23}},"65":{"start":{"line":161,"column":0},"end":{"line":171,"column":2}},"66":{"start":{"line":162,"column":2},"end":{"line":170,"column":3}},"67":{"start":{"line":163,"column":19},"end":{"line":163,"column":45}},"68":{"start":{"line":164,"column":4},"end":{"line":164,"column":62}},"69":{"start":{"line":164,"column":27},"end":{"line":164,"column":62}},"70":{"start":{"line":165,"column":4},"end":{"line":165,"column":59}},"71":{"start":{"line":165,"column":26},"end":{"line":165,"column":59}},"72":{"start":{"line":166,"column":17},"end":{"line":166,"column":72}},"73":{"start":{"line":167,"column":4},"end":{"line":167,"column":44}},"74":{"start":{"line":169,"column":4},"end":{"line":169,"column":23}},"75":{"start":{"line":173,"column":0},"end":{"line":207,"column":2}},"76":{"start":{"line":174,"column":2},"end":{"line":206,"column":3}},"77":{"start":{"line":175,"column":55},"end":{"line":175,"column":64}},"78":{"start":{"line":176,"column":18},"end":{"line":176,"column":79}},"79":{"start":{"line":177,"column":4},"end":{"line":177,"column":79}},"80":{"start":{"line":177,"column":16},"end":{"line":177,"column":79}},"81":{"start":{"line":179,"column":18},"end":{"line":179,"column":62}},"82":{"start":{"line":180,"column":16},"end":{"line":180,"column":73}},"83":{"start":{"line":181,"column":23},"end":{"line":187,"column":6}},"84":{"start":{"line":188,"column":27},"end":{"line":195,"column":6}},"85":{"start":{"line":197,"column":19},"end":{"line":202,"column":6}},"86":{"start":{"line":203,"column":4},"end":{"line":203,"column":132}},"87":{"start":{"line":205,"column":4},"end":{"line":205,"column":23}}},"fnMap":{"0":{"name":"(anonymous_0)","decl":{"start":{"line":10,"column":31},"end":{"line":10,"column":32}},"loc":{"start":{"line":10,"column":57},"end":{"line":55,"column":1}},"line":10},"1":{"name":"(anonymous_1)","decl":{"start":{"line":16,"column":28},"end":{"line":16,"column":29}},"loc":{"start":{"line":16,"column":40},"end":{"line":45,"column":5}},"line":16},"2":{"name":"(anonymous_2)","decl":{"start":{"line":57,"column":24},"end":{"line":57,"column":25}},"loc":{"start":{"line":57,"column":50},"end":{"line":71,"column":1}},"line":57},"3":{"name":"(anonymous_3)","decl":{"start":{"line":73,"column":30},"end":{"line":73,"column":31}},"loc":{"start":{"line":73,"column":56},"end":{"line":105,"column":1}},"line":73},"4":{"name":"(anonymous_4)","decl":{"start":{"line":107,"column":29},"end":{"line":107,"column":30}},"loc":{"start":{"line":107,"column":55},"end":{"line":130,"column":1}},"line":107},"5":{"name":"(anonymous_5)","decl":{"start":{"line":132,"column":30},"end":{"line":132,"column":31}},"loc":{"start":{"line":132,"column":56},"end":{"line":159,"column":1}},"line":132},"6":{"name":"(anonymous_6)","decl":{"start":{"line":161,"column":27},"end":{"line":161,"column":28}},"loc":{"start":{"line":161,"column":53},"end":{"line":171,"column":1}},"line":161},"7":{"name":"(anonymous_7)","decl":{"start":{"line":173,"column":24},"end":{"line":173,"column":25}},"loc":{"start":{"line":173,"column":50},"end":{"line":207,"column":1}},"line":173}},"branchMap":{"0":{"loc":{"start":{"line":12,"column":24},"end":{"line":12,"column":36}},"type":"default-arg","locations":[{"start":{"line":12,"column":34},"end":{"line":12,"column":36}}],"line":12},"1":{"loc":{"start":{"line":23,"column":6},"end":{"line":27,"column":7}},"type":"if","locations":[{"start":{"line":23,"column":6},"end":{"line":27,"column":7}},{"start":{"line":25,"column":13},"end":{"line":27,"column":7}}],"line":23},"2":{"loc":{"start":{"line":61,"column":12},"end":{"line":61,"column":39}},"type":"binary-expr","locations":[{"start":{"line":61,"column":12},"end":{"line":61,"column":26}},{"start":{"line":61,"column":30},"end":{"line":61,"column":39}}],"line":61},"3":{"loc":{"start":{"line":63,"column":4},"end":{"line":63,"column":63}},"type":"if","locations":[{"start":{"line":63,"column":4},"end":{"line":63,"column":63}},{"start":{},"end":{}}],"line":63},"4":{"loc":{"start":{"line":64,"column":4},"end":{"line":64,"column":68}},"type":"if","locations":[{"start":{"line":64,"column":4},"end":{"line":64,"column":68}},{"start":{},"end":{}}],"line":64},"5":{"loc":{"start":{"line":75,"column":12},"end":{"line":75,"column":28}},"type":"default-arg","locations":[{"start":{"line":75,"column":19},"end":{"line":75,"column":28}}],"line":75},"6":{"loc":{"start":{"line":89,"column":15},"end":{"line":89,"column":61}},"type":"cond-expr","locations":[{"start":{"line":89,"column":36},"end":{"line":89,"column":48}},{"start":{"line":89,"column":51},"end":{"line":89,"column":61}}],"line":89},"7":{"loc":{"start":{"line":135,"column":4},"end":{"line":135,"column":87}},"type":"if","locations":[{"start":{"line":135,"column":4},"end":{"line":135,"column":87}},{"start":{},"end":{}}],"line":135},"8":{"loc":{"start":{"line":136,"column":19},"end":{"line":136,"column":75}},"type":"cond-expr","locations":[{"start":{"line":136,"column":52},"end":{"line":136,"column":62}},{"start":{"line":136,"column":65},"end":{"line":136,"column":75}}],"line":136},"9":{"loc":{"start":{"line":139,"column":28},"end":{"line":139,"column":58}},"type":"binary-expr","locations":[{"start":{"line":139,"column":28},"end":{"line":139,"column":52}},{"start":{"line":139,"column":56},"end":{"line":139,"column":58}}],"line":139},"10":{"loc":{"start":{"line":142,"column":4},"end":{"line":153,"column":5}},"type":"if","locations":[{"start":{"line":142,"column":4},"end":{"line":153,"column":5}},{"start":{},"end":{}}],"line":142},"11":{"loc":{"start":{"line":142,"column":8},"end":{"line":142,"column":64}},"type":"binary-expr","locations":[{"start":{"line":142,"column":8},"end":{"line":142,"column":35}},{"start":{"line":142,"column":39},"end":{"line":142,"column":64}}],"line":142},"12":{"loc":{"start":{"line":151,"column":26},"end":{"line":151,"column":47}},"type":"binary-expr","locations":[{"start":{"line":151,"column":26},"end":{"line":151,"column":42}},{"start":{"line":151,"column":46},"end":{"line":151,"column":47}}],"line":151},"13":{"loc":{"start":{"line":164,"column":4},"end":{"line":164,"column":62}},"type":"if","locations":[{"start":{"line":164,"column":4},"end":{"line":164,"column":62}},{"start":{},"end":{}}],"line":164},"14":{"loc":{"start":{"line":165,"column":4},"end":{"line":165,"column":59}},"type":"if","locations":[{"start":{"line":165,"column":4},"end":{"line":165,"column":59}},{"start":{},"end":{}}],"line":165},"15":{"loc":{"start":{"line":175,"column":34},"end":{"line":175,"column":50}},"type":"default-arg","locations":[{"start":{"line":175,"column":48},"end":{"line":175,"column":50}}],"line":175},"16":{"loc":{"start":{"line":177,"column":4},"end":{"line":177,"column":79}},"type":"if","locations":[{"start":{"line":177,"column":4},"end":{"line":177,"column":79}},{"start":{},"end":{}}],"line":177}},"s":{"0":1,"1":1,"2":1,"3":1,"4":1,"5":1,"6":1,"7":1,"8":1,"9":0,"10":0,"11":0,"12":0,"13":0,"14":0,"15":0,"16":0,"17":0,"18":0,"19":0,"20":0,"21":0,"22":1,"23":0,"24":0,"25":0,"26":0,"27":0,"28":0,"29":0,"30":0,"31":0,"32":1,"33":0,"34":0,"35":0,"36":0,"37":0,"38":0,"39":0,"40":1,"41":0,"42":0,"43":0,"44":0,"45":0,"46":1,"47":0,"48":0,"49":0,"50":0,"51":0,"52":0,"53":0,"54":0,"55":0,"56":0,"57":0,"58":0,"59":0,"60":0,"61":0,"62":0,"63":0,"64":0,"65":1,"66":0,"67":0,"68":0,"69":0,"70":0,"71":0,"72":0,"73":0,"74":0,"75":1,"76":0,"77":0,"78":0,"79":0,"80":0,"81":0,"82":0,"83":0,"84":0,"85":0,"86":0,"87":0},"f":{"0":0,"1":0,"2":0,"3":0,"4":0,"5":0,"6":0,"7":0},"b":{"0":[0],"1":[0,0],"2":[0,0],"3":[0,0],"4":[0,0],"5":[0],"6":[0,0],"7":[0,0],"8":[0,0],"9":[0,0],"10":[0,0],"11":[0,0],"12":[0,0],"13":[0,0],"14":[0,0],"15":[0],"16":[0,0]},"_coverageSchema":"1a1c01bbd47fc00a2c39e90264f33305004495a9","hash":"3224977da59f6145e46058faf7a76c9c7e3fd093"}
,"D:\\Project\\School ERP\\ERP Backend\\controllers\\audit.controller.js": {"path":"D:\\Project\\School ERP\\ERP Backend\\controllers\\audit.controller.js","statementMap":{"0":{"start":{"line":1,"column":17},"end":{"line":1,"column":52}},"1":{"start":{"line":2,"column":24},"end":{"line":2,"column":55}},"2":{"start":{"line":4,"column":0},"end":{"line":37,"column":2}},"3":{"start":{"line":5,"column":2},"end":{"line":36,"column":3}},"4":{"start":{"line":6,"column":19},"end":{"line":6,"column":21}},"5":{"start":{"line":7,"column":4},"end":{"line":7,"column":59}},"6":{"start":{"line":7,"column":26},"end":{"line":7,"column":59}},"7":{"start":{"line":8,"column":4},"end":{"line":8,"column":59}},"8":{"start":{"line":8,"column":26},"end":{"line":8,"column":59}},"9":{"start":{"line":9,"column":4},"end":{"line":9,"column":68}},"10":{"start":{"line":9,"column":29},"end":{"line":9,"column":68}},"11":{"start":{"line":10,"column":4},"end":{"line":10,"column":59}},"12":{"start":{"line":10,"column":26},"end":{"line":10,"column":59}},"13":{"start":{"line":11,"column":4},"end":{"line":15,"column":5}},"14":{"start":{"line":12,"column":6},"end":{"line":12,"column":28}},"15":{"start":{"line":13,"column":6},"end":{"line":13,"column":85}},"16":{"start":{"line":13,"column":31},"end":{"line":13,"column":85}},"17":{"start":{"line":14,"column":6},"end":{"line":14,"column":81}},"18":{"start":{"line":14,"column":29},"end":{"line":14,"column":81}},"19":{"start":{"line":16,"column":17},"end":{"line":16,"column":65}},"20":{"start":{"line":17,"column":18},"end":{"line":17,"column":83}},"21":{"start":{"line":18,"column":17},"end":{"line":18,"column":35}},"22":{"start":{"line":19,"column":26},"end":{"line":22,"column":6}},"23":{"start":{"line":23,"column":4},"end":{"line":33,"column":7}},"24":{"start":{"line":35,"column":4},"end":{"line":35,"column":23}},"25":{"start":{"line":39,"column":0},"end":{"line":53,"column":2}},"26":{"start":{"line":40,"column":2},"end":{"line":52,"column":3}},"27":{"start":{"line":41,"column":19},"end":{"line":41,"column":21}},"28":{"start":{"line":42,"column":4},"end":{"line":42,"column":59}},"29":{"start":{"line":42,"column":26},"end":{"line":42,"column":59}},"30":{"start":{"line":43,"column":4},"end":{"line":47,"column":5}},"31":{"start":{"line":44,"column":6},"end":{"line":44,"column":28}},"32":{"start":{"line":45,"column":6},"end":{"line":45,"column":85}},"33":{"start":{"line":45,"column":31},"end":{"line":45,"column":85}},"34":{"start":{"line":46,"column":6},"end":{"line":46,"column":81}},"35":{"start":{"line":46,"column":29},"end":{"line":46,"column":81}},"36":{"start":{"line":48,"column":17},"end":{"line":48,"column":80}},"37":{"start":{"line":49,"column":4},"end":{"line":49,"column":92}},"38":{"start":{"line":51,"column":4},"end":{"line":51,"column":23}}},"fnMap":{"0":{"name":"(anonymous_0)","decl":{"start":{"line":4,"column":23},"end":{"line":4,"column":24}},"loc":{"start":{"line":4,"column":49},"end":{"line":37,"column":1}},"line":4},"1":{"name":"(anonymous_1)","decl":{"start":{"line":39,"column":26},"end":{"line":39,"column":27}},"loc":{"start":{"line":39,"column":52},"end":{"line":53,"column":1}},"line":39}},"branchMap":{"0":{"loc":{"start":{"line":7,"column":4},"end":{"line":7,"column":59}},"type":"if","locations":[{"start":{"line":7,"column":4},"end":{"line":7,"column":59}},{"start":{},"end":{}}],"line":7},"1":{"loc":{"start":{"line":8,"column":4},"end":{"line":8,"column":59}},"type":"if","locations":[{"start":{"line":8,"column":4},"end":{"line":8,"column":59}},{"start":{},"end":{}}],"line":8},"2":{"loc":{"start":{"line":9,"column":4},"end":{"line":9,"column":68}},"type":"if","locations":[{"start":{"line":9,"column":4},"end":{"line":9,"column":68}},{"start":{},"end":{}}],"line":9},"3":{"loc":{"start":{"line":10,"column":4},"end":{"line":10,"column":59}},"type":"if","locations":[{"start":{"line":10,"column":4},"end":{"line":10,"column":59}},{"start":{},"end":{}}],"line":10},"4":{"loc":{"start":{"line":11,"column":4},"end":{"line":15,"column":5}},"type":"if","locations":[{"start":{"line":11,"column":4},"end":{"line":15,"column":5}},{"start":{},"end":{}}],"line":11},"5":{"loc":{"start":{"line":11,"column":8},"end":{"line":11,"column":48}},"type":"binary-expr","locations":[{"start":{"line":11,"column":8},"end":{"line":11,"column":27}},{"start":{"line":11,"column":31},"end":{"line":11,"column":48}}],"line":11},"6":{"loc":{"start":{"line":13,"column":6},"end":{"line":13,"column":85}},"type":"if","locations":[{"start":{"line":13,"column":6},"end":{"line":13,"column":85}},{"start":{},"end":{}}],"line":13},"7":{"loc":{"start":{"line":14,"column":6},"end":{"line":14,"column":81}},"type":"if","locations":[{"start":{"line":14,"column":6},"end":{"line":14,"column":81}},{"start":{},"end":{}}],"line":14},"8":{"loc":{"start":{"line":16,"column":35},"end":{"line":16,"column":56}},"type":"binary-expr","locations":[{"start":{"line":16,"column":35},"end":{"line":16,"column":49}},{"start":{"line":16,"column":53},"end":{"line":16,"column":56}}],"line":16},"9":{"loc":{"start":{"line":17,"column":45},"end":{"line":17,"column":68}},"type":"binary-expr","locations":[{"start":{"line":17,"column":45},"end":{"line":17,"column":60}},{"start":{"line":17,"column":64},"end":{"line":17,"column":68}}],"line":17},"10":{"loc":{"start":{"line":27,"column":20},"end":{"line":27,"column":49}},"type":"binary-expr","locations":[{"start":{"line":27,"column":20},"end":{"line":27,"column":44}},{"start":{"line":27,"column":48},"end":{"line":27,"column":49}}],"line":27},"11":{"loc":{"start":{"line":42,"column":4},"end":{"line":42,"column":59}},"type":"if","locations":[{"start":{"line":42,"column":4},"end":{"line":42,"column":59}},{"start":{},"end":{}}],"line":42},"12":{"loc":{"start":{"line":43,"column":4},"end":{"line":47,"column":5}},"type":"if","locations":[{"start":{"line":43,"column":4},"end":{"line":47,"column":5}},{"start":{},"end":{}}],"line":43},"13":{"loc":{"start":{"line":43,"column":8},"end":{"line":43,"column":48}},"type":"binary-expr","locations":[{"start":{"line":43,"column":8},"end":{"line":43,"column":27}},{"start":{"line":43,"column":31},"end":{"line":43,"column":48}}],"line":43},"14":{"loc":{"start":{"line":45,"column":6},"end":{"line":45,"column":85}},"type":"if","locations":[{"start":{"line":45,"column":6},"end":{"line":45,"column":85}},{"start":{},"end":{}}],"line":45},"15":{"loc":{"start":{"line":46,"column":6},"end":{"line":46,"column":81}},"type":"if","locations":[{"start":{"line":46,"column":6},"end":{"line":46,"column":81}},{"start":{},"end":{}}],"line":46}},"s":{"0":1,"1":1,"2":1,"3":0,"4":0,"5":0,"6":0,"7":0,"8":0,"9":0,"10":0,"11":0,"12":0,"13":0,"14":0,"15":0,"16":0,"17":0,"18":0,"19":0,"20":0,"21":0,"22":0,"23":0,"24":0,"25":1,"26":0,"27":0,"28":0,"29":0,"30":0,"31":0,"32":0,"33":0,"34":0,"35":0,"36":0,"37":0,"38":0},"f":{"0":0,"1":0},"b":{"0":[0,0],"1":[0,0],"2":[0,0],"3":[0,0],"4":[0,0],"5":[0,0],"6":[0,0],"7":[0,0],"8":[0,0],"9":[0,0],"10":[0,0],"11":[0,0],"12":[0,0],"13":[0,0],"14":[0,0],"15":[0,0]},"_coverageSchema":"1a1c01bbd47fc00a2c39e90264f33305004495a9","hash":"f986b7f2dafa89152d99152f05bee243bdecc2bd"}
,"D:\\Project\\School ERP\\ERP Backend\\controllers\\auth.controller.js": {"path":"D:\\Project\\School ERP\\ERP Backend\\controllers\\auth.controller.js","statementMap":{"0":{"start":{"line":1,"column":12},"end":{"line":1,"column":35}},"1":{"start":{"line":2,"column":13},"end":{"line":2,"column":44}},"2":{"start":{"line":3,"column":17},"end":{"line":3,"column":45}},"3":{"start":{"line":4,"column":15},"end":{"line":4,"column":41}},"4":{"start":{"line":5,"column":21},"end":{"line":5,"column":57}},"5":{"start":{"line":7,"column":22},"end":{"line":13,"column":1}},"6":{"start":{"line":8,"column":2},"end":{"line":12,"column":4}},"7":{"start":{"line":15,"column":0},"end":{"line":90,"column":2}},"8":{"start":{"line":16,"column":2},"end":{"line":89,"column":3}},"9":{"start":{"line":17,"column":35},"end":{"line":17,"column":43}},"10":{"start":{"line":19,"column":4},"end":{"line":21,"column":5}},"11":{"start":{"line":20,"column":6},"end":{"line":20,"column":97}},"12":{"start":{"line":24,"column":17},"end":{"line":24,"column":69}},"13":{"start":{"line":26,"column":4},"end":{"line":43,"column":5}},"14":{"start":{"line":27,"column":6},"end":{"line":41,"column":9}},"15":{"start":{"line":42,"column":6},"end":{"line":42,"column":85}},"16":{"start":{"line":45,"column":4},"end":{"line":47,"column":5}},"17":{"start":{"line":46,"column":6},"end":{"line":46,"column":81}},"18":{"start":{"line":49,"column":18},"end":{"line":49,"column":67}},"19":{"start":{"line":52,"column":4},"end":{"line":52,"column":32}},"20":{"start":{"line":53,"column":4},"end":{"line":53,"column":51}},"21":{"start":{"line":54,"column":4},"end":{"line":67,"column":7}},"22":{"start":{"line":69,"column":4},"end":{"line":86,"column":7}},"23":{"start":{"line":88,"column":4},"end":{"line":88,"column":16}},"24":{"start":{"line":92,"column":0},"end":{"line":111,"column":2}},"25":{"start":{"line":93,"column":2},"end":{"line":110,"column":3}},"26":{"start":{"line":94,"column":4},"end":{"line":107,"column":7}},"27":{"start":{"line":109,"column":4},"end":{"line":109,"column":16}},"28":{"start":{"line":113,"column":0},"end":{"line":137,"column":2}},"29":{"start":{"line":114,"column":2},"end":{"line":136,"column":3}},"30":{"start":{"line":115,"column":4},"end":{"line":128,"column":7}},"31":{"start":{"line":130,"column":4},"end":{"line":133,"column":7}},"32":{"start":{"line":135,"column":4},"end":{"line":135,"column":16}},"33":{"start":{"line":139,"column":0},"end":{"line":164,"column":2}},"34":{"start":{"line":140,"column":2},"end":{"line":163,"column":3}},"35":{"start":{"line":141,"column":45},"end":{"line":141,"column":53}},"36":{"start":{"line":143,"column":4},"end":{"line":145,"column":5}},"37":{"start":{"line":144,"column":6},"end":{"line":144,"column":100}},"38":{"start":{"line":148,"column":17},"end":{"line":148,"column":70}},"39":{"start":{"line":150,"column":4},"end":{"line":152,"column":5}},"40":{"start":{"line":151,"column":6},"end":{"line":151,"column":83}},"41":{"start":{"line":154,"column":4},"end":{"line":154,"column":32}},"42":{"start":{"line":155,"column":4},"end":{"line":155,"column":22}},"43":{"start":{"line":157,"column":4},"end":{"line":160,"column":7}},"44":{"start":{"line":162,"column":4},"end":{"line":162,"column":16}}},"fnMap":{"0":{"name":"(anonymous_0)","decl":{"start":{"line":7,"column":22},"end":{"line":7,"column":23}},"loc":{"start":{"line":7,"column":66},"end":{"line":13,"column":1}},"line":7},"1":{"name":"(anonymous_1)","decl":{"start":{"line":15,"column":16},"end":{"line":15,"column":17}},"loc":{"start":{"line":15,"column":42},"end":{"line":90,"column":1}},"line":15},"2":{"name":"(anonymous_2)","decl":{"start":{"line":92,"column":13},"end":{"line":92,"column":14}},"loc":{"start":{"line":92,"column":39},"end":{"line":111,"column":1}},"line":92},"3":{"name":"(anonymous_3)","decl":{"start":{"line":113,"column":17},"end":{"line":113,"column":18}},"loc":{"start":{"line":113,"column":43},"end":{"line":137,"column":1}},"line":113},"4":{"name":"(anonymous_4)","decl":{"start":{"line":139,"column":25},"end":{"line":139,"column":26}},"loc":{"start":{"line":139,"column":51},"end":{"line":164,"column":1}},"line":139}},"branchMap":{"0":{"loc":{"start":{"line":7,"column":37},"end":{"line":7,"column":61}},"type":"default-arg","locations":[{"start":{"line":7,"column":48},"end":{"line":7,"column":61}}],"line":7},"1":{"loc":{"start":{"line":11,"column":17},"end":{"line":11,"column":47}},"type":"binary-expr","locations":[{"start":{"line":11,"column":17},"end":{"line":11,"column":39}},{"start":{"line":11,"column":43},"end":{"line":11,"column":47}}],"line":11},"2":{"loc":{"start":{"line":19,"column":4},"end":{"line":21,"column":5}},"type":"if","locations":[{"start":{"line":19,"column":4},"end":{"line":21,"column":5}},{"start":{},"end":{}}],"line":19},"3":{"loc":{"start":{"line":19,"column":8},"end":{"line":19,"column":30}},"type":"binary-expr","locations":[{"start":{"line":19,"column":8},"end":{"line":19,"column":17}},{"start":{"line":19,"column":21},"end":{"line":19,"column":30}}],"line":19},"4":{"loc":{"start":{"line":26,"column":4},"end":{"line":43,"column":5}},"type":"if","locations":[{"start":{"line":26,"column":4},"end":{"line":43,"column":5}},{"start":{},"end":{}}],"line":26},"5":{"loc":{"start":{"line":26,"column":8},"end":{"line":26,"column":56}},"type":"binary-expr","locations":[{"start":{"line":26,"column":8},"end":{"line":26,"column":13}},{"start":{"line":26,"column":17},"end":{"line":26,"column":56}}],"line":26},"6":{"loc":{"start":{"line":28,"column":16},"end":{"line":28,"column":33}},"type":"binary-expr","locations":[{"start":{"line":28,"column":16},"end":{"line":28,"column":25}},{"start":{"line":28,"column":29},"end":{"line":28,"column":33}}],"line":28},"7":{"loc":{"start":{"line":29,"column":18},"end":{"line":29,"column":39}},"type":"binary-expr","locations":[{"start":{"line":29,"column":18},"end":{"line":29,"column":26}},{"start":{"line":29,"column":30},"end":{"line":29,"column":39}}],"line":29},"8":{"loc":{"start":{"line":30,"column":18},"end":{"line":30,"column":41}},"type":"binary-expr","locations":[{"start":{"line":30,"column":18},"end":{"line":30,"column":28}},{"start":{"line":30,"column":32},"end":{"line":30,"column":41}}],"line":30},"9":{"loc":{"start":{"line":45,"column":4},"end":{"line":47,"column":5}},"type":"if","locations":[{"start":{"line":45,"column":4},"end":{"line":47,"column":5}},{"start":{},"end":{}}],"line":45},"10":{"loc":{"start":{"line":83,"column":19},"end":{"line":83,"column":49}},"type":"binary-expr","locations":[{"start":{"line":83,"column":19},"end":{"line":83,"column":41}},{"start":{"line":83,"column":45},"end":{"line":83,"column":49}}],"line":83},"11":{"loc":{"start":{"line":143,"column":4},"end":{"line":145,"column":5}},"type":"if","locations":[{"start":{"line":143,"column":4},"end":{"line":145,"column":5}},{"start":{},"end":{}}],"line":143},"12":{"loc":{"start":{"line":143,"column":8},"end":{"line":143,"column":40}},"type":"binary-expr","locations":[{"start":{"line":143,"column":8},"end":{"line":143,"column":24}},{"start":{"line":143,"column":28},"end":{"line":143,"column":40}}],"line":143},"13":{"loc":{"start":{"line":150,"column":4},"end":{"line":152,"column":5}},"type":"if","locations":[{"start":{"line":150,"column":4},"end":{"line":152,"column":5}},{"start":{},"end":{}}],"line":150}},"s":{"0":1,"1":1,"2":1,"3":1,"4":1,"5":1,"6":0,"7":1,"8":0,"9":0,"10":0,"11":0,"12":0,"13":0,"14":0,"15":0,"16":0,"17":0,"18":0,"19":0,"20":0,"21":0,"22":0,"23":0,"24":1,"25":0,"26":0,"27":0,"28":1,"29":0,"30":0,"31":0,"32":0,"33":1,"34":0,"35":0,"36":0,"37":0,"38":0,"39":0,"40":0,"41":0,"42":0,"43":0,"44":0},"f":{"0":0,"1":0,"2":0,"3":0,"4":0},"b":{"0":[0],"1":[0,0],"2":[0,0],"3":[0,0],"4":[0,0],"5":[0,0],"6":[0,0],"7":[0,0],"8":[0,0],"9":[0,0],"10":[0,0],"11":[0,0],"12":[0,0],"13":[0,0]},"_coverageSchema":"1a1c01bbd47fc00a2c39e90264f33305004495a9","hash":"e342082c1921cef901f6f2f4d048d1876450dcdb"}
,"D:\\Project\\School ERP\\ERP Backend\\controllers\\classSubject.controller.js": {"path":"D:\\Project\\School ERP\\ERP Backend\\controllers\\classSubject.controller.js","statementMap":{"0":{"start":{"line":1,"column":21},"end":{"line":1,"column":60}},"1":{"start":{"line":2,"column":33},"end":{"line":2,"column":61}},"2":{"start":{"line":4,"column":13},"end":{"line":8,"column":2}},"3":{"start":{"line":10,"column":0},"end":{"line":10,"column":41}},"4":{"start":{"line":11,"column":0},"end":{"line":11,"column":37}},"5":{"start":{"line":12,"column":0},"end":{"line":12,"column":43}},"6":{"start":{"line":13,"column":0},"end":{"line":13,"column":41}},"7":{"start":{"line":14,"column":0},"end":{"line":14,"column":41}}},"fnMap":{},"branchMap":{},"s":{"0":1,"1":1,"2":1,"3":1,"4":1,"5":1,"6":1,"7":1},"f":{},"b":{},"_coverageSchema":"1a1c01bbd47fc00a2c39e90264f33305004495a9","hash":"2f8d5835a49d8ae4e084e36fdf4cfcfb9b3e6736"}
,"D:\\Project\\School ERP\\ERP Backend\\controllers\\communication.controller.js": {"path":"D:\\Project\\School ERP\\ERP Backend\\controllers\\communication.controller.js","statementMap":{"0":{"start":{"line":1,"column":20},"end":{"line":1,"column":58}},"1":{"start":{"line":2,"column":15},"end":{"line":2,"column":48}},"2":{"start":{"line":3,"column":22},"end":{"line":3,"column":62}},"3":{"start":{"line":4,"column":33},"end":{"line":4,"column":61}},"4":{"start":{"line":5,"column":24},"end":{"line":5,"column":55}},"5":{"start":{"line":6,"column":24},"end":{"line":6,"column":58}},"6":{"start":{"line":8,"column":21},"end":{"line":8,"column":118}},"7":{"start":{"line":9,"column":21},"end":{"line":9,"column":126}},"8":{"start":{"line":11,"column":0},"end":{"line":11,"column":48}},"9":{"start":{"line":12,"column":0},"end":{"line":12,"column":44}},"10":{"start":{"line":13,"column":0},"end":{"line":13,"column":48}},"11":{"start":{"line":14,"column":0},"end":{"line":14,"column":48}},"12":{"start":{"line":16,"column":0},"end":{"line":16,"column":50}},"13":{"start":{"line":17,"column":0},"end":{"line":17,"column":46}},"14":{"start":{"line":18,"column":0},"end":{"line":18,"column":50}},"15":{"start":{"line":19,"column":0},"end":{"line":19,"column":50}},"16":{"start":{"line":21,"column":0},"end":{"line":36,"column":2}},"17":{"start":{"line":22,"column":2},"end":{"line":35,"column":3}},"18":{"start":{"line":23,"column":63},"end":{"line":23,"column":71}},"19":{"start":{"line":24,"column":16},"end":{"line":31,"column":6}},"20":{"start":{"line":32,"column":4},"end":{"line":32,"column":95}},"21":{"start":{"line":34,"column":4},"end":{"line":34,"column":23}},"22":{"start":{"line":38,"column":0},"end":{"line":45,"column":2}},"23":{"start":{"line":39,"column":2},"end":{"line":44,"column":3}},"24":{"start":{"line":40,"column":17},"end":{"line":40,"column":94}},"25":{"start":{"line":41,"column":4},"end":{"line":41,"column":44}},"26":{"start":{"line":43,"column":4},"end":{"line":43,"column":23}}},"fnMap":{"0":{"name":"(anonymous_0)","decl":{"start":{"line":21,"column":18},"end":{"line":21,"column":19}},"loc":{"start":{"line":21,"column":44},"end":{"line":36,"column":1}},"line":21},"1":{"name":"(anonymous_1)","decl":{"start":{"line":38,"column":24},"end":{"line":38,"column":25}},"loc":{"start":{"line":38,"column":50},"end":{"line":45,"column":1}},"line":38}},"branchMap":{"0":{"loc":{"start":{"line":23,"column":44},"end":{"line":23,"column":58}},"type":"default-arg","locations":[{"start":{"line":23,"column":56},"end":{"line":23,"column":58}}],"line":23}},"s":{"0":1,"1":1,"2":1,"3":1,"4":1,"5":1,"6":1,"7":1,"8":1,"9":1,"10":1,"11":1,"12":1,"13":1,"14":1,"15":1,"16":1,"17":0,"18":0,"19":0,"20":0,"21":0,"22":1,"23":0,"24":0,"25":0,"26":0},"f":{"0":0,"1":0},"b":{"0":[0]},"_coverageSchema":"1a1c01bbd47fc00a2c39e90264f33305004495a9","hash":"259631eda33394441803f4022299d7c8afd2a24d"}
,"D:\\Project\\School ERP\\ERP Backend\\controllers\\crud.controller.js": {"path":"D:\\Project\\School ERP\\ERP Backend\\controllers\\crud.controller.js","statementMap":{"0":{"start":{"line":1,"column":17},"end":{"line":1,"column":45}},"1":{"start":{"line":2,"column":21},"end":{"line":2,"column":57}},"2":{"start":{"line":3,"column":35},"end":{"line":3,"column":67}},"3":{"start":{"line":4,"column":24},"end":{"line":4,"column":55}},"4":{"start":{"line":6,"column":0},"end":{"line":122,"column":2}},"5":{"start":{"line":7,"column":23},"end":{"line":7,"column":81}},"6":{"start":{"line":7,"column":33},"end":{"line":7,"column":80}},"7":{"start":{"line":9,"column":2},"end":{"line":121,"column":4}},"8":{"start":{"line":11,"column":6},"end":{"line":30,"column":7}},"9":{"start":{"line":12,"column":24},"end":{"line":12,"column":109}},"10":{"start":{"line":13,"column":20},"end":{"line":13,"column":47}},"11":{"start":{"line":14,"column":8},"end":{"line":26,"column":11}},"12":{"start":{"line":27,"column":8},"end":{"line":27,"column":97}},"13":{"start":{"line":29,"column":8},"end":{"line":29,"column":27}},"14":{"start":{"line":33,"column":6},"end":{"line":55,"column":7}},"15":{"start":{"line":34,"column":38},"end":{"line":34,"column":62}},"16":{"start":{"line":35,"column":23},"end":{"line":35,"column":40}},"17":{"start":{"line":36,"column":8},"end":{"line":38,"column":9}},"18":{"start":{"line":37,"column":10},"end":{"line":37,"column":101}},"19":{"start":{"line":37,"column":46},"end":{"line":37,"column":98}},"20":{"start":{"line":39,"column":21},"end":{"line":39,"column":94}},"21":{"start":{"line":40,"column":27},"end":{"line":40,"column":61}},"22":{"start":{"line":41,"column":8},"end":{"line":52,"column":11}},"23":{"start":{"line":54,"column":8},"end":{"line":54,"column":27}},"24":{"start":{"line":58,"column":6},"end":{"line":66,"column":7}},"25":{"start":{"line":59,"column":20},"end":{"line":59,"column":85}},"26":{"start":{"line":60,"column":8},"end":{"line":62,"column":9}},"27":{"start":{"line":61,"column":10},"end":{"line":61,"column":76}},"28":{"start":{"line":63,"column":8},"end":{"line":63,"column":47}},"29":{"start":{"line":65,"column":8},"end":{"line":65,"column":27}},"30":{"start":{"line":69,"column":6},"end":{"line":94,"column":7}},"31":{"start":{"line":70,"column":20},"end":{"line":70,"column":85}},"32":{"start":{"line":71,"column":8},"end":{"line":73,"column":9}},"33":{"start":{"line":72,"column":10},"end":{"line":72,"column":76}},"34":{"start":{"line":74,"column":23},"end":{"line":74,"column":37}},"35":{"start":{"line":75,"column":8},"end":{"line":75,"column":66}},"36":{"start":{"line":76,"column":8},"end":{"line":76,"column":25}},"37":{"start":{"line":77,"column":8},"end":{"line":90,"column":11}},"38":{"start":{"line":91,"column":8},"end":{"line":91,"column":80}},"39":{"start":{"line":93,"column":8},"end":{"line":93,"column":27}},"40":{"start":{"line":97,"column":6},"end":{"line":119,"column":7}},"41":{"start":{"line":98,"column":20},"end":{"line":98,"column":94}},"42":{"start":{"line":99,"column":8},"end":{"line":101,"column":9}},"43":{"start":{"line":100,"column":10},"end":{"line":100,"column":76}},"44":{"start":{"line":102,"column":8},"end":{"line":115,"column":11}},"45":{"start":{"line":116,"column":8},"end":{"line":116,"column":80}},"46":{"start":{"line":118,"column":8},"end":{"line":118,"column":27}}},"fnMap":{"0":{"name":"(anonymous_0)","decl":{"start":{"line":6,"column":31},"end":{"line":6,"column":32}},"loc":{"start":{"line":6,"column":75},"end":{"line":122,"column":1}},"line":6},"1":{"name":"(anonymous_1)","decl":{"start":{"line":7,"column":23},"end":{"line":7,"column":24}},"loc":{"start":{"line":7,"column":33},"end":{"line":7,"column":80}},"line":7},"2":{"name":"(anonymous_2)","decl":{"start":{"line":10,"column":12},"end":{"line":10,"column":13}},"loc":{"start":{"line":10,"column":38},"end":{"line":31,"column":5}},"line":10},"3":{"name":"(anonymous_3)","decl":{"start":{"line":32,"column":10},"end":{"line":32,"column":11}},"loc":{"start":{"line":32,"column":36},"end":{"line":56,"column":5}},"line":32},"4":{"name":"(anonymous_4)","decl":{"start":{"line":37,"column":38},"end":{"line":37,"column":39}},"loc":{"start":{"line":37,"column":46},"end":{"line":37,"column":98}},"line":37},"5":{"name":"(anonymous_5)","decl":{"start":{"line":57,"column":13},"end":{"line":57,"column":14}},"loc":{"start":{"line":57,"column":39},"end":{"line":67,"column":5}},"line":57},"6":{"name":"(anonymous_6)","decl":{"start":{"line":68,"column":12},"end":{"line":68,"column":13}},"loc":{"start":{"line":68,"column":38},"end":{"line":95,"column":5}},"line":68},"7":{"name":"(anonymous_7)","decl":{"start":{"line":96,"column":12},"end":{"line":96,"column":13}},"loc":{"start":{"line":96,"column":38},"end":{"line":120,"column":5}},"line":96}},"branchMap":{"0":{"loc":{"start":{"line":6,"column":53},"end":{"line":6,"column":68}},"type":"default-arg","locations":[{"start":{"line":6,"column":66},"end":{"line":6,"column":68}}],"line":6},"1":{"loc":{"start":{"line":7,"column":45},"end":{"line":7,"column":78}},"type":"binary-expr","locations":[{"start":{"line":7,"column":45},"end":{"line":7,"column":57}},{"start":{"line":7,"column":61},"end":{"line":7,"column":78}}],"line":7},"2":{"loc":{"start":{"line":12,"column":49},"end":{"line":12,"column":82}},"type":"binary-expr","locations":[{"start":{"line":12,"column":49},"end":{"line":12,"column":61}},{"start":{"line":12,"column":65},"end":{"line":12,"column":82}}],"line":12},"3":{"loc":{"start":{"line":36,"column":8},"end":{"line":38,"column":9}},"type":"if","locations":[{"start":{"line":36,"column":8},"end":{"line":38,"column":9}},{"start":{},"end":{}}],"line":36},"4":{"loc":{"start":{"line":36,"column":12},"end":{"line":36,"column":49}},"type":"binary-expr","locations":[{"start":{"line":36,"column":12},"end":{"line":36,"column":28}},{"start":{"line":36,"column":32},"end":{"line":36,"column":49}}],"line":36},"5":{"loc":{"start":{"line":46,"column":24},"end":{"line":46,"column":58}},"type":"binary-expr","locations":[{"start":{"line":46,"column":24},"end":{"line":46,"column":53}},{"start":{"line":46,"column":57},"end":{"line":46,"column":58}}],"line":46},"6":{"loc":{"start":{"line":60,"column":8},"end":{"line":62,"column":9}},"type":"if","locations":[{"start":{"line":60,"column":8},"end":{"line":62,"column":9}},{"start":{},"end":{}}],"line":60},"7":{"loc":{"start":{"line":71,"column":8},"end":{"line":73,"column":9}},"type":"if","locations":[{"start":{"line":71,"column":8},"end":{"line":73,"column":9}},{"start":{},"end":{}}],"line":71},"8":{"loc":{"start":{"line":99,"column":8},"end":{"line":101,"column":9}},"type":"if","locations":[{"start":{"line":99,"column":8},"end":{"line":101,"column":9}},{"start":{},"end":{}}],"line":99}},"s":{"0":1,"1":1,"2":1,"3":1,"4":1,"5":14,"6":0,"7":14,"8":0,"9":0,"10":0,"11":0,"12":0,"13":0,"14":0,"15":0,"16":0,"17":0,"18":0,"19":0,"20":0,"21":0,"22":0,"23":0,"24":0,"25":0,"26":0,"27":0,"28":0,"29":0,"30":0,"31":0,"32":0,"33":0,"34":0,"35":0,"36":0,"37":0,"38":0,"39":0,"40":0,"41":0,"42":0,"43":0,"44":0,"45":0,"46":0},"f":{"0":14,"1":0,"2":0,"3":0,"4":0,"5":0,"6":0,"7":0},"b":{"0":[2],"1":[0,0],"2":[0,0],"3":[0,0],"4":[0,0],"5":[0,0],"6":[0,0],"7":[0,0],"8":[0,0]},"_coverageSchema":"1a1c01bbd47fc00a2c39e90264f33305004495a9","hash":"4eeaa14172ae193a0b0948b953a26bb48d52c3f8"}
,"D:\\Project\\School ERP\\ERP Backend\\controllers\\exam.controller.js": {"path":"D:\\Project\\School ERP\\ERP Backend\\controllers\\exam.controller.js","statementMap":{"0":{"start":{"line":1,"column":13},"end":{"line":1,"column":44}},"1":{"start":{"line":2,"column":15},"end":{"line":2,"column":48}},"2":{"start":{"line":3,"column":17},"end":{"line":3,"column":52}},"3":{"start":{"line":4,"column":16},"end":{"line":4,"column":50}},"4":{"start":{"line":5,"column":33},"end":{"line":5,"column":61}},"5":{"start":{"line":6,"column":24},"end":{"line":6,"column":55}},"6":{"start":{"line":7,"column":17},"end":{"line":7,"column":45}},"7":{"start":{"line":9,"column":17},"end":{"line":9,"column":128}},"8":{"start":{"line":10,"column":21},"end":{"line":10,"column":135}},"9":{"start":{"line":12,"column":0},"end":{"line":12,"column":37}},"10":{"start":{"line":13,"column":0},"end":{"line":13,"column":33}},"11":{"start":{"line":14,"column":0},"end":{"line":14,"column":37}},"12":{"start":{"line":15,"column":0},"end":{"line":15,"column":37}},"13":{"start":{"line":17,"column":0},"end":{"line":17,"column":45}},"14":{"start":{"line":18,"column":0},"end":{"line":18,"column":40}},"15":{"start":{"line":19,"column":0},"end":{"line":19,"column":45}},"16":{"start":{"line":20,"column":0},"end":{"line":20,"column":45}},"17":{"start":{"line":22,"column":0},"end":{"line":81,"column":2}},"18":{"start":{"line":23,"column":2},"end":{"line":80,"column":3}},"19":{"start":{"line":24,"column":37},"end":{"line":24,"column":45}},"20":{"start":{"line":25,"column":17},"end":{"line":25,"column":76}},"21":{"start":{"line":26,"column":4},"end":{"line":26,"column":77}},"22":{"start":{"line":26,"column":15},"end":{"line":26,"column":77}},"23":{"start":{"line":27,"column":25},"end":{"line":27,"column":60}},"24":{"start":{"line":29,"column":21},"end":{"line":37,"column":5}},"25":{"start":{"line":30,"column":6},"end":{"line":30,"column":40}},"26":{"start":{"line":30,"column":28},"end":{"line":30,"column":40}},"27":{"start":{"line":31,"column":6},"end":{"line":31,"column":39}},"28":{"start":{"line":31,"column":28},"end":{"line":31,"column":39}},"29":{"start":{"line":32,"column":6},"end":{"line":32,"column":40}},"30":{"start":{"line":32,"column":28},"end":{"line":32,"column":40}},"31":{"start":{"line":33,"column":6},"end":{"line":33,"column":39}},"32":{"start":{"line":33,"column":28},"end":{"line":33,"column":39}},"33":{"start":{"line":34,"column":6},"end":{"line":34,"column":39}},"34":{"start":{"line":34,"column":28},"end":{"line":34,"column":39}},"35":{"start":{"line":35,"column":6},"end":{"line":35,"column":39}},"36":{"start":{"line":35,"column":28},"end":{"line":35,"column":39}},"37":{"start":{"line":36,"column":6},"end":{"line":36,"column":17}},"38":{"start":{"line":39,"column":16},"end":{"line":63,"column":6}},"39":{"start":{"line":40,"column":25},"end":{"line":40,"column":69}},"40":{"start":{"line":41,"column":25},"end":{"line":41,"column":89}},"41":{"start":{"line":42,"column":20},"end":{"line":42,"column":40}},"42":{"start":{"line":43,"column":19},"end":{"line":43,"column":58}},"43":{"start":{"line":44,"column":6},"end":{"line":62,"column":8}},"44":{"start":{"line":64,"column":19},"end":{"line":64,"column":66}},"45":{"start":{"line":65,"column":22},"end":{"line":65,"column":114}},"46":{"start":{"line":66,"column":15},"end":{"line":66,"column":16}},"47":{"start":{"line":67,"column":20},"end":{"line":67,"column":24}},"48":{"start":{"line":68,"column":4},"end":{"line":76,"column":5}},"49":{"start":{"line":68,"column":17},"end":{"line":68,"column":18}},"50":{"start":{"line":69,"column":18},"end":{"line":69,"column":30}},"51":{"start":{"line":70,"column":6},"end":{"line":72,"column":7}},"52":{"start":{"line":71,"column":8},"end":{"line":71,"column":21}},"53":{"start":{"line":73,"column":6},"end":{"line":73,"column":33}},"54":{"start":{"line":74,"column":6},"end":{"line":74,"column":22}},"55":{"start":{"line":75,"column":6},"end":{"line":75,"column":23}},"56":{"start":{"line":77,"column":4},"end":{"line":77,"column":85}},"57":{"start":{"line":79,"column":4},"end":{"line":79,"column":23}},"58":{"start":{"line":83,"column":0},"end":{"line":90,"column":2}},"59":{"start":{"line":84,"column":2},"end":{"line":89,"column":3}},"60":{"start":{"line":85,"column":17},"end":{"line":85,"column":89}},"61":{"start":{"line":86,"column":4},"end":{"line":86,"column":44}},"62":{"start":{"line":88,"column":4},"end":{"line":88,"column":23}},"63":{"start":{"line":92,"column":0},"end":{"line":102,"column":2}},"64":{"start":{"line":93,"column":2},"end":{"line":101,"column":3}},"65":{"start":{"line":94,"column":23},"end":{"line":94,"column":32}},"66":{"start":{"line":95,"column":17},"end":{"line":97,"column":40}},"67":{"start":{"line":98,"column":4},"end":{"line":98,"column":84}},"68":{"start":{"line":100,"column":4},"end":{"line":100,"column":23}},"69":{"start":{"line":104,"column":0},"end":{"line":127,"column":2}},"70":{"start":{"line":105,"column":2},"end":{"line":126,"column":3}},"71":{"start":{"line":106,"column":20},"end":{"line":106,"column":114}},"72":{"start":{"line":107,"column":4},"end":{"line":107,"column":83}},"73":{"start":{"line":107,"column":18},"end":{"line":107,"column":83}},"74":{"start":{"line":108,"column":20},"end":{"line":111,"column":5}},"75":{"start":{"line":112,"column":4},"end":{"line":123,"column":7}},"76":{"start":{"line":119,"column":47},"end":{"line":119,"column":70}},"77":{"start":{"line":125,"column":4},"end":{"line":125,"column":23}}},"fnMap":{"0":{"name":"(anonymous_0)","decl":{"start":{"line":22,"column":28},"end":{"line":22,"column":29}},"loc":{"start":{"line":22,"column":54},"end":{"line":81,"column":1}},"line":22},"1":{"name":"(anonymous_1)","decl":{"start":{"line":29,"column":21},"end":{"line":29,"column":22}},"loc":{"start":{"line":29,"column":37},"end":{"line":37,"column":5}},"line":29},"2":{"name":"(anonymous_2)","decl":{"start":{"line":39,"column":28},"end":{"line":39,"column":29}},"loc":{"start":{"line":39,"column":35},"end":{"line":63,"column":5}},"line":39},"3":{"name":"(anonymous_3)","decl":{"start":{"line":83,"column":27},"end":{"line":83,"column":28}},"loc":{"start":{"line":83,"column":53},"end":{"line":90,"column":1}},"line":83},"4":{"name":"(anonymous_4)","decl":{"start":{"line":92,"column":23},"end":{"line":92,"column":24}},"loc":{"start":{"line":92,"column":49},"end":{"line":102,"column":1}},"line":92},"5":{"name":"(anonymous_5)","decl":{"start":{"line":104,"column":24},"end":{"line":104,"column":25}},"loc":{"start":{"line":104,"column":50},"end":{"line":127,"column":1}},"line":104},"6":{"name":"(anonymous_6)","decl":{"start":{"line":119,"column":37},"end":{"line":119,"column":38}},"loc":{"start":{"line":119,"column":47},"end":{"line":119,"column":70}},"line":119}},"branchMap":{"0":{"loc":{"start":{"line":24,"column":20},"end":{"line":24,"column":32}},"type":"default-arg","locations":[{"start":{"line":24,"column":30},"end":{"line":24,"column":32}}],"line":24},"1":{"loc":{"start":{"line":26,"column":4},"end":{"line":26,"column":77}},"type":"if","locations":[{"start":{"line":26,"column":4},"end":{"line":26,"column":77}},{"start":{},"end":{}}],"line":26},"2":{"loc":{"start":{"line":27,"column":32},"end":{"line":27,"column":59}},"type":"binary-expr","locations":[{"start":{"line":27,"column":32},"end":{"line":27,"column":53}},{"start":{"line":27,"column":57},"end":{"line":27,"column":59}}],"line":27},"3":{"loc":{"start":{"line":30,"column":6},"end":{"line":30,"column":40}},"type":"if","locations":[{"start":{"line":30,"column":6},"end":{"line":30,"column":40}},{"start":{},"end":{}}],"line":30},"4":{"loc":{"start":{"line":31,"column":6},"end":{"line":31,"column":39}},"type":"if","locations":[{"start":{"line":31,"column":6},"end":{"line":31,"column":39}},{"start":{},"end":{}}],"line":31},"5":{"loc":{"start":{"line":32,"column":6},"end":{"line":32,"column":40}},"type":"if","locations":[{"start":{"line":32,"column":6},"end":{"line":32,"column":40}},{"start":{},"end":{}}],"line":32},"6":{"loc":{"start":{"line":33,"column":6},"end":{"line":33,"column":39}},"type":"if","locations":[{"start":{"line":33,"column":6},"end":{"line":33,"column":39}},{"start":{},"end":{}}],"line":33},"7":{"loc":{"start":{"line":34,"column":6},"end":{"line":34,"column":39}},"type":"if","locations":[{"start":{"line":34,"column":6},"end":{"line":34,"column":39}},{"start":{},"end":{}}],"line":34},"8":{"loc":{"start":{"line":35,"column":6},"end":{"line":35,"column":39}},"type":"if","locations":[{"start":{"line":35,"column":6},"end":{"line":35,"column":39}},{"start":{},"end":{}}],"line":35},"9":{"loc":{"start":{"line":40,"column":26},"end":{"line":40,"column":44}},"type":"binary-expr","locations":[{"start":{"line":40,"column":26},"end":{"line":40,"column":39}},{"start":{"line":40,"column":43},"end":{"line":40,"column":44}}],"line":40},"10":{"loc":{"start":{"line":40,"column":49},"end":{"line":40,"column":68}},"type":"binary-expr","locations":[{"start":{"line":40,"column":49},"end":{"line":40,"column":63}},{"start":{"line":40,"column":67},"end":{"line":40,"column":68}}],"line":40},"11":{"loc":{"start":{"line":41,"column":48},"end":{"line":41,"column":68}},"type":"binary-expr","locations":[{"start":{"line":41,"column":48},"end":{"line":41,"column":61}},{"start":{"line":41,"column":65},"end":{"line":41,"column":68}}],"line":41},"12":{"loc":{"start":{"line":43,"column":19},"end":{"line":43,"column":58}},"type":"binary-expr","locations":[{"start":{"line":43,"column":19},"end":{"line":43,"column":45}},{"start":{"line":43,"column":49},"end":{"line":43,"column":58}}],"line":43},"13":{"loc":{"start":{"line":70,"column":6},"end":{"line":72,"column":7}},"type":"if","locations":[{"start":{"line":70,"column":6},"end":{"line":72,"column":7}},{"start":{},"end":{}}],"line":70},"14":{"loc":{"start":{"line":70,"column":10},"end":{"line":70,"column":58}},"type":"binary-expr","locations":[{"start":{"line":70,"column":10},"end":{"line":70,"column":28}},{"start":{"line":70,"column":32},"end":{"line":70,"column":58}}],"line":70},"15":{"loc":{"start":{"line":98,"column":57},"end":{"line":98,"column":78}},"type":"binary-expr","locations":[{"start":{"line":98,"column":57},"end":{"line":98,"column":72}},{"start":{"line":98,"column":76},"end":{"line":98,"column":78}}],"line":98},"16":{"loc":{"start":{"line":107,"column":4},"end":{"line":107,"column":83}},"type":"if","locations":[{"start":{"line":107,"column":4},"end":{"line":107,"column":83}},{"start":{},"end":{}}],"line":107},"17":{"loc":{"start":{"line":118,"column":29},"end":{"line":120,"column":15}},"type":"cond-expr","locations":[{"start":{"line":119,"column":14},"end":{"line":119,"column":104}},{"start":{"line":120,"column":14},"end":{"line":120,"column":15}}],"line":118},"18":{"loc":{"start":{"line":119,"column":52},"end":{"line":119,"column":69}},"type":"binary-expr","locations":[{"start":{"line":119,"column":52},"end":{"line":119,"column":64}},{"start":{"line":119,"column":68},"end":{"line":119,"column":69}}],"line":119}},"s":{"0":1,"1":1,"2":1,"3":1,"4":1,"5":1,"6":1,"7":1,"8":1,"9":1,"10":1,"11":1,"12":1,"13":1,"14":1,"15":1,"16":1,"17":1,"18":0,"19":0,"20":0,"21":0,"22":0,"23":0,"24":0,"25":0,"26":0,"27":0,"28":0,"29":0,"30":0,"31":0,"32":0,"33":0,"34":0,"35":0,"36":0,"37":0,"38":0,"39":0,"40":0,"41":0,"42":0,"43":0,"44":0,"45":0,"46":0,"47":0,"48":0,"49":0,"50":0,"51":0,"52":0,"53":0,"54":0,"55":0,"56":0,"57":0,"58":1,"59":0,"60":0,"61":0,"62":0,"63":1,"64":0,"65":0,"66":0,"67":0,"68":0,"69":1,"70":0,"71":0,"72":0,"73":0,"74":0,"75":0,"76":0,"77":0},"f":{"0":0,"1":0,"2":0,"3":0,"4":0,"5":0,"6":0},"b":{"0":[0],"1":[0,0],"2":[0,0],"3":[0,0],"4":[0,0],"5":[0,0],"6":[0,0],"7":[0,0],"8":[0,0],"9":[0,0],"10":[0,0],"11":[0,0],"12":[0,0],"13":[0,0],"14":[0,0],"15":[0,0],"16":[0,0],"17":[0,0],"18":[0,0]},"_coverageSchema":"1a1c01bbd47fc00a2c39e90264f33305004495a9","hash":"7592f8a521716f34b0bb04b843779fac704abe7b"}
,"D:\\Project\\School ERP\\ERP Backend\\controllers\\finance.controller.js": {"path":"D:\\Project\\School ERP\\ERP Backend\\controllers\\finance.controller.js","statementMap":{"0":{"start":{"line":1,"column":21},"end":{"line":1,"column":60}},"1":{"start":{"line":2,"column":22},"end":{"line":2,"column":62}},"2":{"start":{"line":3,"column":17},"end":{"line":3,"column":52}},"3":{"start":{"line":4,"column":16},"end":{"line":4,"column":50}},"4":{"start":{"line":5,"column":15},"end":{"line":5,"column":48}},"5":{"start":{"line":6,"column":16},"end":{"line":6,"column":50}},"6":{"start":{"line":7,"column":16},"end":{"line":7,"column":50}},"7":{"start":{"line":8,"column":33},"end":{"line":8,"column":61}},"8":{"start":{"line":9,"column":24},"end":{"line":9,"column":55}},"9":{"start":{"line":10,"column":17},"end":{"line":10,"column":45}},"10":{"start":{"line":11,"column":21},"end":{"line":11,"column":57}},"11":{"start":{"line":13,"column":25},"end":{"line":13,"column":132}},"12":{"start":{"line":14,"column":21},"end":{"line":14,"column":86}},"13":{"start":{"line":15,"column":20},"end":{"line":15,"column":134}},"14":{"start":{"line":17,"column":0},"end":{"line":17,"column":53}},"15":{"start":{"line":18,"column":0},"end":{"line":18,"column":49}},"16":{"start":{"line":19,"column":0},"end":{"line":19,"column":53}},"17":{"start":{"line":20,"column":0},"end":{"line":20,"column":53}},"18":{"start":{"line":22,"column":0},"end":{"line":22,"column":45}},"19":{"start":{"line":23,"column":0},"end":{"line":23,"column":41}},"20":{"start":{"line":24,"column":0},"end":{"line":24,"column":45}},"21":{"start":{"line":26,"column":0},"end":{"line":26,"column":43}},"22":{"start":{"line":27,"column":0},"end":{"line":27,"column":39}},"23":{"start":{"line":28,"column":0},"end":{"line":28,"column":43}},"24":{"start":{"line":30,"column":0},"end":{"line":107,"column":2}},"25":{"start":{"line":31,"column":2},"end":{"line":106,"column":3}},"26":{"start":{"line":32,"column":68},"end":{"line":32,"column":76}},"27":{"start":{"line":33,"column":20},"end":{"line":33,"column":103}},"28":{"start":{"line":34,"column":4},"end":{"line":36,"column":5}},"29":{"start":{"line":35,"column":6},"end":{"line":35,"column":71}},"30":{"start":{"line":38,"column":20},"end":{"line":42,"column":5}},"31":{"start":{"line":43,"column":17},"end":{"line":43,"column":41}},"32":{"start":{"line":44,"column":22},"end":{"line":44,"column":78}},"33":{"start":{"line":46,"column":16},"end":{"line":46,"column":26}},"34":{"start":{"line":47,"column":21},"end":{"line":53,"column":30}},"35":{"start":{"line":55,"column":27},"end":{"line":59,"column":9}},"36":{"start":{"line":60,"column":22},"end":{"line":60,"column":66}},"37":{"start":{"line":62,"column":20},"end":{"line":74,"column":6}},"38":{"start":{"line":76,"column":4},"end":{"line":76,"column":113}},"39":{"start":{"line":78,"column":4},"end":{"line":87,"column":7}},"40":{"start":{"line":89,"column":4},"end":{"line":101,"column":7}},"41":{"start":{"line":103,"column":4},"end":{"line":103,"column":103}},"42":{"start":{"line":105,"column":4},"end":{"line":105,"column":23}},"43":{"start":{"line":109,"column":0},"end":{"line":116,"column":2}},"44":{"start":{"line":110,"column":2},"end":{"line":115,"column":3}},"45":{"start":{"line":111,"column":17},"end":{"line":111,"column":93}},"46":{"start":{"line":112,"column":4},"end":{"line":112,"column":44}},"47":{"start":{"line":114,"column":4},"end":{"line":114,"column":23}},"48":{"start":{"line":118,"column":0},"end":{"line":135,"column":2}},"49":{"start":{"line":119,"column":2},"end":{"line":134,"column":3}},"50":{"start":{"line":120,"column":20},"end":{"line":123,"column":5}},"51":{"start":{"line":124,"column":4},"end":{"line":124,"column":83}},"52":{"start":{"line":124,"column":18},"end":{"line":124,"column":83}},"53":{"start":{"line":125,"column":4},"end":{"line":131,"column":7}},"54":{"start":{"line":133,"column":4},"end":{"line":133,"column":23}},"55":{"start":{"line":137,"column":0},"end":{"line":145,"column":2}},"56":{"start":{"line":138,"column":2},"end":{"line":144,"column":3}},"57":{"start":{"line":139,"column":17},"end":{"line":140,"column":91}},"58":{"start":{"line":141,"column":4},"end":{"line":141,"column":44}},"59":{"start":{"line":143,"column":4},"end":{"line":143,"column":23}},"60":{"start":{"line":147,"column":0},"end":{"line":165,"column":2}},"61":{"start":{"line":148,"column":2},"end":{"line":164,"column":3}},"62":{"start":{"line":149,"column":17},"end":{"line":149,"column":67}},"63":{"start":{"line":150,"column":20},"end":{"line":160,"column":6}},"64":{"start":{"line":161,"column":4},"end":{"line":161,"column":47}},"65":{"start":{"line":163,"column":4},"end":{"line":163,"column":23}},"66":{"start":{"line":167,"column":0},"end":{"line":190,"column":2}},"67":{"start":{"line":168,"column":2},"end":{"line":189,"column":3}},"68":{"start":{"line":169,"column":18},"end":{"line":169,"column":76}},"69":{"start":{"line":170,"column":16},"end":{"line":170,"column":70}},"70":{"start":{"line":171,"column":23},"end":{"line":171,"column":79}},"71":{"start":{"line":172,"column":22},"end":{"line":175,"column":6}},"72":{"start":{"line":176,"column":28},"end":{"line":179,"column":6}},"73":{"start":{"line":180,"column":23},"end":{"line":183,"column":6}},"74":{"start":{"line":184,"column":19},"end":{"line":184,"column":82}},"75":{"start":{"line":185,"column":20},"end":{"line":185,"column":47}},"76":{"start":{"line":186,"column":4},"end":{"line":186,"column":85}},"77":{"start":{"line":188,"column":4},"end":{"line":188,"column":23}},"78":{"start":{"line":192,"column":0},"end":{"line":212,"column":2}},"79":{"start":{"line":193,"column":2},"end":{"line":211,"column":3}},"80":{"start":{"line":194,"column":17},"end":{"line":194,"column":67}},"81":{"start":{"line":195,"column":20},"end":{"line":195,"column":22}},"82":{"start":{"line":196,"column":4},"end":{"line":207,"column":5}},"83":{"start":{"line":196,"column":21},"end":{"line":196,"column":22}},"84":{"start":{"line":197,"column":20},"end":{"line":197,"column":48}},"85":{"start":{"line":198,"column":18},"end":{"line":198,"column":59}},"86":{"start":{"line":199,"column":48},"end":{"line":203,"column":8}},"87":{"start":{"line":204,"column":21},"end":{"line":204,"column":70}},"88":{"start":{"line":205,"column":18},"end":{"line":205,"column":36}},"89":{"start":{"line":206,"column":6},"end":{"line":206,"column":77}},"90":{"start":{"line":208,"column":4},"end":{"line":208,"column":47}},"91":{"start":{"line":210,"column":4},"end":{"line":210,"column":23}},"92":{"start":{"line":214,"column":0},"end":{"line":224,"column":2}},"93":{"start":{"line":215,"column":2},"end":{"line":223,"column":3}},"94":{"start":{"line":216,"column":19},"end":{"line":216,"column":35}},"95":{"start":{"line":217,"column":19},"end":{"line":217,"column":45}},"96":{"start":{"line":218,"column":4},"end":{"line":218,"column":39}},"97":{"start":{"line":218,"column":16},"end":{"line":218,"column":39}},"98":{"start":{"line":219,"column":21},"end":{"line":219,"column":66}},"99":{"start":{"line":220,"column":4},"end":{"line":220,"column":48}},"100":{"start":{"line":222,"column":4},"end":{"line":222,"column":23}},"101":{"start":{"line":226,"column":0},"end":{"line":238,"column":2}},"102":{"start":{"line":227,"column":2},"end":{"line":237,"column":3}},"103":{"start":{"line":228,"column":21},"end":{"line":232,"column":5}},"104":{"start":{"line":233,"column":4},"end":{"line":233,"column":85}},"105":{"start":{"line":233,"column":19},"end":{"line":233,"column":85}},"106":{"start":{"line":234,"column":4},"end":{"line":234,"column":78}},"107":{"start":{"line":236,"column":4},"end":{"line":236,"column":23}},"108":{"start":{"line":240,"column":0},"end":{"line":257,"column":2}},"109":{"start":{"line":241,"column":2},"end":{"line":256,"column":3}},"110":{"start":{"line":242,"column":21},"end":{"line":251,"column":5}},"111":{"start":{"line":252,"column":4},"end":{"line":252,"column":85}},"112":{"start":{"line":252,"column":19},"end":{"line":252,"column":85}},"113":{"start":{"line":253,"column":4},"end":{"line":253,"column":78}},"114":{"start":{"line":255,"column":4},"end":{"line":255,"column":23}},"115":{"start":{"line":259,"column":0},"end":{"line":271,"column":2}},"116":{"start":{"line":260,"column":2},"end":{"line":270,"column":3}},"117":{"start":{"line":261,"column":21},"end":{"line":265,"column":5}},"118":{"start":{"line":266,"column":4},"end":{"line":266,"column":85}},"119":{"start":{"line":266,"column":19},"end":{"line":266,"column":85}},"120":{"start":{"line":267,"column":4},"end":{"line":267,"column":77}},"121":{"start":{"line":269,"column":4},"end":{"line":269,"column":23}}},"fnMap":{"0":{"name":"(anonymous_0)","decl":{"start":{"line":30,"column":21},"end":{"line":30,"column":22}},"loc":{"start":{"line":30,"column":47},"end":{"line":107,"column":1}},"line":30},"1":{"name":"(anonymous_1)","decl":{"start":{"line":109,"column":28},"end":{"line":109,"column":29}},"loc":{"start":{"line":109,"column":54},"end":{"line":116,"column":1}},"line":109},"2":{"name":"(anonymous_2)","decl":{"start":{"line":118,"column":24},"end":{"line":118,"column":25}},"loc":{"start":{"line":118,"column":50},"end":{"line":135,"column":1}},"line":118},"3":{"name":"(anonymous_3)","decl":{"start":{"line":137,"column":27},"end":{"line":137,"column":28}},"loc":{"start":{"line":137,"column":53},"end":{"line":145,"column":1}},"line":137},"4":{"name":"(anonymous_4)","decl":{"start":{"line":147,"column":31},"end":{"line":147,"column":32}},"loc":{"start":{"line":147,"column":57},"end":{"line":165,"column":1}},"line":147},"5":{"name":"(anonymous_5)","decl":{"start":{"line":167,"column":17},"end":{"line":167,"column":18}},"loc":{"start":{"line":167,"column":43},"end":{"line":190,"column":1}},"line":167},"6":{"name":"(anonymous_6)","decl":{"start":{"line":192,"column":28},"end":{"line":192,"column":29}},"loc":{"start":{"line":192,"column":54},"end":{"line":212,"column":1}},"line":192},"7":{"name":"(anonymous_7)","decl":{"start":{"line":214,"column":26},"end":{"line":214,"column":27}},"loc":{"start":{"line":214,"column":52},"end":{"line":224,"column":1}},"line":214},"8":{"name":"(anonymous_8)","decl":{"start":{"line":226,"column":26},"end":{"line":226,"column":27}},"loc":{"start":{"line":226,"column":52},"end":{"line":238,"column":1}},"line":226},"9":{"name":"(anonymous_9)","decl":{"start":{"line":240,"column":25},"end":{"line":240,"column":26}},"loc":{"start":{"line":240,"column":51},"end":{"line":257,"column":1}},"line":240},"10":{"name":"(anonymous_10)","decl":{"start":{"line":259,"column":25},"end":{"line":259,"column":26}},"loc":{"start":{"line":259,"column":51},"end":{"line":271,"column":1}},"line":259}},"branchMap":{"0":{"loc":{"start":{"line":32,"column":46},"end":{"line":32,"column":63}},"type":"default-arg","locations":[{"start":{"line":32,"column":62},"end":{"line":32,"column":63}}],"line":32},"1":{"loc":{"start":{"line":34,"column":4},"end":{"line":36,"column":5}},"type":"if","locations":[{"start":{"line":34,"column":4},"end":{"line":36,"column":5}},{"start":{},"end":{}}],"line":34},"2":{"loc":{"start":{"line":55,"column":27},"end":{"line":59,"column":9}},"type":"cond-expr","locations":[{"start":{"line":56,"column":8},"end":{"line":58,"column":42}},{"start":{"line":59,"column":8},"end":{"line":59,"column":9}}],"line":55},"3":{"loc":{"start":{"line":56,"column":8},"end":{"line":58,"column":42}},"type":"cond-expr","locations":[{"start":{"line":57,"column":10},"end":{"line":57,"column":62}},{"start":{"line":58,"column":10},"end":{"line":58,"column":42}}],"line":56},"4":{"loc":{"start":{"line":124,"column":4},"end":{"line":124,"column":83}},"type":"if","locations":[{"start":{"line":124,"column":4},"end":{"line":124,"column":83}},{"start":{},"end":{}}],"line":124},"5":{"loc":{"start":{"line":149,"column":24},"end":{"line":149,"column":66}},"type":"binary-expr","locations":[{"start":{"line":149,"column":24},"end":{"line":149,"column":38}},{"start":{"line":149,"column":42},"end":{"line":149,"column":66}}],"line":149},"6":{"loc":{"start":{"line":169,"column":18},"end":{"line":169,"column":76}},"type":"cond-expr","locations":[{"start":{"line":169,"column":40},"end":{"line":169,"column":69}},{"start":{"line":169,"column":72},"end":{"line":169,"column":76}}],"line":169},"7":{"loc":{"start":{"line":170,"column":16},"end":{"line":170,"column":70}},"type":"cond-expr","locations":[{"start":{"line":170,"column":36},"end":{"line":170,"column":63}},{"start":{"line":170,"column":66},"end":{"line":170,"column":70}}],"line":170},"8":{"loc":{"start":{"line":171,"column":23},"end":{"line":171,"column":79}},"type":"cond-expr","locations":[{"start":{"line":171,"column":38},"end":{"line":171,"column":74}},{"start":{"line":171,"column":77},"end":{"line":171,"column":79}}],"line":171},"9":{"loc":{"start":{"line":171,"column":23},"end":{"line":171,"column":35}},"type":"binary-expr","locations":[{"start":{"line":171,"column":23},"end":{"line":171,"column":28}},{"start":{"line":171,"column":32},"end":{"line":171,"column":35}}],"line":171},"10":{"loc":{"start":{"line":184,"column":20},"end":{"line":184,"column":45}},"type":"binary-expr","locations":[{"start":{"line":184,"column":20},"end":{"line":184,"column":40}},{"start":{"line":184,"column":44},"end":{"line":184,"column":45}}],"line":184},"11":{"loc":{"start":{"line":184,"column":50},"end":{"line":184,"column":81}},"type":"binary-expr","locations":[{"start":{"line":184,"column":50},"end":{"line":184,"column":76}},{"start":{"line":184,"column":80},"end":{"line":184,"column":81}}],"line":184},"12":{"loc":{"start":{"line":185,"column":20},"end":{"line":185,"column":47}},"type":"binary-expr","locations":[{"start":{"line":185,"column":20},"end":{"line":185,"column":42}},{"start":{"line":185,"column":46},"end":{"line":185,"column":47}}],"line":185},"13":{"loc":{"start":{"line":194,"column":24},"end":{"line":194,"column":66}},"type":"binary-expr","locations":[{"start":{"line":194,"column":24},"end":{"line":194,"column":38}},{"start":{"line":194,"column":42},"end":{"line":194,"column":66}}],"line":194},"14":{"loc":{"start":{"line":204,"column":22},"end":{"line":204,"column":42}},"type":"binary-expr","locations":[{"start":{"line":204,"column":22},"end":{"line":204,"column":37}},{"start":{"line":204,"column":41},"end":{"line":204,"column":42}}],"line":204},"15":{"loc":{"start":{"line":204,"column":47},"end":{"line":204,"column":69}},"type":"binary-expr","locations":[{"start":{"line":204,"column":47},"end":{"line":204,"column":64}},{"start":{"line":204,"column":68},"end":{"line":204,"column":69}}],"line":204},"16":{"loc":{"start":{"line":205,"column":18},"end":{"line":205,"column":36}},"type":"binary-expr","locations":[{"start":{"line":205,"column":18},"end":{"line":205,"column":31}},{"start":{"line":205,"column":35},"end":{"line":205,"column":36}}],"line":205},"17":{"loc":{"start":{"line":218,"column":4},"end":{"line":218,"column":39}},"type":"if","locations":[{"start":{"line":218,"column":4},"end":{"line":218,"column":39}},{"start":{},"end":{}}],"line":218},"18":{"loc":{"start":{"line":233,"column":4},"end":{"line":233,"column":85}},"type":"if","locations":[{"start":{"line":233,"column":4},"end":{"line":233,"column":85}},{"start":{},"end":{}}],"line":233},"19":{"loc":{"start":{"line":247,"column":25},"end":{"line":247,"column":55}},"type":"binary-expr","locations":[{"start":{"line":247,"column":25},"end":{"line":247,"column":49}},{"start":{"line":247,"column":53},"end":{"line":247,"column":55}}],"line":247},"20":{"loc":{"start":{"line":252,"column":4},"end":{"line":252,"column":85}},"type":"if","locations":[{"start":{"line":252,"column":4},"end":{"line":252,"column":85}},{"start":{},"end":{}}],"line":252},"21":{"loc":{"start":{"line":266,"column":4},"end":{"line":266,"column":85}},"type":"if","locations":[{"start":{"line":266,"column":4},"end":{"line":266,"column":85}},{"start":{},"end":{}}],"line":266}},"s":{"0":1,"1":1,"2":1,"3":1,"4":1,"5":1,"6":1,"7":1,"8":1,"9":1,"10":1,"11":1,"12":1,"13":1,"14":1,"15":1,"16":1,"17":1,"18":1,"19":1,"20":1,"21":1,"22":1,"23":1,"24":1,"25":0,"26":0,"27":0,"28":0,"29":0,"30":0,"31":0,"32":0,"33":0,"34":0,"35":0,"36":0,"37":0,"38":0,"39":0,"40":0,"41":0,"42":0,"43":1,"44":0,"45":0,"46":0,"47":0,"48":1,"49":0,"50":0,"51":0,"52":0,"53":0,"54":0,"55":1,"56":0,"57":0,"58":0,"59":0,"60":1,"61":0,"62":0,"63":0,"64":0,"65":0,"66":1,"67":0,"68":0,"69":0,"70":0,"71":0,"72":0,"73":0,"74":0,"75":0,"76":0,"77":0,"78":1,"79":0,"80":0,"81":0,"82":0,"83":0,"84":0,"85":0,"86":0,"87":0,"88":0,"89":0,"90":0,"91":0,"92":1,"93":0,"94":0,"95":0,"96":0,"97":0,"98":0,"99":0,"100":0,"101":1,"102":0,"103":0,"104":0,"105":0,"106":0,"107":0,"108":1,"109":0,"110":0,"111":0,"112":0,"113":0,"114":0,"115":1,"116":0,"117":0,"118":0,"119":0,"120":0,"121":0},"f":{"0":0,"1":0,"2":0,"3":0,"4":0,"5":0,"6":0,"7":0,"8":0,"9":0,"10":0},"b":{"0":[0],"1":[0,0],"2":[0,0],"3":[0,0],"4":[0,0],"5":[0,0],"6":[0,0],"7":[0,0],"8":[0,0],"9":[0,0],"10":[0,0],"11":[0,0],"12":[0,0],"13":[0,0],"14":[0,0],"15":[0,0],"16":[0,0],"17":[0,0],"18":[0,0],"19":[0,0],"20":[0,0],"21":[0,0]},"_coverageSchema":"1a1c01bbd47fc00a2c39e90264f33305004495a9","hash":"340f1ef921d536e59369326ff77d68c8d012e6d3"}
,"D:\\Project\\School ERP\\ERP Backend\\controllers\\financeExtra.controller.js": {"path":"D:\\Project\\School ERP\\ERP Backend\\controllers\\financeExtra.controller.js","statementMap":{"0":{"start":{"line":1,"column":15},"end":{"line":1,"column":48}},"1":{"start":{"line":2,"column":18},"end":{"line":2,"column":54}},"2":{"start":{"line":3,"column":33},"end":{"line":3,"column":61}},"3":{"start":{"line":5,"column":19},"end":{"line":5,"column":107}},"4":{"start":{"line":6,"column":22},"end":{"line":6,"column":116}},"5":{"start":{"line":8,"column":0},"end":{"line":8,"column":41}},"6":{"start":{"line":9,"column":0},"end":{"line":9,"column":37}},"7":{"start":{"line":10,"column":0},"end":{"line":10,"column":41}},"8":{"start":{"line":11,"column":0},"end":{"line":11,"column":41}},"9":{"start":{"line":13,"column":0},"end":{"line":13,"column":47}},"10":{"start":{"line":14,"column":0},"end":{"line":14,"column":42}},"11":{"start":{"line":15,"column":0},"end":{"line":15,"column":47}},"12":{"start":{"line":16,"column":0},"end":{"line":16,"column":47}}},"fnMap":{},"branchMap":{},"s":{"0":1,"1":1,"2":1,"3":1,"4":1,"5":1,"6":1,"7":1,"8":1,"9":1,"10":1,"11":1,"12":1},"f":{},"b":{},"_coverageSchema":"1a1c01bbd47fc00a2c39e90264f33305004495a9","hash":"1b3303121ecbf89ebf6cca2dcdaf48ca309bcb15"}
,"D:\\Project\\School ERP\\ERP Backend\\controllers\\income.controller.js": {"path":"D:\\Project\\School ERP\\ERP Backend\\controllers\\income.controller.js","statementMap":{"0":{"start":{"line":1,"column":15},"end":{"line":1,"column":48}},"1":{"start":{"line":2,"column":33},"end":{"line":2,"column":61}},"2":{"start":{"line":4,"column":13},"end":{"line":4,"column":114}},"3":{"start":{"line":6,"column":0},"end":{"line":6,"column":35}},"4":{"start":{"line":7,"column":0},"end":{"line":7,"column":30}},"5":{"start":{"line":8,"column":0},"end":{"line":8,"column":37}},"6":{"start":{"line":9,"column":0},"end":{"line":9,"column":35}},"7":{"start":{"line":10,"column":0},"end":{"line":10,"column":35}}},"fnMap":{},"branchMap":{},"s":{"0":1,"1":1,"2":1,"3":1,"4":1,"5":1,"6":1,"7":1},"f":{},"b":{},"_coverageSchema":"1a1c01bbd47fc00a2c39e90264f33305004495a9","hash":"9c47e6a16a16cb3dd9b24c696090495b3270dde0"}
,"D:\\Project\\School ERP\\ERP Backend\\controllers\\payroll.controller.js": {"path":"D:\\Project\\School ERP\\ERP Backend\\controllers\\payroll.controller.js","statementMap":{"0":{"start":{"line":1,"column":22},"end":{"line":1,"column":62}},"1":{"start":{"line":2,"column":14},"end":{"line":2,"column":46}},"2":{"start":{"line":3,"column":16},"end":{"line":3,"column":50}},"3":{"start":{"line":4,"column":33},"end":{"line":4,"column":61}},"4":{"start":{"line":5,"column":24},"end":{"line":5,"column":55}},"5":{"start":{"line":6,"column":17},"end":{"line":6,"column":45}},"6":{"start":{"line":7,"column":21},"end":{"line":7,"column":57}},"7":{"start":{"line":9,"column":13},"end":{"line":9,"column":81}},"8":{"start":{"line":11,"column":0},"end":{"line":47,"column":2}},"9":{"start":{"line":12,"column":2},"end":{"line":46,"column":3}},"10":{"start":{"line":13,"column":20},"end":{"line":13,"column":84}},"11":{"start":{"line":14,"column":18},"end":{"line":14,"column":87}},"12":{"start":{"line":15,"column":4},"end":{"line":17,"column":5}},"13":{"start":{"line":16,"column":6},"end":{"line":16,"column":69}},"14":{"start":{"line":18,"column":20},"end":{"line":18,"column":55}},"15":{"start":{"line":19,"column":4},"end":{"line":29,"column":7}},"16":{"start":{"line":30,"column":4},"end":{"line":42,"column":7}},"17":{"start":{"line":43,"column":4},"end":{"line":43,"column":100}},"18":{"start":{"line":45,"column":4},"end":{"line":45,"column":23}},"19":{"start":{"line":48,"column":0},"end":{"line":48,"column":38}},"20":{"start":{"line":49,"column":0},"end":{"line":49,"column":44}},"21":{"start":{"line":50,"column":0},"end":{"line":50,"column":42}},"22":{"start":{"line":51,"column":0},"end":{"line":51,"column":42}}},"fnMap":{"0":{"name":"(anonymous_0)","decl":{"start":{"line":11,"column":30},"end":{"line":11,"column":31}},"loc":{"start":{"line":11,"column":56},"end":{"line":47,"column":1}},"line":11}},"branchMap":{"0":{"loc":{"start":{"line":15,"column":4},"end":{"line":17,"column":5}},"type":"if","locations":[{"start":{"line":15,"column":4},"end":{"line":17,"column":5}},{"start":{},"end":{}}],"line":15}},"s":{"0":1,"1":1,"2":1,"3":1,"4":1,"5":1,"6":1,"7":1,"8":1,"9":0,"10":0,"11":0,"12":0,"13":0,"14":0,"15":0,"16":0,"17":0,"18":0,"19":1,"20":1,"21":1,"22":1},"f":{"0":0},"b":{"0":[0,0]},"_coverageSchema":"1a1c01bbd47fc00a2c39e90264f33305004495a9","hash":"bb15205b4e21beed055184c23f48d5c7fe6257e5"}
[...]
,"D:\\Project\\School ERP\\ERP Backend\\services\\msg91.service.js": {"path":"D:\\Project\\School ERP\\ERP Backend\\services\\msg91.service.js","statementMap":{"0":{"start":{"line":1,"column":14},"end":{"line":1,"column":30}},"1":{"start":{"line":3,"column":0},"end":{"line":21,"column":2}},"2":{"start":{"line":4,"column":18},"end":{"line":10,"column":3}},"3":{"start":{"line":12,"column":19},"end":{"line":18,"column":4}},"4":{"start":{"line":20,"column":2},"end":{"line":20,"column":23}}},"fnMap":{"0":{"name":"(anonymous_0)","decl":{"start":{"line":3,"column":22},"end":{"line":3,"column":23}},"loc":{"start":{"line":3,"column":92},"end":{"line":21,"column":1}},"line":3}},"branchMap":{"0":{"loc":{"start":{"line":3,"column":52},"end":{"line":3,"column":66}},"type":"default-arg","locations":[{"start":{"line":3,"column":64},"end":{"line":3,"column":66}}],"line":3},"1":{"loc":{"start":{"line":3,"column":68},"end":{"line":3,"column":85}},"type":"default-arg","locations":[{"start":{"line":3,"column":77},"end":{"line":3,"column":85}}],"line":3}},"s":{"0":1,"1":1,"2":0,"3":0,"4":0},"f":{"0":0},"b":{"0":[0],"1":[0]},"_coverageSchema":"1a1c01bbd47fc00a2c39e90264f33305004495a9","hash":"f3d312dd952a0722dfdcd7474f00a746a5ad8ad6"}
,"D:\\Project\\School ERP\\ERP Backend\\services\\sms.service.js": {"path":"D:\\Project\\School ERP\\ERP Backend\\services\\sms.service.js","statementMap":{"0":{"start":{"line":1,"column":15},"end":{"line":1,"column":48}},"1":{"start":{"line":2,"column":24},"end":{"line":2,"column":50}},"2":{"start":{"line":3,"column":15},"end":{"line":3,"column":41}},"3":{"start":{"line":5,"column":0},"end":{"line":31,"column":2}},"4":{"start":{"line":6,"column":14},"end":{"line":13,"column":4}},"5":{"start":{"line":15,"column":2},"end":{"line":28,"column":3}},"6":{"start":{"line":16,"column":4},"end":{"line":20,"column":7}},"7":{"start":{"line":21,"column":4},"end":{"line":21,"column":24}},"8":{"start":{"line":22,"column":4},"end":{"line":22,"column":28}},"9":{"start":{"line":23,"column":4},"end":{"line":23,"column":21}},"10":{"start":{"line":25,"column":4},"end":{"line":25,"column":26}},"11":{"start":{"line":26,"column":4},"end":{"line":26,"column":21}},"12":{"start":{"line":27,"column":4},"end":{"line":27,"column":86}},"13":{"start":{"line":30,"column":2},"end":{"line":30,"column":13}},"14":{"start":{"line":33,"column":0},"end":{"line":46,"column":2}},"15":{"start":{"line":34,"column":21},"end":{"line":34,"column":92}},"16":{"start":{"line":35,"column":2},"end":{"line":45,"column":3}},"17":{"start":{"line":36,"column":4},"end":{"line":44,"column":5}},"18":{"start":{"line":37,"column":6},"end":{"line":37,"column":87}},"19":{"start":{"line":38,"column":6},"end":{"line":38,"column":26}},"20":{"start":{"line":39,"column":6},"end":{"line":39,"column":30}},"21":{"start":{"line":40,"column":6},"end":{"line":40,"column":23}},"22":{"start":{"line":42,"column":6},"end":{"line":42,"column":28}},"23":{"start":{"line":43,"column":6},"end":{"line":43,"column":23}}},"fnMap":{"0":{"name":"(anonymous_0)","decl":{"start":{"line":5,"column":22},"end":{"line":5,"column":23}},"loc":{"start":{"line":5,"column":105},"end":{"line":31,"column":1}},"line":5},"1":{"name":"(anonymous_1)","decl":{"start":{"line":33,"column":25},"end":{"line":33,"column":26}},"loc":{"start":{"line":33,"column":37},"end":{"line":46,"column":1}},"line":33}},"branchMap":{"0":{"loc":{"start":{"line":5,"column":84},"end":{"line":5,"column":98}},"type":"default-arg","locations":[{"start":{"line":5,"column":96},"end":{"line":5,"column":98}}],"line":5}},"s":{"0":1,"1":1,"2":1,"3":1,"4":0,"5":0,"6":0,"7":0,"8":0,"9":0,"10":0,"11":0,"12":0,"13":0,"14":1,"15":0,"16":0,"17":0,"18":0,"19":0,"20":0,"21":0,"22":0,"23":0},"f":{"0":0,"1":0},"b":{"0":[0]},"_coverageSchema":"1a1c01bbd47fc00a2c39e90264f33305004495a9","hash":"4fcd1cf8e7dbd22d3d31bd8c0d9c45cd7725d711"}
,"D:\\Project\\School ERP\\ERP Backend\\utils\\apiResponse.js": {"path":"D:\\Project\\School ERP\\ERP Backend\\utils\\apiResponse.js","statementMap":{"0":{"start":{"line":1,"column":0},"end":{"line":16,"column":2}},"1":{"start":{"line":7,"column":6},"end":{"line":7,"column":13}},"2":{"start":{"line":9,"column":2},"end":{"line":15,"column":5}},"3":{"start":{"line":18,"column":0},"end":{"line":35,"column":2}},"4":{"start":{"line":24,"column":6},"end":{"line":24,"column":13}},"5":{"start":{"line":26,"column":2},"end":{"line":34,"column":5}}},"fnMap":{"0":{"name":"(anonymous_0)","decl":{"start":{"line":1,"column":22},"end":{"line":1,"column":23}},"loc":{"start":{"line":1,"column":45},"end":{"line":16,"column":1}},"line":1},"1":{"name":"(anonymous_1)","decl":{"start":{"line":18,"column":20},"end":{"line":18,"column":21}},"loc":{"start":{"line":18,"column":43},"end":{"line":35,"column":1}},"line":18}},"branchMap":{"0":{"loc":{"start":{"line":1,"column":28},"end":{"line":1,"column":40}},"type":"default-arg","locations":[{"start":{"line":1,"column":38},"end":{"line":1,"column":40}}],"line":1},"1":{"loc":{"start":{"line":3,"column":4},"end":{"line":3,"column":20}},"type":"default-arg","locations":[{"start":{"line":3,"column":17},"end":{"line":3,"column":20}}],"line":3},"2":{"loc":{"start":{"line":4,"column":4},"end":{"line":4,"column":34}},"type":"default-arg","locations":[{"start":{"line":4,"column":14},"end":{"line":4,"column":34}}],"line":4},"3":{"loc":{"start":{"line":5,"column":4},"end":{"line":5,"column":15}},"type":"default-arg","locations":[{"start":{"line":5,"column":11},"end":{"line":5,"column":15}}],"line":5},"4":{"loc":{"start":{"line":6,"column":4},"end":{"line":6,"column":21}},"type":"default-arg","locations":[{"start":{"line":6,"column":17},"end":{"line":6,"column":21}}],"line":6},"5":{"loc":{"start":{"line":13,"column":8},"end":{"line":13,"column":40}},"type":"cond-expr","locations":[{"start":{"line":13,"column":21},"end":{"line":13,"column":35}},{"start":{"line":13,"column":38},"end":{"line":13,"column":40}}],"line":13},"6":{"loc":{"start":{"line":18,"column":26},"end":{"line":18,"column":38}},"type":"default-arg","locations":[{"start":{"line":18,"column":36},"end":{"line":18,"column":38}}],"line":18},"7":{"loc":{"start":{"line":20,"column":4},"end":{"line":20,"column":20}},"type":"default-arg","locations":[{"start":{"line":20,"column":17},"end":{"line":20,"column":20}}],"line":20},"8":{"loc":{"start":{"line":21,"column":4},"end":{"line":21,"column":37}},"type":"default-arg","locations":[{"start":{"line":21,"column":14},"end":{"line":21,"column":37}}],"line":21},"9":{"loc":{"start":{"line":22,"column":4},"end":{"line":22,"column":27}},"type":"default-arg","locations":[{"start":{"line":22,"column":11},"end":{"line":22,"column":27}}],"line":22},"10":{"loc":{"start":{"line":23,"column":4},"end":{"line":23,"column":18}},"type":"default-arg","locations":[{"start":{"line":23,"column":14},"end":{"line":23,"column":18}}],"line":23},"11":{"loc":{"start":{"line":31,"column":10},"end":{"line":31,"column":36}},"type":"cond-expr","locations":[{"start":{"line":31,"column":20},"end":{"line":31,"column":31}},{"start":{"line":31,"column":34},"end":{"line":31,"column":36}}],"line":31}},"s":{"0":1,"1":0,"2":0,"3":1,"4":1,"5":1},"f":{"0":0,"1":1},"b":{"0":[0],"1":[0],"2":[0],"3":[0],"4":[0],"5":[0,0],"6":[0],"7":[0],"8":[0],"9":[0],"10":[1],"11":[0,1]},"_coverageSchema":"1a1c01bbd47fc00a2c39e90264f33305004495a9","hash":"8d7eaf7a11a644a0112e4b0d498fe6aa79698768"}
,"D:\\Project\\School ERP\\ERP Backend\\utils\\appError.js": {"path":"D:\\Project\\School ERP\\ERP Backend\\utils\\appError.js","statementMap":{"0":{"start":{"line":3,"column":4},"end":{"line":3,"column":19}},"1":{"start":{"line":4,"column":4},"end":{"line":4,"column":33}},"2":{"start":{"line":5,"column":4},"end":{"line":5,"column":41}},"3":{"start":{"line":6,"column":4},"end":{"line":6,"column":30}},"4":{"start":{"line":8,"column":4},"end":{"line":8,"column":52}},"5":{"start":{"line":12,"column":0},"end":{"line":12,"column":26}}},"fnMap":{"0":{"name":"(anonymous_0)","decl":{"start":{"line":2,"column":2},"end":{"line":2,"column":3}},"loc":{"start":{"line":2,"column":41},"end":{"line":9,"column":3}},"line":2}},"branchMap":{"0":{"loc":{"start":{"line":5,"column":16},"end":{"line":5,"column":40}},"type":"binary-expr","locations":[{"start":{"line":5,"column":16},"end":{"line":5,"column":20}},{"start":{"line":5,"column":24},"end":{"line":5,"column":40}}],"line":5}},"s":{"0":0,"1":0,"2":0,"3":0,"4":0,"5":1},"f":{"0":0},"b":{"0":[0,0]},"_coverageSchema":"1a1c01bbd47fc00a2c39e90264f33305004495a9","hash":"612c4e0d873e980bb86d3d9c3b347e7714b3faa2"}
,"D:\\Project\\School ERP\\ERP Backend\\utils\\logger.js": {"path":"D:\\Project\\School ERP\\ERP Backend\\utils\\logger.js","statementMap":{"0":{"start":{"line":1,"column":16},"end":{"line":1,"column":34}},"1":{"start":{"line":2,"column":13},"end":{"line":2,"column":28}},"2":{"start":{"line":3,"column":11},"end":{"line":3,"column":24}},"3":{"start":{"line":6,"column":16},"end":{"line":6,"column":47}},"4":{"start":{"line":7,"column":0},"end":{"line":9,"column":1}},"5":{"start":{"line":8,"column":2},"end":{"line":8,"column":45}},"6":{"start":{"line":11,"column":15},"end":{"line":28,"column":2}},"7":{"start":{"line":30,"column":0},"end":{"line":37,"column":1}},"8":{"start":{"line":31,"column":2},"end":{"line":36,"column":6}},"9":{"start":{"line":39,"column":0},"end":{"line":39,"column":24}}},"fnMap":{},"branchMap":{"0":{"loc":{"start":{"line":7,"column":0},"end":{"line":9,"column":1}},"type":"if","locations":[{"start":{"line":7,"column":0},"end":{"line":9,"column":1}},{"start":{},"end":{}}],"line":7},"1":{"loc":{"start":{"line":12,"column":9},"end":{"line":12,"column":65}},"type":"cond-expr","locations":[{"start":{"line":12,"column":49},"end":{"line":12,"column":55}},{"start":{"line":12,"column":58},"end":{"line":12,"column":65}}],"line":12},"2":{"loc":{"start":{"line":30,"column":0},"end":{"line":37,"column":1}},"type":"if","locations":[{"start":{"line":30,"column":0},"end":{"line":37,"column":1}},{"start":{},"end":{}}],"line":30}},"s":{"0":1,"1":1,"2":1,"3":1,"4":1,"5":0,"6":1,"7":1,"8":1,"9":1},"f":{},"b":{"0":[0,1],"1":[0,1],"2":[1,0]},"_coverageSchema":"1a1c01bbd47fc00a2c39e90264f33305004495a9","hash":"5a199537934f59bad602f67df5fe4fc36410b631"}
,"D:\\Project\\School ERP\\ERP Backend\\utils\\queryBuilder.js": {"path":"D:\\Project\\School ERP\\ERP Backend\\utils\\queryBuilder.js","statementMap":{"0":{"start":{"line":1,"column":0},"end":{"line":6,"column":2}},"1":{"start":{"line":2,"column":15},"end":{"line":2,"column":57}},"2":{"start":{"line":3,"column":16},"end":{"line":3,"column":75}},"3":{"start":{"line":4,"column":15},"end":{"line":4,"column":33}},"4":{"start":{"line":5,"column":2},"end":{"line":5,"column":31}},"5":{"start":{"line":8,"column":0},"end":{"line":12,"column":2}},"6":{"start":{"line":9,"column":2},"end":{"line":9,"column":37}},"7":{"start":{"line":9,"column":21},"end":{"line":9,"column":37}},"8":{"start":{"line":10,"column":20},"end":{"line":10,"column":56}},"9":{"start":{"line":11,"column":2},"end":{"line":11,"column":39}}},"fnMap":{"0":{"name":"(anonymous_0)","decl":{"start":{"line":1,"column":24},"end":{"line":1,"column":25}},"loc":{"start":{"line":1,"column":40},"end":{"line":6,"column":1}},"line":1},"1":{"name":"(anonymous_1)","decl":{"start":{"line":8,"column":18},"end":{"line":8,"column":19}},"loc":{"start":{"line":8,"column":59},"end":{"line":12,"column":1}},"line":8}},"branchMap":{"0":{"loc":{"start":{"line":1,"column":25},"end":{"line":1,"column":35}},"type":"default-arg","locations":[{"start":{"line":1,"column":33},"end":{"line":1,"column":35}}],"line":1},"1":{"loc":{"start":{"line":2,"column":24},"end":{"line":2,"column":53}},"type":"binary-expr","locations":[{"start":{"line":2,"column":24},"end":{"line":2,"column":48}},{"start":{"line":2,"column":52},"end":{"line":2,"column":53}}],"line":2},"2":{"loc":{"start":{"line":3,"column":34},"end":{"line":3,"column":65}},"type":"binary-expr","locations":[{"start":{"line":3,"column":34},"end":{"line":3,"column":59}},{"start":{"line":3,"column":63},"end":{"line":3,"column":65}}],"line":3},"3":{"loc":{"start":{"line":8,"column":19},"end":{"line":8,"column":29}},"type":"default-arg","locations":[{"start":{"line":8,"column":27},"end":{"line":8,"column":29}}],"line":8},"4":{"loc":{"start":{"line":8,"column":31},"end":{"line":8,"column":54}},"type":"default-arg","locations":[{"start":{"line":8,"column":42},"end":{"line":8,"column":54}}],"line":8},"5":{"loc":{"start":{"line":9,"column":2},"end":{"line":9,"column":37}},"type":"if","locations":[{"start":{"line":9,"column":2},"end":{"line":9,"column":37}},{"start":{},"end":{}}],"line":9},"6":{"loc":{"start":{"line":10,"column":20},"end":{"line":10,"column":56}},"type":"cond-expr","locations":[{"start":{"line":10,"column":48},"end":{"line":10,"column":50}},{"start":{"line":10,"column":53},"end":{"line":10,"column":56}}],"line":10}},"s":{"0":1,"1":0,"2":0,"3":0,"4":0,"5":1,"6":0,"7":0,"8":0,"9":0},"f":{"0":0,"1":0},"b":{"0":[0],"1":[0,0],"2":[0,0],"3":[0],"4":[0],"5":[0,0],"6":[0,0]},"_coverageSchema":"1a1c01bbd47fc00a2c39e90264f33305004495a9","hash":"b6a712510673e1195d43b8e1142449f2291cc261"}
,"D:\\Project\\School ERP\\ERP Backend\\validators\\common.validator.js": {"path":"D:\\Project\\School ERP\\ERP Backend\\validators\\common.validator.js","statementMap":{"0":{"start":{"line":1,"column":36},"end":{"line":1,"column":64}},"1":{"start":{"line":2,"column":17},"end":{"line":2,"column":45}},"2":{"start":{"line":4,"column":0},"end":{"line":18,"column":2}},"3":{"start":{"line":5,"column":17},"end":{"line":5,"column":38}},"4":{"start":{"line":6,"column":2},"end":{"line":8,"column":3}},"5":{"start":{"line":7,"column":4},"end":{"line":7,"column":18}},"6":{"start":{"line":10,"column":19},"end":{"line":10,"column":76}},"7":{"start":{"line":11,"column":2},"end":{"line":11,"column":36}},"8":{"start":{"line":12,"column":2},"end":{"line":15,"column":9}},"9":{"start":{"line":13,"column":4},"end":{"line":13,"column":83}},"10":{"start":{"line":14,"column":4},"end":{"line":14,"column":15}},"11":{"start":{"line":17,"column":2},"end":{"line":17,"column":24}},"12":{"start":{"line":20,"column":0},"end":{"line":23,"column":2}},"13":{"start":{"line":20,"column":50},"end":{"line":23,"column":1}}},"fnMap":{"0":{"name":"(anonymous_0)","decl":{"start":{"line":4,"column":27},"end":{"line":4,"column":28}},"loc":{"start":{"line":4,"column":47},"end":{"line":18,"column":1}},"line":4},"1":{"name":"(anonymous_1)","decl":{"start":{"line":12,"column":42},"end":{"line":12,"column":43}},"loc":{"start":{"line":12,"column":56},"end":{"line":15,"column":3}},"line":12},"2":{"name":"(anonymous_2)","decl":{"start":{"line":20,"column":32},"end":{"line":20,"column":33}},"loc":{"start":{"line":20,"column":50},"end":{"line":23,"column":1}},"line":20}},"branchMap":{"0":{"loc":{"start":{"line":6,"column":2},"end":{"line":8,"column":3}},"type":"if","locations":[{"start":{"line":6,"column":2},"end":{"line":8,"column":3}},{"start":{},"end":{}}],"line":6},"1":{"loc":{"start":{"line":13,"column":8},"end":{"line":13,"column":29}},"type":"binary-expr","locations":[{"start":{"line":13,"column":8},"end":{"line":13,"column":16}},{"start":{"line":13,"column":20},"end":{"line":13,"column":29}}],"line":13},"2":{"loc":{"start":{"line":13,"column":41},"end":{"line":13,"column":62}},"type":"binary-expr","locations":[{"start":{"line":13,"column":41},"end":{"line":13,"column":49}},{"start":{"line":13,"column":53},"end":{"line":13,"column":62}}],"line":13},"3":{"loc":{"start":{"line":20,"column":33},"end":{"line":20,"column":45}},"type":"default-arg","locations":[{"start":{"line":20,"column":41},"end":{"line":20,"column":45}}],"line":20}},"s":{"0":1,"1":1,"2":1,"3":0,"4":0,"5":0,"6":0,"7":0,"8":0,"9":0,"10":0,"11":0,"12":1,"13":0},"f":{"0":0,"1":0,"2":0},"b":{"0":[0,0],"1":[0,0],"2":[0,0],"3":[0]},"_coverageSchema":"1a1c01bbd47fc00a2c39e90264f33305004495a9","hash":"a518bd2e8ebc57b38f86756e053b70d018a66952"}
,"D:\\Project\\School ERP\\ERP Backend\\validators\\exam.validator.js": {"path":"D:\\Project\\School ERP\\ERP Backend\\validators\\exam.validator.js","statementMap":{"0":{"start":{"line":1,"column":17},"end":{"line":1,"column":45}},"1":{"start":{"line":2,"column":29},"end":{"line":2,"column":58}},"2":{"start":{"line":4,"column":0},"end":{"line":9,"column":2}}},"fnMap":{},"branchMap":{},"s":{"0":1,"1":1,"2":1},"f":{},"b":{},"_coverageSchema":"1a1c01bbd47fc00a2c39e90264f33305004495a9","hash":"21efc562bbacaaabf1a3f2223e54880bad0f078f"}
,"D:\\Project\\School ERP\\ERP Backend\\validators\\finance.validator.js": {"path":"D:\\Project\\School ERP\\ERP Backend\\validators\\finance.validator.js","statementMap":{"0":{"start":{"line":1,"column":17},"end":{"line":1,"column":45}},"1":{"start":{"line":2,"column":29},"end":{"line":2,"column":58}},"2":{"start":{"line":4,"column":0},"end":{"line":9,"column":2}}},"fnMap":{},"branchMap":{},"s":{"0":1,"1":1,"2":1},"f":{},"b":{},"_coverageSchema":"1a1c01bbd47fc00a2c39e90264f33305004495a9","hash":"ff721652ce61d5743de8aff1ef1ca1cc00b3b715"}
,"D:\\Project\\School ERP\\ERP Backend\\validators\\staff.validator.js": {"path":"D:\\Project\\School ERP\\ERP Backend\\validators\\staff.validator.js","statementMap":{"0":{"start":{"line":1,"column":17},"end":{"line":1,"column":45}},"1":{"start":{"line":2,"column":29},"end":{"line":2,"column":58}},"2":{"start":{"line":4,"column":0},"end":{"line":9,"column":2}}},"fnMap":{},"branchMap":{},"s":{"0":1,"1":1,"2":1},"f":{},"b":{},"_coverageSchema":"1a1c01bbd47fc00a2c39e90264f33305004495a9","hash":"377495fb0e8545f47dbbebc23e7bc34628b5b75e"}
,"D:\\Project\\School ERP\\ERP Backend\\validators\\student.validator.js": {"path":"D:\\Project\\School ERP\\ERP Backend\\validators\\student.validator.js","statementMap":{"0":{"start":{"line":1,"column":35},"end":{"line":1,"column":63}},"1":{"start":{"line":2,"column":17},"end":{"line":2,"column":45}},"2":{"start":{"line":4,"column":0},"end":{"line":34,"column":2}},"3":{"start":{"line":14,"column":19},"end":{"line":14,"column":40}},"4":{"start":{"line":15,"column":4},"end":{"line":31,"column":5}},"5":{"start":{"line":16,"column":27},"end":{"line":19,"column":9}},"6":{"start":{"line":16,"column":52},"end":{"line":19,"column":7}},"7":{"start":{"line":21,"column":23},"end":{"line":21,"column":80}},"8":{"start":{"line":24,"column":6},"end":{"line":24,"column":40}},"9":{"start":{"line":25,"column":6},"end":{"line":28,"column":13}},"10":{"start":{"line":26,"column":8},"end":{"line":26,"column":70}},"11":{"start":{"line":27,"column":8},"end":{"line":27,"column":19}},"12":{"start":{"line":30,"column":6},"end":{"line":30,"column":28}},"13":{"start":{"line":32,"column":4},"end":{"line":32,"column":11}}},"fnMap":{"0":{"name":"(anonymous_0)","decl":{"start":{"line":13,"column":2},"end":{"line":13,"column":3}},"loc":{"start":{"line":13,"column":22},"end":{"line":33,"column":3}},"line":13},"1":{"name":"(anonymous_1)","decl":{"start":{"line":16,"column":46},"end":{"line":16,"column":47}},"loc":{"start":{"line":16,"column":52},"end":{"line":19,"column":7}},"line":16},"2":{"name":"(anonymous_2)","decl":{"start":{"line":25,"column":44},"end":{"line":25,"column":45}},"loc":{"start":{"line":25,"column":59},"end":{"line":28,"column":7}},"line":25}},"branchMap":{"0":{"loc":{"start":{"line":15,"column":4},"end":{"line":31,"column":5}},"type":"if","locations":[{"start":{"line":15,"column":4},"end":{"line":31,"column":5}},{"start":{},"end":{}}],"line":15}},"s":{"0":1,"1":1,"2":1,"3":0,"4":0,"5":0,"6":0,"7":0,"8":0,"9":0,"10":0,"11":0,"12":0,"13":0},"f":{"0":0,"1":0,"2":0},"b":{"0":[0,0]},"_coverageSchema":"1a1c01bbd47fc00a2c39e90264f33305004495a9","hash":"a9e200aef432ac2d195376ba37769b181e8c2d75"}
}
