{"D:\\Project\\School ERP\\ERP Backend\\server.js": {"path":"D:\\Project\\School ERP\\ERP Backend\\server.js","statementMap":{"0":{"start":{"line":1,"column":16},"end":{"line":1,"column":34}},"1":{"start":{"line":2,"column":13},"end":{"line":2,"column":28}},"2":{"start":{"line":3,"column":15},"end":{"line":3,"column":32}},"3":{"start":{"line":4,"column":15},"end":{"line":4,"column":32}},"4":{"start":{"line":5,"column":0},"end":{"line":5,"column":27}},"5":{"start":{"line":7,"column":18},"end":{"line":7,"column":40}},"6":{"start":{"line":8,"column":25},"end":{"line":8,"column":72}},"7":{"start":{"line":9,"column":28},"end":{"line":9,"column":71}},"8":{"start":{"line":10,"column":23},"end":{"line":10,"column":67}},"9":{"start":{"line":11,"column":19},"end":{"line":11,"column":50}},"10":{"start":{"line":12,"column":22},"end":{"line":12,"column":56}},"11":{"start":{"line":13,"column":19},"end":{"line":13,"column":50}},"12":{"start":{"line":14,"column":27},"end":{"line":14,"column":66}},"13":{"start":{"line":15,"column":25},"end":{"line":15,"column":62}},"14":{"start":{"line":16,"column":20},"end":{"line":16,"column":52}},"15":{"start":{"line":17,"column":22},"end":{"line":17,"column":56}},"16":{"start":{"line":18,"column":22},"end":{"line":18,"column":56}},"17":{"start":{"line":19,"column":19},"end":{"line":19,"column":50}},"18":{"start":{"line":20,"column":28},"end":{"line":20,"column":68}},"19":{"start":{"line":21,"column":23},"end":{"line":21,"column":58}},"20":{"start":{"line":22,"column":20},"end":{"line":22,"column":52}},"21":{"start":{"line":25,"column":0},"end":{"line":27,"column":1}},"22":{"start":{"line":26,"column":2},"end":{"line":26,"column":14}},"23":{"start":{"line":29,"column":12},"end":{"line":29,"column":21}},"24":{"start":{"line":32,"column":0},"end":{"line":32,"column":18}},"25":{"start":{"line":33,"column":0},"end":{"line":33,"column":16}},"26":{"start":{"line":34,"column":0},"end":{"line":34,"column":24}},"27":{"start":{"line":35,"column":0},"end":{"line":35,"column":23}},"28":{"start":{"line":36,"column":0},"end":{"line":36,"column":20}},"29":{"start":{"line":39,"column":0},"end":{"line":39,"column":36}},"30":{"start":{"line":40,"column":0},"end":{"line":40,"column":43}},"31":{"start":{"line":41,"column":0},"end":{"line":41,"column":37}},"32":{"start":{"line":42,"column":0},"end":{"line":42,"column":54}},"33":{"start":{"line":43,"column":0},"end":{"line":43,"column":48}},"34":{"start":{"line":44,"column":0},"end":{"line":44,"column":38}},"35":{"start":{"line":45,"column":0},"end":{"line":45,"column":39}},"36":{"start":{"line":46,"column":0},"end":{"line":46,"column":42}},"37":{"start":{"line":47,"column":0},"end":{"line":47,"column":37}},"38":{"start":{"line":48,"column":0},"end":{"line":48,"column":54}},"39":{"start":{"line":49,"column":0},"end":{"line":49,"column":44}},"40":{"start":{"line":50,"column":0},"end":{"line":50,"column":43}},"41":{"start":{"line":53,"column":0},"end":{"line":55,"column":3}},"42":{"start":{"line":54,"column":2},"end":{"line":54,"column":59}},"43":{"start":{"line":57,"column":0},"end":{"line":59,"column":3}},"44":{"start":{"line":58,"column":2},"end":{"line":58,"column":82}},"45":{"start":{"line":61,"column":0},"end":{"line":63,"column":3}},"46":{"start":{"line":62,"column":2},"end":{"line":62,"column":59}},"47":{"start":{"line":66,"column":0},"end":{"line":66,"column":25}},"48":{"start":{"line":69,"column":0},"end":{"line":69,"column":22}},"49":{"start":{"line":71,"column":13},"end":{"line":71,"column":37}},"50":{"start":{"line":73,"column":0},"end":{"line":77,"column":1}},"51":{"start":{"line":74,"column":2},"end":{"line":76,"column":5}},"52":{"start":{"line":75,"column":4},"end":{"line":75,"column":82}},"53":{"start":{"line":79,"column":0},"end":{"line":79,"column":21}}},"fnMap":{"0":{"name":"(anonymous_0)","decl":{"start":{"line":53,"column":13},"end":{"line":53,"column":14}},"loc":{"start":{"line":53,"column":27},"end":{"line":55,"column":1}},"line":53},"1":{"name":"(anonymous_1)","decl":{"start":{"line":57,"column":19},"end":{"line":57,"column":20}},"loc":{"start":{"line":57,"column":33},"end":{"line":59,"column":1}},"line":57},"2":{"name":"(anonymous_2)","decl":{"start":{"line":61,"column":18},"end":{"line":61,"column":19}},"loc":{"start":{"line":61,"column":32},"end":{"line":63,"column":1}},"line":61},"3":{"name":"(anonymous_3)","decl":{"start":{"line":74,"column":19},"end":{"line":74,"column":20}},"loc":{"start":{"line":74,"column":25},"end":{"line":76,"column":3}},"line":74}},"branchMap":{"0":{"loc":{"start":{"line":25,"column":0},"end":{"line":27,"column":1}},"type":"if","locations":[{"start":{"line":25,"column":0},"end":{"line":27,"column":1}},{"start":{},"end":{}}],"line":25},"1":{"loc":{"start":{"line":71,"column":13},"end":{"line":71,"column":37}},"type":"binary-expr","locations":[{"start":{"line":71,"column":13},"end":{"line":71,"column":29}},{"start":{"line":71,"column":33},"end":{"line":71,"column":37}}],"line":71},"2":{"loc":{"start":{"line":73,"column":0},"end":{"line":77,"column":1}},"type":"if","locations":[{"start":{"line":73,"column":0},"end":{"line":77,"column":1}},{"start":{},"end":{}}],"line":73}},"s":{"0":1,"1":1,"2":1,"3":1,"4":1,"5":1,"6":1,"7":1,"8":1,"9":1,"10":1,"11":1,"12":1,"13":1,"14":1,"15":1,"16":1,"17":1,"18":1,"19":1,"20":1,"21":1,"22":0,"23":1,"24":1,"25":1,"26":1,"27":1,"28":1,"29":1,"30":1,"31":1,"32":1,"33":1,"34":1,"35":1,"36":1,"37":1,"38":1,"39":1,"40":1,"41":1,"42":0,"43":1,"44":1,"45":1,"46":1,"47":1,"48":1,"49":1,"50":1,"51":0,"52":0,"53":1},"f":{"0":0,"1":1,"2":1,"3":0},"b":{"0":[0,1],"1":[1,0],"2":[0,1]},"_coverageSchema":"1a1c01bbd47fc00a2c39e90264f33305004495a9","hash":"f43732657d34f1209e294c070bef05b2bbe39ffe"}
,"D:\\Project\\School ERP\\ERP Backend\\config\\db.js": {"path":"D:\\Project\\School ERP\\ERP Backend\\config\\db.js","statementMap":{"0":{"start":{"line":1,"column":17},"end":{"line":1,"column":36}},"1":{"start":{"line":3,"column":18},"end":{"line":11,"column":1}},"2":{"start":{"line":4,"column":2},"end":{"line":10,"column":3}},"3":{"start":{"line":5,"column":17},"end":{"line":5,"column":64}},"4":{"start":{"line":6,"column":4},"end":{"line":6,"column":62}},"5":{"start":{"line":8,"column":4},"end":{"line":8,"column":67}},"6":{"start":{"line":9,"column":4},"end":{"line":9,"column":20}},"7":{"start":{"line":13,"column":0},"end":{"line":13,"column":27}}},"fnMap":{"0":{"name":"(anonymous_0)","decl":{"start":{"line":3,"column":18},"end":{"line":3,"column":19}},"loc":{"start":{"line":3,"column":30},"end":{"line":11,"column":1}},"line":3}},"branchMap":{},"s":{"0":1,"1":1,"2":0,"3":0,"4":0,"5":0,"6":0,"7":1},"f":{"0":0},"b":{},"_coverageSchema":"1a1c01bbd47fc00a2c39e90264f33305004495a9","hash":"dd35c5ffe81f670b97c6809500ab49249a80bd9c"}
,"D:\\Project\\School ERP\\ERP Backend\\controllers\\attendance.controller.js": {"path":"D:\\Project\\School ERP\\ERP Backend\\controllers\\attendance.controller.js","statementMap":{"0":{"start":{"line":1,"column":19},"end":{"line":1,"column":56}},"1":{"start":{"line":2,"column":24},"end":{"line":2,"column":55}},"2":{"start":{"line":4,"column":0},"end":{"line":49,"column":2}},"3":{"start":{"line":5,"column":2},"end":{"line":48,"column":3}},"4":{"start":{"line":6,"column":41},"end":{"line":6,"column":49}},"5":{"start":{"line":7,"column":21},"end":{"line":7,"column":33}},"6":{"start":{"line":8,"column":27},"end":{"line":8,"column":41}},"7":{"start":{"line":10,"column":16},"end":{"line":39,"column":6}},"8":{"start":{"line":11,"column":21},"end":{"line":15,"column":7}},"9":{"start":{"line":17,"column":6},"end":{"line":21,"column":7}},"10":{"start":{"line":18,"column":8},"end":{"line":18,"column":44}},"11":{"start":{"line":20,"column":8},"end":{"line":20,"column":40}},"12":{"start":{"line":23,"column":6},"end":{"line":38,"column":8}},"13":{"start":{"line":41,"column":19},"end":{"line":41,"column":70}},"14":{"start":{"line":42,"column":4},"end":{"line":45,"column":7}},"15":{"start":{"line":47,"column":4},"end":{"line":47,"column":23}},"16":{"start":{"line":51,"column":0},"end":{"line":65,"column":2}},"17":{"start":{"line":52,"column":2},"end":{"line":64,"column":3}},"18":{"start":{"line":53,"column":19},"end":{"line":56,"column":5}},"19":{"start":{"line":57,"column":4},"end":{"line":57,"column":63}},"20":{"start":{"line":57,"column":24},"end":{"line":57,"column":63}},"21":{"start":{"line":58,"column":4},"end":{"line":58,"column":68}},"22":{"start":{"line":58,"column":29},"end":{"line":58,"column":68}},"23":{"start":{"line":60,"column":17},"end":{"line":60,"column":65}},"24":{"start":{"line":61,"column":4},"end":{"line":61,"column":44}},"25":{"start":{"line":63,"column":4},"end":{"line":63,"column":23}},"26":{"start":{"line":67,"column":0},"end":{"line":99,"column":2}},"27":{"start":{"line":68,"column":2},"end":{"line":98,"column":3}},"28":{"start":{"line":69,"column":46},"end":{"line":69,"column":55}},"29":{"start":{"line":70,"column":18},"end":{"line":70,"column":62}},"30":{"start":{"line":71,"column":16},"end":{"line":71,"column":73}},"31":{"start":{"line":73,"column":17},"end":{"line":93,"column":6}},"32":{"start":{"line":95,"column":4},"end":{"line":95,"column":38}},"33":{"start":{"line":97,"column":4},"end":{"line":97,"column":23}}},"fnMap":{"0":{"name":"(anonymous_0)","decl":{"start":{"line":4,"column":31},"end":{"line":4,"column":32}},"loc":{"start":{"line":4,"column":57},"end":{"line":49,"column":1}},"line":4},"1":{"name":"(anonymous_1)","decl":{"start":{"line":10,"column":28},"end":{"line":10,"column":29}},"loc":{"start":{"line":10,"column":40},"end":{"line":39,"column":5}},"line":10},"2":{"name":"(anonymous_2)","decl":{"start":{"line":51,"column":24},"end":{"line":51,"column":25}},"loc":{"start":{"line":51,"column":50},"end":{"line":65,"column":1}},"line":51},"3":{"name":"(anonymous_3)","decl":{"start":{"line":67,"column":30},"end":{"line":67,"column":31}},"loc":{"start":{"line":67,"column":56},"end":{"line":99,"column":1}},"line":67}},"branchMap":{"0":{"loc":{"start":{"line":6,"column":24},"end":{"line":6,"column":36}},"type":"default-arg","locations":[{"start":{"line":6,"column":34},"end":{"line":6,"column":36}}],"line":6},"1":{"loc":{"start":{"line":17,"column":6},"end":{"line":21,"column":7}},"type":"if","locations":[{"start":{"line":17,"column":6},"end":{"line":21,"column":7}},{"start":{"line":19,"column":13},"end":{"line":21,"column":7}}],"line":17},"2":{"loc":{"start":{"line":55,"column":12},"end":{"line":55,"column":39}},"type":"binary-expr","locations":[{"start":{"line":55,"column":12},"end":{"line":55,"column":26}},{"start":{"line":55,"column":30},"end":{"line":55,"column":39}}],"line":55},"3":{"loc":{"start":{"line":57,"column":4},"end":{"line":57,"column":63}},"type":"if","locations":[{"start":{"line":57,"column":4},"end":{"line":57,"column":63}},{"start":{},"end":{}}],"line":57},"4":{"loc":{"start":{"line":58,"column":4},"end":{"line":58,"column":68}},"type":"if","locations":[{"start":{"line":58,"column":4},"end":{"line":58,"column":68}},{"start":{},"end":{}}],"line":58},"5":{"loc":{"start":{"line":69,"column":12},"end":{"line":69,"column":28}},"type":"default-arg","locations":[{"start":{"line":69,"column":19},"end":{"line":69,"column":28}}],"line":69},"6":{"loc":{"start":{"line":83,"column":15},"end":{"line":83,"column":61}},"type":"cond-expr","locations":[{"start":{"line":83,"column":36},"end":{"line":83,"column":48}},{"start":{"line":83,"column":51},"end":{"line":83,"column":61}}],"line":83}},"s":{"0":1,"1":1,"2":1,"3":0,"4":0,"5":0,"6":0,"7":0,"8":0,"9":0,"10":0,"11":0,"12":0,"13":0,"14":0,"15":0,"16":1,"17":0,"18":0,"19":0,"20":0,"21":0,"22":0,"23":0,"24":0,"25":0,"26":1,"27":0,"28":0,"29":0,"30":0,"31":0,"32":0,"33":0},"f":{"0":0,"1":0,"2":0,"3":0},"b":{"0":[0],"1":[0,0],"2":[0,0],"3":[0,0],"4":[0,0],"5":[0],"6":[0,0]},"_coverageSchema":"1a1c01bbd47fc00a2c39e90264f33305004495a9","hash":"c1e183fcab3deb6104b59010c716e2c6796178c8"}
,"D:\\Project\\School ERP\\ERP Backend\\controllers\\audit.controller.js": {"path":"D:\\Project\\School ERP\\ERP Backend\\controllers\\audit.controller.js","statementMap":{"0":{"start":{"line":1,"column":17},"end":{"line":1,"column":52}},"1":{"start":{"line":2,"column":24},"end":{"line":2,"column":55}},"2":{"start":{"line":4,"column":0},"end":{"line":15,"column":2}},"3":{"start":{"line":5,"column":2},"end":{"line":14,"column":3}},"4":{"start":{"line":6,"column":19},"end":{"line":6,"column":21}},"5":{"start":{"line":7,"column":4},"end":{"line":7,"column":59}},"6":{"start":{"line":7,"column":26},"end":{"line":7,"column":59}},"7":{"start":{"line":8,"column":4},"end":{"line":8,"column":59}},"8":{"start":{"line":8,"column":26},"end":{"line":8,"column":59}},"9":{"start":{"line":9,"column":4},"end":{"line":9,"column":68}},"10":{"start":{"line":9,"column":29},"end":{"line":9,"column":68}},"11":{"start":{"line":10,"column":17},"end":{"line":10,"column":80}},"12":{"start":{"line":11,"column":4},"end":{"line":11,"column":44}},"13":{"start":{"line":13,"column":4},"end":{"line":13,"column":23}}},"fnMap":{"0":{"name":"(anonymous_0)","decl":{"start":{"line":4,"column":23},"end":{"line":4,"column":24}},"loc":{"start":{"line":4,"column":49},"end":{"line":15,"column":1}},"line":4}},"branchMap":{"0":{"loc":{"start":{"line":7,"column":4},"end":{"line":7,"column":59}},"type":"if","locations":[{"start":{"line":7,"column":4},"end":{"line":7,"column":59}},{"start":{},"end":{}}],"line":7},"1":{"loc":{"start":{"line":8,"column":4},"end":{"line":8,"column":59}},"type":"if","locations":[{"start":{"line":8,"column":4},"end":{"line":8,"column":59}},{"start":{},"end":{}}],"line":8},"2":{"loc":{"start":{"line":9,"column":4},"end":{"line":9,"column":68}},"type":"if","locations":[{"start":{"line":9,"column":4},"end":{"line":9,"column":68}},{"start":{},"end":{}}],"line":9}},"s":{"0":1,"1":1,"2":1,"3":0,"4":0,"5":0,"6":0,"7":0,"8":0,"9":0,"10":0,"11":0,"12":0,"13":0},"f":{"0":0},"b":{"0":[0,0],"1":[0,0],"2":[0,0]},"_coverageSchema":"1a1c01bbd47fc00a2c39e90264f33305004495a9","hash":"3f63aa4180bff338654d16ce18f28436019c9be2"}
,"D:\\Project\\School ERP\\ERP Backend\\controllers\\auth.controller.js": {"path":"D:\\Project\\School ERP\\ERP Backend\\controllers\\auth.controller.js","statementMap":{"0":{"start":{"line":1,"column":12},"end":{"line":1,"column":35}},"1":{"start":{"line":2,"column":13},"end":{"line":2,"column":44}},"2":{"start":{"line":3,"column":17},"end":{"line":3,"column":45}},"3":{"start":{"line":4,"column":15},"end":{"line":4,"column":41}},"4":{"start":{"line":6,"column":22},"end":{"line":12,"column":1}},"5":{"start":{"line":7,"column":2},"end":{"line":11,"column":4}},"6":{"start":{"line":14,"column":0},"end":{"line":60,"column":2}},"7":{"start":{"line":15,"column":2},"end":{"line":59,"column":3}},"8":{"start":{"line":16,"column":35},"end":{"line":16,"column":43}},"9":{"start":{"line":18,"column":4},"end":{"line":20,"column":5}},"10":{"start":{"line":19,"column":6},"end":{"line":19,"column":97}},"11":{"start":{"line":23,"column":17},"end":{"line":23,"column":69}},"12":{"start":{"line":25,"column":4},"end":{"line":27,"column":5}},"13":{"start":{"line":26,"column":6},"end":{"line":26,"column":85}},"14":{"start":{"line":29,"column":4},"end":{"line":31,"column":5}},"15":{"start":{"line":30,"column":6},"end":{"line":30,"column":81}},"16":{"start":{"line":33,"column":18},"end":{"line":33,"column":67}},"17":{"start":{"line":36,"column":4},"end":{"line":36,"column":32}},"18":{"start":{"line":37,"column":4},"end":{"line":37,"column":51}},"19":{"start":{"line":39,"column":4},"end":{"line":56,"column":7}},"20":{"start":{"line":58,"column":4},"end":{"line":58,"column":16}},"21":{"start":{"line":62,"column":0},"end":{"line":81,"column":2}},"22":{"start":{"line":63,"column":2},"end":{"line":80,"column":3}},"23":{"start":{"line":64,"column":4},"end":{"line":77,"column":7}},"24":{"start":{"line":79,"column":4},"end":{"line":79,"column":16}},"25":{"start":{"line":83,"column":0},"end":{"line":93,"column":2}},"26":{"start":{"line":84,"column":2},"end":{"line":92,"column":3}},"27":{"start":{"line":86,"column":4},"end":{"line":89,"column":7}},"28":{"start":{"line":91,"column":4},"end":{"line":91,"column":16}},"29":{"start":{"line":95,"column":0},"end":{"line":120,"column":2}},"30":{"start":{"line":96,"column":2},"end":{"line":119,"column":3}},"31":{"start":{"line":97,"column":45},"end":{"line":97,"column":53}},"32":{"start":{"line":99,"column":4},"end":{"line":101,"column":5}},"33":{"start":{"line":100,"column":6},"end":{"line":100,"column":100}},"34":{"start":{"line":104,"column":17},"end":{"line":104,"column":70}},"35":{"start":{"line":106,"column":4},"end":{"line":108,"column":5}},"36":{"start":{"line":107,"column":6},"end":{"line":107,"column":83}},"37":{"start":{"line":110,"column":4},"end":{"line":110,"column":32}},"38":{"start":{"line":111,"column":4},"end":{"line":111,"column":22}},"39":{"start":{"line":113,"column":4},"end":{"line":116,"column":7}},"40":{"start":{"line":118,"column":4},"end":{"line":118,"column":16}}},"fnMap":{"0":{"name":"(anonymous_0)","decl":{"start":{"line":6,"column":22},"end":{"line":6,"column":23}},"loc":{"start":{"line":6,"column":66},"end":{"line":12,"column":1}},"line":6},"1":{"name":"(anonymous_1)","decl":{"start":{"line":14,"column":16},"end":{"line":14,"column":17}},"loc":{"start":{"line":14,"column":42},"end":{"line":60,"column":1}},"line":14},"2":{"name":"(anonymous_2)","decl":{"start":{"line":62,"column":13},"end":{"line":62,"column":14}},"loc":{"start":{"line":62,"column":39},"end":{"line":81,"column":1}},"line":62},"3":{"name":"(anonymous_3)","decl":{"start":{"line":83,"column":17},"end":{"line":83,"column":18}},"loc":{"start":{"line":83,"column":43},"end":{"line":93,"column":1}},"line":83},"4":{"name":"(anonymous_4)","decl":{"start":{"line":95,"column":25},"end":{"line":95,"column":26}},"loc":{"start":{"line":95,"column":51},"end":{"line":120,"column":1}},"line":95}},"branchMap":{"0":{"loc":{"start":{"line":6,"column":37},"end":{"line":6,"column":61}},"type":"default-arg","locations":[{"start":{"line":6,"column":48},"end":{"line":6,"column":61}}],"line":6},"1":{"loc":{"start":{"line":10,"column":17},"end":{"line":10,"column":47}},"type":"binary-expr","locations":[{"start":{"line":10,"column":17},"end":{"line":10,"column":39}},{"start":{"line":10,"column":43},"end":{"line":10,"column":47}}],"line":10},"2":{"loc":{"start":{"line":18,"column":4},"end":{"line":20,"column":5}},"type":"if","locations":[{"start":{"line":18,"column":4},"end":{"line":20,"column":5}},{"start":{},"end":{}}],"line":18},"3":{"loc":{"start":{"line":18,"column":8},"end":{"line":18,"column":30}},"type":"binary-expr","locations":[{"start":{"line":18,"column":8},"end":{"line":18,"column":17}},{"start":{"line":18,"column":21},"end":{"line":18,"column":30}}],"line":18},"4":{"loc":{"start":{"line":25,"column":4},"end":{"line":27,"column":5}},"type":"if","locations":[{"start":{"line":25,"column":4},"end":{"line":27,"column":5}},{"start":{},"end":{}}],"line":25},"5":{"loc":{"start":{"line":25,"column":8},"end":{"line":25,"column":56}},"type":"binary-expr","locations":[{"start":{"line":25,"column":8},"end":{"line":25,"column":13}},{"start":{"line":25,"column":17},"end":{"line":25,"column":56}}],"line":25},"6":{"loc":{"start":{"line":29,"column":4},"end":{"line":31,"column":5}},"type":"if","locations":[{"start":{"line":29,"column":4},"end":{"line":31,"column":5}},{"start":{},"end":{}}],"line":29},"7":{"loc":{"start":{"line":53,"column":19},"end":{"line":53,"column":49}},"type":"binary-expr","locations":[{"start":{"line":53,"column":19},"end":{"line":53,"column":41}},{"start":{"line":53,"column":45},"end":{"line":53,"column":49}}],"line":53},"8":{"loc":{"start":{"line":99,"column":4},"end":{"line":101,"column":5}},"type":"if","locations":[{"start":{"line":99,"column":4},"end":{"line":101,"column":5}},{"start":{},"end":{}}],"line":99},"9":{"loc":{"start":{"line":99,"column":8},"end":{"line":99,"column":40}},"type":"binary-expr","locations":[{"start":{"line":99,"column":8},"end":{"line":99,"column":24}},{"start":{"line":99,"column":28},"end":{"line":99,"column":40}}],"line":99},"10":{"loc":{"start":{"line":106,"column":4},"end":{"line":108,"column":5}},"type":"if","locations":[{"start":{"line":106,"column":4},"end":{"line":108,"column":5}},{"start":{},"end":{}}],"line":106}},"s":{"0":1,"1":1,"2":1,"3":1,"4":1,"5":0,"6":1,"7":0,"8":0,"9":0,"10":0,"11":0,"12":0,"13":0,"14":0,"15":0,"16":0,"17":0,"18":0,"19":0,"20":0,"21":1,"22":0,"23":0,"24":0,"25":1,"26":0,"27":0,"28":0,"29":1,"30":0,"31":0,"32":0,"33":0,"34":0,"35":0,"36":0,"37":0,"38":0,"39":0,"40":0},"f":{"0":0,"1":0,"2":0,"3":0,"4":0},"b":{"0":[0],"1":[0,0],"2":[0,0],"3":[0,0],"4":[0,0],"5":[0,0],"6":[0,0],"7":[0,0],"8":[0,0],"9":[0,0],"10":[0,0]},"_coverageSchema":"1a1c01bbd47fc00a2c39e90264f33305004495a9","hash":"b5e11ec02989776b451a516d19ef96310cd858ff"}
,"D:\\Project\\School ERP\\ERP Backend\\controllers\\classSubject.controller.js": {"path":"D:\\Project\\School ERP\\ERP Backend\\controllers\\classSubject.controller.js","statementMap":{"0":{"start":{"line":1,"column":21},"end":{"line":1,"column":60}},"1":{"start":{"line":2,"column":33},"end":{"line":2,"column":61}},"2":{"start":{"line":4,"column":13},"end":{"line":8,"column":2}},"3":{"start":{"line":10,"column":0},"end":{"line":10,"column":41}},"4":{"start":{"line":11,"column":0},"end":{"line":11,"column":37}},"5":{"start":{"line":12,"column":0},"end":{"line":12,"column":43}},"6":{"start":{"line":13,"column":0},"end":{"line":13,"column":41}},"7":{"start":{"line":14,"column":0},"end":{"line":14,"column":41}}},"fnMap":{},"branchMap":{},"s":{"0":1,"1":1,"2":1,"3":1,"4":1,"5":1,"6":1,"7":1},"f":{},"b":{},"_coverageSchema":"1a1c01bbd47fc00a2c39e90264f33305004495a9","hash":"2f8d5835a49d8ae4e084e36fdf4cfcfb9b3e6736"}
,"D:\\Project\\School ERP\\ERP Backend\\controllers\\communication.controller.js": {"path":"D:\\Project\\School ERP\\ERP Backend\\controllers\\communication.controller.js","statementMap":{"0":{"start":{"line":1,"column":20},"end":{"line":1,"column":58}},"1":{"start":{"line":2,"column":15},"end":{"line":2,"column":48}},"2":{"start":{"line":3,"column":22},"end":{"line":3,"column":62}},"3":{"start":{"line":4,"column":33},"end":{"line":4,"column":61}},"4":{"start":{"line":5,"column":24},"end":{"line":5,"column":55}},"5":{"start":{"line":7,"column":21},"end":{"line":7,"column":118}},"6":{"start":{"line":8,"column":21},"end":{"line":8,"column":126}},"7":{"start":{"line":10,"column":0},"end":{"line":10,"column":48}},"8":{"start":{"line":11,"column":0},"end":{"line":11,"column":44}},"9":{"start":{"line":12,"column":0},"end":{"line":12,"column":48}},"10":{"start":{"line":13,"column":0},"end":{"line":13,"column":48}},"11":{"start":{"line":15,"column":0},"end":{"line":15,"column":50}},"12":{"start":{"line":16,"column":0},"end":{"line":16,"column":46}},"13":{"start":{"line":17,"column":0},"end":{"line":17,"column":50}},"14":{"start":{"line":19,"column":0},"end":{"line":35,"column":2}},"15":{"start":{"line":20,"column":2},"end":{"line":34,"column":3}},"16":{"start":{"line":21,"column":62},"end":{"line":21,"column":70}},"17":{"start":{"line":22,"column":16},"end":{"line":30,"column":6}},"18":{"start":{"line":31,"column":4},"end":{"line":31,"column":91}},"19":{"start":{"line":33,"column":4},"end":{"line":33,"column":23}},"20":{"start":{"line":37,"column":0},"end":{"line":44,"column":2}},"21":{"start":{"line":38,"column":2},"end":{"line":43,"column":3}},"22":{"start":{"line":39,"column":17},"end":{"line":39,"column":94}},"23":{"start":{"line":40,"column":4},"end":{"line":40,"column":44}},"24":{"start":{"line":42,"column":4},"end":{"line":42,"column":23}}},"fnMap":{"0":{"name":"(anonymous_0)","decl":{"start":{"line":19,"column":18},"end":{"line":19,"column":19}},"loc":{"start":{"line":19,"column":44},"end":{"line":35,"column":1}},"line":19},"1":{"name":"(anonymous_1)","decl":{"start":{"line":37,"column":24},"end":{"line":37,"column":25}},"loc":{"start":{"line":37,"column":50},"end":{"line":44,"column":1}},"line":37}},"branchMap":{},"s":{"0":1,"1":1,"2":1,"3":1,"4":1,"5":1,"6":1,"7":1,"8":1,"9":1,"10":1,"11":1,"12":1,"13":1,"14":1,"15":0,"16":0,"17":0,"18":0,"19":0,"20":1,"21":0,"22":0,"23":0,"24":0},"f":{"0":0,"1":0},"b":{},"_coverageSchema":"1a1c01bbd47fc00a2c39e90264f33305004495a9","hash":"b46555d19d78963962e7d2f1706f596fb9eea6e0"}
,"D:\\Project\\School ERP\\ERP Backend\\controllers\\crud.controller.js": {"path":"D:\\Project\\School ERP\\ERP Backend\\controllers\\crud.controller.js","statementMap":{"0":{"start":{"line":1,"column":17},"end":{"line":1,"column":45}},"1":{"start":{"line":2,"column":21},"end":{"line":2,"column":57}},"2":{"start":{"line":3,"column":35},"end":{"line":3,"column":67}},"3":{"start":{"line":4,"column":24},"end":{"line":4,"column":55}},"4":{"start":{"line":6,"column":0},"end":{"line":122,"column":2}},"5":{"start":{"line":7,"column":23},"end":{"line":7,"column":81}},"6":{"start":{"line":7,"column":33},"end":{"line":7,"column":80}},"7":{"start":{"line":9,"column":2},"end":{"line":121,"column":4}},"8":{"start":{"line":11,"column":6},"end":{"line":30,"column":7}},"9":{"start":{"line":12,"column":24},"end":{"line":12,"column":109}},"10":{"start":{"line":13,"column":20},"end":{"line":13,"column":47}},"11":{"start":{"line":14,"column":8},"end":{"line":26,"column":11}},"12":{"start":{"line":27,"column":8},"end":{"line":27,"column":97}},"13":{"start":{"line":29,"column":8},"end":{"line":29,"column":27}},"14":{"start":{"line":33,"column":6},"end":{"line":55,"column":7}},"15":{"start":{"line":34,"column":38},"end":{"line":34,"column":62}},"16":{"start":{"line":35,"column":23},"end":{"line":35,"column":40}},"17":{"start":{"line":36,"column":8},"end":{"line":38,"column":9}},"18":{"start":{"line":37,"column":10},"end":{"line":37,"column":101}},"19":{"start":{"line":37,"column":46},"end":{"line":37,"column":98}},"20":{"start":{"line":39,"column":21},"end":{"line":39,"column":94}},"21":{"start":{"line":40,"column":27},"end":{"line":40,"column":61}},"22":{"start":{"line":41,"column":8},"end":{"line":52,"column":11}},"23":{"start":{"line":54,"column":8},"end":{"line":54,"column":27}},"24":{"start":{"line":58,"column":6},"end":{"line":66,"column":7}},"25":{"start":{"line":59,"column":20},"end":{"line":59,"column":85}},"26":{"start":{"line":60,"column":8},"end":{"line":62,"column":9}},"27":{"start":{"line":61,"column":10},"end":{"line":61,"column":76}},"28":{"start":{"line":63,"column":8},"end":{"line":63,"column":47}},"29":{"start":{"line":65,"column":8},"end":{"line":65,"column":27}},"30":{"start":{"line":69,"column":6},"end":{"line":94,"column":7}},"31":{"start":{"line":70,"column":20},"end":{"line":70,"column":85}},"32":{"start":{"line":71,"column":8},"end":{"line":73,"column":9}},"33":{"start":{"line":72,"column":10},"end":{"line":72,"column":76}},"34":{"start":{"line":74,"column":23},"end":{"line":74,"column":37}},"35":{"start":{"line":75,"column":8},"end":{"line":75,"column":66}},"36":{"start":{"line":76,"column":8},"end":{"line":76,"column":25}},"37":{"start":{"line":77,"column":8},"end":{"line":90,"column":11}},"38":{"start":{"line":91,"column":8},"end":{"line":91,"column":80}},"39":{"start":{"line":93,"column":8},"end":{"line":93,"column":27}},"40":{"start":{"line":97,"column":6},"end":{"line":119,"column":7}},"41":{"start":{"line":98,"column":20},"end":{"line":98,"column":94}},"42":{"start":{"line":99,"column":8},"end":{"line":101,"column":9}},"43":{"start":{"line":100,"column":10},"end":{"line":100,"column":76}},"44":{"start":{"line":102,"column":8},"end":{"line":115,"column":11}},"45":{"start":{"line":116,"column":8},"end":{"line":116,"column":80}},"46":{"start":{"line":118,"column":8},"end":{"line":118,"column":27}}},"fnMap":{"0":{"name":"(anonymous_0)","decl":{"start":{"line":6,"column":31},"end":{"line":6,"column":32}},"loc":{"start":{"line":6,"column":75},"end":{"line":122,"column":1}},"line":6},"1":{"name":"(anonymous_1)","decl":{"start":{"line":7,"column":23},"end":{"line":7,"column":24}},"loc":{"start":{"line":7,"column":33},"end":{"line":7,"column":80}},"line":7},"2":{"name":"(anonymous_2)","decl":{"start":{"line":10,"column":12},"end":{"line":10,"column":13}},"loc":{"start":{"line":10,"column":38},"end":{"line":31,"column":5}},"line":10},"3":{"name":"(anonymous_3)","decl":{"start":{"line":32,"column":10},"end":{"line":32,"column":11}},"loc":{"start":{"line":32,"column":36},"end":{"line":56,"column":5}},"line":32},"4":{"name":"(anonymous_4)","decl":{"start":{"line":37,"column":38},"end":{"line":37,"column":39}},"loc":{"start":{"line":37,"column":46},"end":{"line":37,"column":98}},"line":37},"5":{"name":"(anonymous_5)","decl":{"start":{"line":57,"column":13},"end":{"line":57,"column":14}},"loc":{"start":{"line":57,"column":39},"end":{"line":67,"column":5}},"line":57},"6":{"name":"(anonymous_6)","decl":{"start":{"line":68,"column":12},"end":{"line":68,"column":13}},"loc":{"start":{"line":68,"column":38},"end":{"line":95,"column":5}},"line":68},"7":{"name":"(anonymous_7)","decl":{"start":{"line":96,"column":12},"end":{"line":96,"column":13}},"loc":{"start":{"line":96,"column":38},"end":{"line":120,"column":5}},"line":96}},"branchMap":{"0":{"loc":{"start":{"line":6,"column":53},"end":{"line":6,"column":68}},"type":"default-arg","locations":[{"start":{"line":6,"column":66},"end":{"line":6,"column":68}}],"line":6},"1":{"loc":{"start":{"line":7,"column":45},"end":{"line":7,"column":78}},"type":"binary-expr","locations":[{"start":{"line":7,"column":45},"end":{"line":7,"column":57}},{"start":{"line":7,"column":61},"end":{"line":7,"column":78}}],"line":7},"2":{"loc":{"start":{"line":12,"column":49},"end":{"line":12,"column":82}},"type":"binary-expr","locations":[{"start":{"line":12,"column":49},"end":{"line":12,"column":61}},{"start":{"line":12,"column":65},"end":{"line":12,"column":82}}],"line":12},"3":{"loc":{"start":{"line":36,"column":8},"end":{"line":38,"column":9}},"type":"if","locations":[{"start":{"line":36,"column":8},"end":{"line":38,"column":9}},{"start":{},"end":{}}],"line":36},"4":{"loc":{"start":{"line":36,"column":12},"end":{"line":36,"column":49}},"type":"binary-expr","locations":[{"start":{"line":36,"column":12},"end":{"line":36,"column":28}},{"start":{"line":36,"column":32},"end":{"line":36,"column":49}}],"line":36},"5":{"loc":{"start":{"line":46,"column":24},"end":{"line":46,"column":58}},"type":"binary-expr","locations":[{"start":{"line":46,"column":24},"end":{"line":46,"column":53}},{"start":{"line":46,"column":57},"end":{"line":46,"column":58}}],"line":46},"6":{"loc":{"start":{"line":60,"column":8},"end":{"line":62,"column":9}},"type":"if","locations":[{"start":{"line":60,"column":8},"end":{"line":62,"column":9}},{"start":{},"end":{}}],"line":60},"7":{"loc":{"start":{"line":71,"column":8},"end":{"line":73,"column":9}},"type":"if","locations":[{"start":{"line":71,"column":8},"end":{"line":73,"column":9}},{"start":{},"end":{}}],"line":71},"8":{"loc":{"start":{"line":99,"column":8},"end":{"line":101,"column":9}},"type":"if","locations":[{"start":{"line":99,"column":8},"end":{"line":101,"column":9}},{"start":{},"end":{}}],"line":99}},"s":{"0":1,"1":1,"2":1,"3":1,"4":1,"5":11,"6":0,"7":11,"8":0,"9":0,"10":0,"11":0,"12":0,"13":0,"14":0,"15":0,"16":0,"17":0,"18":0,"19":0,"20":0,"21":0,"22":0,"23":0,"24":0,"25":0,"26":0,"27":0,"28":0,"29":0,"30":0,"31":0,"32":0,"33":0,"34":0,"35":0,"36":0,"37":0,"38":0,"39":0,"40":0,"41":0,"42":0,"43":0,"44":0,"45":0,"46":0},"f":{"0":11,"1":0,"2":0,"3":0,"4":0,"5":0,"6":0,"7":0},"b":{"0":[2],"1":[0,0],"2":[0,0],"3":[0,0],"4":[0,0],"5":[0,0],"6":[0,0],"7":[0,0],"8":[0,0]},"_coverageSchema":"1a1c01bbd47fc00a2c39e90264f33305004495a9","hash":"4eeaa14172ae193a0b0948b953a26bb48d52c3f8"}
,"D:\\Project\\School ERP\\ERP Backend\\controllers\\exam.controller.js": {"path":"D:\\Project\\School ERP\\ERP Backend\\controllers\\exam.controller.js","statementMap":{"0":{"start":{"line":1,"column":13},"end":{"line":1,"column":44}},"1":{"start":{"line":2,"column":15},"end":{"line":2,"column":48}},"2":{"start":{"line":3,"column":17},"end":{"line":3,"column":52}},"3":{"start":{"line":4,"column":33},"end":{"line":4,"column":61}},"4":{"start":{"line":5,"column":24},"end":{"line":5,"column":55}},"5":{"start":{"line":7,"column":17},"end":{"line":7,"column":128}},"6":{"start":{"line":8,"column":21},"end":{"line":8,"column":135}},"7":{"start":{"line":10,"column":0},"end":{"line":10,"column":37}},"8":{"start":{"line":11,"column":0},"end":{"line":11,"column":33}},"9":{"start":{"line":12,"column":0},"end":{"line":12,"column":37}},"10":{"start":{"line":13,"column":0},"end":{"line":13,"column":37}},"11":{"start":{"line":15,"column":0},"end":{"line":15,"column":45}},"12":{"start":{"line":16,"column":0},"end":{"line":16,"column":40}},"13":{"start":{"line":17,"column":0},"end":{"line":17,"column":45}},"14":{"start":{"line":18,"column":0},"end":{"line":18,"column":45}},"15":{"start":{"line":20,"column":0},"end":{"line":47,"column":2}},"16":{"start":{"line":21,"column":2},"end":{"line":46,"column":3}},"17":{"start":{"line":22,"column":37},"end":{"line":22,"column":45}},"18":{"start":{"line":23,"column":16},"end":{"line":41,"column":6}},"19":{"start":{"line":24,"column":25},"end":{"line":24,"column":69}},"20":{"start":{"line":25,"column":6},"end":{"line":40,"column":8}},"21":{"start":{"line":42,"column":19},"end":{"line":42,"column":66}},"22":{"start":{"line":43,"column":4},"end":{"line":43,"column":85}},"23":{"start":{"line":45,"column":4},"end":{"line":45,"column":23}},"24":{"start":{"line":49,"column":0},"end":{"line":56,"column":2}},"25":{"start":{"line":50,"column":2},"end":{"line":55,"column":3}},"26":{"start":{"line":51,"column":17},"end":{"line":51,"column":89}},"27":{"start":{"line":52,"column":4},"end":{"line":52,"column":44}},"28":{"start":{"line":54,"column":4},"end":{"line":54,"column":23}}},"fnMap":{"0":{"name":"(anonymous_0)","decl":{"start":{"line":20,"column":28},"end":{"line":20,"column":29}},"loc":{"start":{"line":20,"column":54},"end":{"line":47,"column":1}},"line":20},"1":{"name":"(anonymous_1)","decl":{"start":{"line":23,"column":28},"end":{"line":23,"column":29}},"loc":{"start":{"line":23,"column":35},"end":{"line":41,"column":5}},"line":23},"2":{"name":"(anonymous_2)","decl":{"start":{"line":49,"column":27},"end":{"line":49,"column":28}},"loc":{"start":{"line":49,"column":53},"end":{"line":56,"column":1}},"line":49}},"branchMap":{"0":{"loc":{"start":{"line":22,"column":20},"end":{"line":22,"column":32}},"type":"default-arg","locations":[{"start":{"line":22,"column":30},"end":{"line":22,"column":32}}],"line":22},"1":{"loc":{"start":{"line":24,"column":26},"end":{"line":24,"column":44}},"type":"binary-expr","locations":[{"start":{"line":24,"column":26},"end":{"line":24,"column":39}},{"start":{"line":24,"column":43},"end":{"line":24,"column":44}}],"line":24},"2":{"loc":{"start":{"line":24,"column":49},"end":{"line":24,"column":68}},"type":"binary-expr","locations":[{"start":{"line":24,"column":49},"end":{"line":24,"column":63}},{"start":{"line":24,"column":67},"end":{"line":24,"column":68}}],"line":24}},"s":{"0":1,"1":1,"2":1,"3":1,"4":1,"5":1,"6":1,"7":1,"8":1,"9":1,"10":1,"11":1,"12":1,"13":1,"14":1,"15":1,"16":0,"17":0,"18":0,"19":0,"20":0,"21":0,"22":0,"23":0,"24":1,"25":0,"26":0,"27":0,"28":0},"f":{"0":0,"1":0,"2":0},"b":{"0":[0],"1":[0,0],"2":[0,0]},"_coverageSchema":"1a1c01bbd47fc00a2c39e90264f33305004495a9","hash":"616a0eb0825f6f49b45973adc6022444e8380b92"}
,"D:\\Project\\School ERP\\ERP Backend\\controllers\\finance.controller.js": {"path":"D:\\Project\\School ERP\\ERP Backend\\controllers\\finance.controller.js","statementMap":{"0":{"start":{"line":1,"column":21},"end":{"line":1,"column":60}},"1":{"start":{"line":2,"column":22},"end":{"line":2,"column":62}},"2":{"start":{"line":3,"column":17},"end":{"line":3,"column":52}},"3":{"start":{"line":4,"column":16},"end":{"line":4,"column":50}},"4":{"start":{"line":5,"column":16},"end":{"line":5,"column":50}},"5":{"start":{"line":6,"column":33},"end":{"line":6,"column":61}},"6":{"start":{"line":7,"column":24},"end":{"line":7,"column":55}},"7":{"start":{"line":9,"column":25},"end":{"line":9,"column":132}},"8":{"start":{"line":10,"column":21},"end":{"line":10,"column":86}},"9":{"start":{"line":11,"column":20},"end":{"line":11,"column":134}},"10":{"start":{"line":13,"column":0},"end":{"line":13,"column":53}},"11":{"start":{"line":14,"column":0},"end":{"line":14,"column":49}},"12":{"start":{"line":15,"column":0},"end":{"line":15,"column":53}},"13":{"start":{"line":16,"column":0},"end":{"line":16,"column":53}},"14":{"start":{"line":18,"column":0},"end":{"line":18,"column":45}},"15":{"start":{"line":19,"column":0},"end":{"line":19,"column":41}},"16":{"start":{"line":20,"column":0},"end":{"line":20,"column":45}},"17":{"start":{"line":22,"column":0},"end":{"line":22,"column":43}},"18":{"start":{"line":23,"column":0},"end":{"line":23,"column":39}},"19":{"start":{"line":24,"column":0},"end":{"line":24,"column":43}},"20":{"start":{"line":26,"column":0},"end":{"line":44,"column":2}},"21":{"start":{"line":27,"column":2},"end":{"line":43,"column":3}},"22":{"start":{"line":28,"column":49},"end":{"line":28,"column":57}},"23":{"start":{"line":29,"column":22},"end":{"line":29,"column":42}},"24":{"start":{"line":30,"column":20},"end":{"line":38,"column":6}},"25":{"start":{"line":39,"column":4},"end":{"line":39,"column":107}},"26":{"start":{"line":40,"column":4},"end":{"line":40,"column":103}},"27":{"start":{"line":42,"column":4},"end":{"line":42,"column":23}},"28":{"start":{"line":46,"column":0},"end":{"line":53,"column":2}},"29":{"start":{"line":47,"column":2},"end":{"line":52,"column":3}},"30":{"start":{"line":48,"column":17},"end":{"line":48,"column":93}},"31":{"start":{"line":49,"column":4},"end":{"line":49,"column":44}},"32":{"start":{"line":51,"column":4},"end":{"line":51,"column":23}},"33":{"start":{"line":55,"column":0},"end":{"line":63,"column":2}},"34":{"start":{"line":56,"column":2},"end":{"line":62,"column":3}},"35":{"start":{"line":57,"column":17},"end":{"line":58,"column":91}},"36":{"start":{"line":59,"column":4},"end":{"line":59,"column":44}},"37":{"start":{"line":61,"column":4},"end":{"line":61,"column":23}},"38":{"start":{"line":65,"column":0},"end":{"line":81,"column":2}},"39":{"start":{"line":66,"column":2},"end":{"line":80,"column":3}},"40":{"start":{"line":67,"column":22},"end":{"line":70,"column":6}},"41":{"start":{"line":71,"column":23},"end":{"line":74,"column":6}},"42":{"start":{"line":75,"column":19},"end":{"line":75,"column":44}},"43":{"start":{"line":76,"column":20},"end":{"line":76,"column":47}},"44":{"start":{"line":77,"column":4},"end":{"line":77,"column":85}},"45":{"start":{"line":79,"column":4},"end":{"line":79,"column":23}}},"fnMap":{"0":{"name":"(anonymous_0)","decl":{"start":{"line":26,"column":21},"end":{"line":26,"column":22}},"loc":{"start":{"line":26,"column":47},"end":{"line":44,"column":1}},"line":26},"1":{"name":"(anonymous_1)","decl":{"start":{"line":46,"column":28},"end":{"line":46,"column":29}},"loc":{"start":{"line":46,"column":54},"end":{"line":53,"column":1}},"line":46},"2":{"name":"(anonymous_2)","decl":{"start":{"line":55,"column":27},"end":{"line":55,"column":28}},"loc":{"start":{"line":55,"column":53},"end":{"line":63,"column":1}},"line":55},"3":{"name":"(anonymous_3)","decl":{"start":{"line":65,"column":17},"end":{"line":65,"column":18}},"loc":{"start":{"line":65,"column":43},"end":{"line":81,"column":1}},"line":65}},"branchMap":{"0":{"loc":{"start":{"line":75,"column":19},"end":{"line":75,"column":44}},"type":"binary-expr","locations":[{"start":{"line":75,"column":19},"end":{"line":75,"column":39}},{"start":{"line":75,"column":43},"end":{"line":75,"column":44}}],"line":75},"1":{"loc":{"start":{"line":76,"column":20},"end":{"line":76,"column":47}},"type":"binary-expr","locations":[{"start":{"line":76,"column":20},"end":{"line":76,"column":42}},{"start":{"line":76,"column":46},"end":{"line":76,"column":47}}],"line":76}},"s":{"0":1,"1":1,"2":1,"3":1,"4":1,"5":1,"6":1,"7":1,"8":1,"9":1,"10":1,"11":1,"12":1,"13":1,"14":1,"15":1,"16":1,"17":1,"18":1,"19":1,"20":1,"21":0,"22":0,"23":0,"24":0,"25":0,"26":0,"27":0,"28":1,"29":0,"30":0,"31":0,"32":0,"33":1,"34":0,"35":0,"36":0,"37":0,"38":1,"39":0,"40":0,"41":0,"42":0,"43":0,"44":0,"45":0},"f":{"0":0,"1":0,"2":0,"3":0},"b":{"0":[0,0],"1":[0,0]},"_coverageSchema":"1a1c01bbd47fc00a2c39e90264f33305004495a9","hash":"514e089396fcda93968b6b2532d0c4972222dbe1"}
,"D:\\Project\\School ERP\\ERP Backend\\controllers\\payroll.controller.js": {"path":"D:\\Project\\School ERP\\ERP Backend\\controllers\\payroll.controller.js","statementMap":{"0":{"start":{"line":1,"column":22},"end":{"line":1,"column":62}},"1":{"start":{"line":2,"column":33},"end":{"line":2,"column":61}},"2":{"start":{"line":4,"column":13},"end":{"line":4,"column":81}},"3":{"start":{"line":6,"column":0},"end":{"line":6,"column":42}},"4":{"start":{"line":7,"column":0},"end":{"line":7,"column":38}},"5":{"start":{"line":8,"column":0},"end":{"line":8,"column":44}},"6":{"start":{"line":9,"column":0},"end":{"line":9,"column":42}},"7":{"start":{"line":10,"column":0},"end":{"line":10,"column":42}}},"fnMap":{},"branchMap":{},"s":{"0":1,"1":1,"2":1,"3":1,"4":1,"5":1,"6":1,"7":1},"f":{},"b":{},"_coverageSchema":"1a1c01bbd47fc00a2c39e90264f33305004495a9","hash":"b240728b9a5b46d1df1a2579501d77aa7304ff33"}
,"D:\\Project\\School ERP\\ERP Backend\\controllers\\settings.controller.js": {"path":"D:\\Project\\School ERP\\ERP Backend\\controllers\\settings.controller.js","statementMap":{"0":{"start":{"line":1,"column":16},"end":{"line":1,"column":50}},"1":{"start":{"line":2,"column":24},"end":{"line":2,"column":55}},"2":{"start":{"line":4,"column":21},"end":{"line":7,"column":1}},"3":{"start":{"line":5,"column":14},"end":{"line":5,"column":54}},"4":{"start":{"line":6,"column":2},"end":{"line":6,"column":40}},"5":{"start":{"line":9,"column":0},"end":{"line":18,"column":2}},"6":{"start":{"line":10,"column":2},"end":{"line":17,"column":3}},"7":{"start":{"line":11,"column":26},"end":{"line":11,"column":79}},"8":{"start":{"line":12,"column":25},"end":{"line":12,"column":77}},"9":{"start":{"line":13,"column":25},"end":{"line":13,"column":77}},"10":{"start":{"line":14,"column":4},"end":{"line":14,"column":85}},"11":{"start":{"line":16,"column":4},"end":{"line":16,"column":23}},"12":{"start":{"line":20,"column":0},"end":{"line":32,"column":2}},"13":{"start":{"line":21,"column":2},"end":{"line":31,"column":3}},"14":{"start":{"line":22,"column":27},"end":{"line":22,"column":35}},"15":{"start":{"line":23,"column":16},"end":{"line":27,"column":5}},"16":{"start":{"line":28,"column":4},"end":{"line":28,"column":82}},"17":{"start":{"line":30,"column":4},"end":{"line":30,"column":23}}},"fnMap":{"0":{"name":"(anonymous_0)","decl":{"start":{"line":4,"column":21},"end":{"line":4,"column":22}},"loc":{"start":{"line":4,"column":60},"end":{"line":7,"column":1}},"line":4},"1":{"name":"(anonymous_1)","decl":{"start":{"line":9,"column":28},"end":{"line":9,"column":29}},"loc":{"start":{"line":9,"column":54},"end":{"line":18,"column":1}},"line":9},"2":{"name":"(anonymous_2)","decl":{"start":{"line":20,"column":24},"end":{"line":20,"column":25}},"loc":{"start":{"line":20,"column":50},"end":{"line":32,"column":1}},"line":20}},"branchMap":{"0":{"loc":{"start":{"line":6,"column":9},"end":{"line":6,"column":39}},"type":"cond-expr","locations":[{"start":{"line":6,"column":15},"end":{"line":6,"column":24}},{"start":{"line":6,"column":27},"end":{"line":6,"column":39}}],"line":6}},"s":{"0":1,"1":1,"2":1,"3":0,"4":0,"5":1,"6":0,"7":0,"8":0,"9":0,"10":0,"11":0,"12":1,"13":0,"14":0,"15":0,"16":0,"17":0},"f":{"0":0,"1":0,"2":0},"b":{"0":[0,0]},"_coverageSchema":"1a1c01bbd47fc00a2c39e90264f33305004495a9","hash":"dd5cfeda1d1c7e57b6d2ab559edbd5e9760d228d"}
,"D:\\Project\\School ERP\\ERP Backend\\controllers\\staff.controller.js": {"path":"D:\\Project\\School ERP\\ERP Backend\\controllers\\staff.controller.js","statementMap":{"0":{"start":{"line":1,"column":14},"end":{"line":1,"column":46}},"1":{"start":{"line":2,"column":33},"end":{"line":2,"column":61}},"2":{"start":{"line":4,"column":13},"end":{"line":4,"column":119}},"3":{"start":{"line":6,"column":0},"end":{"line":6,"column":34}},"4":{"start":{"line":7,"column":0},"end":{"line":7,"column":29}},"5":{"start":{"line":8,"column":0},"end":{"line":8,"column":36}},"6":{"start":{"line":9,"column":0},"end":{"line":9,"column":34}},"7":{"start":{"line":10,"column":0},"end":{"line":10,"column":34}}},"fnMap":{},"branchMap":{},"s":{"0":1,"1":1,"2":1,"3":1,"4":1,"5":1,"6":1,"7":1},"f":{},"b":{},"_coverageSchema":"1a1c01bbd47fc00a2c39e90264f33305004495a9","hash":"128c0afa36449bff7b20e6723ba0792629eebedd"}
,"D:\\Project\\School ERP\\ERP Backend\\controllers\\student.controller.js": {"path":"D:\\Project\\School ERP\\ERP Backend\\controllers\\student.controller.js","statementMap":{"0":{"start":{"line":1,"column":16},"end":{"line":1,"column":50}},"1":{"start":{"line":2,"column":16},"end":{"line":2,"column":50}},"2":{"start":{"line":3,"column":21},"end":{"line":3,"column":57}},"3":{"start":{"line":4,"column":26},"end":{"line":4,"column":67}},"4":{"start":{"line":5,"column":17},"end":{"line":5,"column":45}},"5":{"start":{"line":10,"column":0},"end":{"line":66,"column":2}},"6":{"start":{"line":11,"column":2},"end":{"line":65,"column":3}},"7":{"start":{"line":12,"column":24},"end":{"line":12,"column":32}},"8":{"start":{"line":15,"column":16},"end":{"line":19,"column":5}},"9":{"start":{"line":20,"column":27},"end":{"line":20,"column":36}},"10":{"start":{"line":21,"column":4},"end":{"line":21,"column":106}},"11":{"start":{"line":24,"column":4},"end":{"line":24,"column":111}},"12":{"start":{"line":27,"column":4},"end":{"line":27,"column":68}},"13":{"start":{"line":28,"column":4},"end":{"line":28,"column":40}},"14":{"start":{"line":31,"column":21},"end":{"line":35,"column":6}},"15":{"start":{"line":36,"column":4},"end":{"line":36,"column":50}},"16":{"start":{"line":38,"column":4},"end":{"line":38,"column":41}},"17":{"start":{"line":40,"column":20},"end":{"line":40,"column":53}},"18":{"start":{"line":43,"column":4},"end":{"line":55,"column":7}},"19":{"start":{"line":57,"column":4},"end":{"line":62,"column":7}},"20":{"start":{"line":64,"column":4},"end":{"line":64,"column":16}},"21":{"start":{"line":71,"column":0},"end":{"line":117,"column":2}},"22":{"start":{"line":72,"column":2},"end":{"line":116,"column":3}},"23":{"start":{"line":73,"column":17},"end":{"line":73,"column":46}},"24":{"start":{"line":74,"column":18},"end":{"line":74,"column":49}},"25":{"start":{"line":75,"column":17},"end":{"line":75,"column":35}},"26":{"start":{"line":77,"column":19},"end":{"line":77,"column":63}},"27":{"start":{"line":78,"column":4},"end":{"line":78,"column":63}},"28":{"start":{"line":78,"column":25},"end":{"line":78,"column":63}},"29":{"start":{"line":79,"column":4},"end":{"line":79,"column":62}},"30":{"start":{"line":79,"column":27},"end":{"line":79,"column":62}},"31":{"start":{"line":80,"column":4},"end":{"line":80,"column":90}},"32":{"start":{"line":80,"column":42},"end":{"line":80,"column":90}},"33":{"start":{"line":82,"column":4},"end":{"line":89,"column":5}},"34":{"start":{"line":83,"column":6},"end":{"line":88,"column":8}},"35":{"start":{"line":91,"column":21},"end":{"line":95,"column":19}},"36":{"start":{"line":97,"column":23},"end":{"line":97,"column":59}},"37":{"start":{"line":98,"column":23},"end":{"line":98,"column":52}},"38":{"start":{"line":100,"column":4},"end":{"line":113,"column":7}},"39":{"start":{"line":115,"column":4},"end":{"line":115,"column":16}},"40":{"start":{"line":122,"column":0},"end":{"line":137,"column":2}},"41":{"start":{"line":123,"column":2},"end":{"line":136,"column":3}},"42":{"start":{"line":124,"column":20},"end":{"line":124,"column":107}},"43":{"start":{"line":126,"column":4},"end":{"line":128,"column":5}},"44":{"start":{"line":127,"column":6},"end":{"line":127,"column":71}},"45":{"start":{"line":130,"column":4},"end":{"line":133,"column":7}},"46":{"start":{"line":135,"column":4},"end":{"line":135,"column":16}},"47":{"start":{"line":142,"column":0},"end":{"line":186,"column":2}},"48":{"start":{"line":143,"column":2},"end":{"line":185,"column":3}},"49":{"start":{"line":144,"column":20},"end":{"line":144,"column":107}},"50":{"start":{"line":146,"column":4},"end":{"line":148,"column":5}},"51":{"start":{"line":147,"column":6},"end":{"line":147,"column":71}},"52":{"start":{"line":150,"column":20},"end":{"line":150,"column":38}},"53":{"start":{"line":153,"column":4},"end":{"line":153,"column":30}},"54":{"start":{"line":154,"column":4},"end":{"line":154,"column":36}},"55":{"start":{"line":155,"column":4},"end":{"line":155,"column":29}},"56":{"start":{"line":157,"column":4},"end":{"line":157,"column":38}},"57":{"start":{"line":159,"column":4},"end":{"line":159,"column":37}},"58":{"start":{"line":160,"column":4},"end":{"line":160,"column":25}},"59":{"start":{"line":163,"column":4},"end":{"line":176,"column":7}},"60":{"start":{"line":178,"column":4},"end":{"line":182,"column":7}},"61":{"start":{"line":184,"column":4},"end":{"line":184,"column":16}},"62":{"start":{"line":191,"column":0},"end":{"line":231,"column":2}},"63":{"start":{"line":192,"column":2},"end":{"line":230,"column":3}},"64":{"start":{"line":193,"column":20},"end":{"line":193,"column":107}},"65":{"start":{"line":195,"column":4},"end":{"line":197,"column":5}},"66":{"start":{"line":196,"column":6},"end":{"line":196,"column":71}},"67":{"start":{"line":199,"column":20},"end":{"line":199,"column":38}},"68":{"start":{"line":201,"column":4},"end":{"line":201,"column":29}},"69":{"start":{"line":202,"column":4},"end":{"line":202,"column":29}},"70":{"start":{"line":203,"column":4},"end":{"line":203,"column":37}},"71":{"start":{"line":204,"column":4},"end":{"line":204,"column":35}},"72":{"start":{"line":205,"column":4},"end":{"line":205,"column":25}},"73":{"start":{"line":208,"column":4},"end":{"line":222,"column":7}},"74":{"start":{"line":224,"column":4},"end":{"line":227,"column":7}},"75":{"start":{"line":229,"column":4},"end":{"line":229,"column":16}},"76":{"start":{"line":236,"column":0},"end":{"line":281,"column":2}},"77":{"start":{"line":237,"column":2},"end":{"line":280,"column":3}},"78":{"start":{"line":238,"column":20},"end":{"line":238,"column":107}},"79":{"start":{"line":239,"column":4},"end":{"line":241,"column":5}},"80":{"start":{"line":240,"column":6},"end":{"line":240,"column":71}},"81":{"start":{"line":243,"column":4},"end":{"line":245,"column":5}},"82":{"start":{"line":244,"column":6},"end":{"line":244,"column":88}},"83":{"start":{"line":247,"column":20},"end":{"line":247,"column":38}},"84":{"start":{"line":249,"column":21},"end":{"line":252,"column":6}},"85":{"start":{"line":254,"column":4},"end":{"line":254,"column":32}},"86":{"start":{"line":255,"column":4},"end":{"line":255,"column":37}},"87":{"start":{"line":256,"column":4},"end":{"line":256,"column":25}},"88":{"start":{"line":258,"column":4},"end":{"line":270,"column":7}},"89":{"start":{"line":272,"column":4},"end":{"line":277,"column":7}},"90":{"start":{"line":279,"column":4},"end":{"line":279,"column":16}},"91":{"start":{"line":283,"column":0},"end":{"line":298,"column":2}},"92":{"start":{"line":284,"column":2},"end":{"line":297,"column":3}},"93":{"start":{"line":285,"column":66},"end":{"line":285,"column":74}},"94":{"start":{"line":286,"column":19},"end":{"line":289,"column":5}},"95":{"start":{"line":290,"column":4},"end":{"line":294,"column":7}},"96":{"start":{"line":296,"column":4},"end":{"line":296,"column":16}},"97":{"start":{"line":300,"column":0},"end":{"line":317,"column":2}},"98":{"start":{"line":301,"column":2},"end":{"line":316,"column":3}},"99":{"start":{"line":302,"column":20},"end":{"line":302,"column":107}},"100":{"start":{"line":303,"column":4},"end":{"line":305,"column":5}},"101":{"start":{"line":304,"column":6},"end":{"line":304,"column":71}},"102":{"start":{"line":306,"column":4},"end":{"line":313,"column":7}},"103":{"start":{"line":315,"column":4},"end":{"line":315,"column":16}}},"fnMap":{"0":{"name":"(anonymous_0)","decl":{"start":{"line":10,"column":24},"end":{"line":10,"column":25}},"loc":{"start":{"line":10,"column":50},"end":{"line":66,"column":1}},"line":10},"1":{"name":"(anonymous_1)","decl":{"start":{"line":71,"column":22},"end":{"line":71,"column":23}},"loc":{"start":{"line":71,"column":48},"end":{"line":117,"column":1}},"line":71},"2":{"name":"(anonymous_2)","decl":{"start":{"line":122,"column":25},"end":{"line":122,"column":26}},"loc":{"start":{"line":122,"column":51},"end":{"line":137,"column":1}},"line":122},"3":{"name":"(anonymous_3)","decl":{"start":{"line":142,"column":24},"end":{"line":142,"column":25}},"loc":{"start":{"line":142,"column":50},"end":{"line":186,"column":1}},"line":142},"4":{"name":"(anonymous_4)","decl":{"start":{"line":191,"column":24},"end":{"line":191,"column":25}},"loc":{"start":{"line":191,"column":50},"end":{"line":231,"column":1}},"line":191},"5":{"name":"(anonymous_5)","decl":{"start":{"line":236,"column":22},"end":{"line":236,"column":23}},"loc":{"start":{"line":236,"column":48},"end":{"line":281,"column":1}},"line":236},"6":{"name":"(anonymous_6)","decl":{"start":{"line":283,"column":30},"end":{"line":283,"column":31}},"loc":{"start":{"line":283,"column":56},"end":{"line":298,"column":1}},"line":283},"7":{"name":"(anonymous_7)","decl":{"start":{"line":300,"column":30},"end":{"line":300,"column":31}},"loc":{"start":{"line":300,"column":56},"end":{"line":317,"column":1}},"line":300}},"branchMap":{"0":{"loc":{"start":{"line":73,"column":17},"end":{"line":73,"column":46}},"type":"binary-expr","locations":[{"start":{"line":73,"column":17},"end":{"line":73,"column":41}},{"start":{"line":73,"column":45},"end":{"line":73,"column":46}}],"line":73},"1":{"loc":{"start":{"line":74,"column":18},"end":{"line":74,"column":49}},"type":"binary-expr","locations":[{"start":{"line":74,"column":18},"end":{"line":74,"column":43}},{"start":{"line":74,"column":47},"end":{"line":74,"column":49}}],"line":74},"2":{"loc":{"start":{"line":78,"column":4},"end":{"line":78,"column":63}},"type":"if","locations":[{"start":{"line":78,"column":4},"end":{"line":78,"column":63}},{"start":{},"end":{}}],"line":78},"3":{"loc":{"start":{"line":79,"column":4},"end":{"line":79,"column":62}},"type":"if","locations":[{"start":{"line":79,"column":4},"end":{"line":79,"column":62}},{"start":{},"end":{}}],"line":79},"4":{"loc":{"start":{"line":80,"column":4},"end":{"line":80,"column":90}},"type":"if","locations":[{"start":{"line":80,"column":4},"end":{"line":80,"column":90}},{"start":{},"end":{}}],"line":80},"5":{"loc":{"start":{"line":82,"column":4},"end":{"line":89,"column":5}},"type":"if","locations":[{"start":{"line":82,"column":4},"end":{"line":89,"column":5}},{"start":{},"end":{}}],"line":82},"6":{"loc":{"start":{"line":126,"column":4},"end":{"line":128,"column":5}},"type":"if","locations":[{"start":{"line":126,"column":4},"end":{"line":128,"column":5}},{"start":{},"end":{}}],"line":126},"7":{"loc":{"start":{"line":146,"column":4},"end":{"line":148,"column":5}},"type":"if","locations":[{"start":{"line":146,"column":4},"end":{"line":148,"column":5}},{"start":{},"end":{}}],"line":146},"8":{"loc":{"start":{"line":195,"column":4},"end":{"line":197,"column":5}},"type":"if","locations":[{"start":{"line":195,"column":4},"end":{"line":197,"column":5}},{"start":{},"end":{}}],"line":195},"9":{"loc":{"start":{"line":239,"column":4},"end":{"line":241,"column":5}},"type":"if","locations":[{"start":{"line":239,"column":4},"end":{"line":241,"column":5}},{"start":{},"end":{}}],"line":239},"10":{"loc":{"start":{"line":243,"column":4},"end":{"line":245,"column":5}},"type":"if","locations":[{"start":{"line":243,"column":4},"end":{"line":245,"column":5}},{"start":{},"end":{}}],"line":243},"11":{"loc":{"start":{"line":285,"column":12},"end":{"line":285,"column":27}},"type":"default-arg","locations":[{"start":{"line":285,"column":25},"end":{"line":285,"column":27}}],"line":285},"12":{"loc":{"start":{"line":285,"column":42},"end":{"line":285,"column":61}},"type":"default-arg","locations":[{"start":{"line":285,"column":58},"end":{"line":285,"column":61}}],"line":285},"13":{"loc":{"start":{"line":303,"column":4},"end":{"line":305,"column":5}},"type":"if","locations":[{"start":{"line":303,"column":4},"end":{"line":305,"column":5}},{"start":{},"end":{}}],"line":303},"14":{"loc":{"start":{"line":310,"column":18},"end":{"line":310,"column":42}},"type":"binary-expr","locations":[{"start":{"line":310,"column":18},"end":{"line":310,"column":34}},{"start":{"line":310,"column":38},"end":{"line":310,"column":42}}],"line":310}},"s":{"0":1,"1":1,"2":1,"3":1,"4":1,"5":1,"6":0,"7":0,"8":0,"9":0,"10":0,"11":0,"12":0,"13":0,"14":0,"15":0,"16":0,"17":0,"18":0,"19":0,"20":0,"21":1,"22":0,"23":0,"24":0,"25":0,"26":0,"27":0,"28":0,"29":0,"30":0,"31":0,"32":0,"33":0,"34":0,"35":0,"36":0,"37":0,"38":0,"39":0,"40":1,"41":0,"42":0,"43":0,"44":0,"45":0,"46":0,"47":1,"48":0,"49":0,"50":0,"51":0,"52":0,"53":0,"54":0,"55":0,"56":0,"57":0,"58":0,"59":0,"60":0,"61":0,"62":1,"63":0,"64":0,"65":0,"66":0,"67":0,"68":0,"69":0,"70":0,"71":0,"72":0,"73":0,"74":0,"75":0,"76":1,"77":0,"78":0,"79":0,"80":0,"81":0,"82":0,"83":0,"84":0,"85":0,"86":0,"87":0,"88":0,"89":0,"90":0,"91":1,"92":0,"93":0,"94":0,"95":0,"96":0,"97":1,"98":0,"99":0,"100":0,"101":0,"102":0,"103":0},"f":{"0":0,"1":0,"2":0,"3":0,"4":0,"5":0,"6":0,"7":0},"b":{"0":[0,0],"1":[0,0],"2":[0,0],"3":[0,0],"4":[0,0],"5":[0,0],"6":[0,0],"7":[0,0],"8":[0,0],"9":[0,0],"10":[0,0],"11":[0],"12":[0],"13":[0,0],"14":[0,0]},"_coverageSchema":"1a1c01bbd47fc00a2c39e90264f33305004495a9","hash":"b0823e159d706d35eb3701b47e56c8fd116c9830"}
,"D:\\Project\\School ERP\\ERP Backend\\controllers\\user.controller.js": {"path":"D:\\Project\\School ERP\\ERP Backend\\controllers\\user.controller.js","statementMap":{"0":{"start":{"line":1,"column":13},"end":{"line":1,"column":44}},"1":{"start":{"line":2,"column":33},"end":{"line":2,"column":61}},"2":{"start":{"line":3,"column":17},"end":{"line":3,"column":45}},"3":{"start":{"line":4,"column":24},"end":{"line":4,"column":55}},"4":{"start":{"line":6,"column":13},"end":{"line":6,"column":118}},"5":{"start":{"line":8,"column":0},"end":{"line":8,"column":33}},"6":{"start":{"line":9,"column":0},"end":{"line":9,"column":29}},"7":{"start":{"line":10,"column":0},"end":{"line":10,"column":35}},"8":{"start":{"line":11,"column":0},"end":{"line":11,"column":33}},"9":{"start":{"line":12,"column":0},"end":{"line":12,"column":33}},"10":{"start":{"line":14,"column":0},"end":{"line":22,"column":2}},"11":{"start":{"line":15,"column":2},"end":{"line":21,"column":3}},"12":{"start":{"line":16,"column":4},"end":{"line":18,"column":7}},"13":{"start":{"line":20,"column":4},"end":{"line":20,"column":23}},"14":{"start":{"line":24,"column":0},"end":{"line":42,"column":2}},"15":{"start":{"line":25,"column":2},"end":{"line":41,"column":3}},"16":{"start":{"line":26,"column":41},"end":{"line":26,"column":49}},"17":{"start":{"line":27,"column":4},"end":{"line":29,"column":5}},"18":{"start":{"line":28,"column":6},"end":{"line":28,"column":79}},"19":{"start":{"line":30,"column":17},"end":{"line":34,"column":5}},"20":{"start":{"line":35,"column":4},"end":{"line":37,"column":5}},"21":{"start":{"line":36,"column":6},"end":{"line":36,"column":68}},"22":{"start":{"line":38,"column":4},"end":{"line":38,"column":89}},"23":{"start":{"line":40,"column":4},"end":{"line":40,"column":23}}},"fnMap":{"0":{"name":"(anonymous_0)","decl":{"start":{"line":14,"column":19},"end":{"line":14,"column":20}},"loc":{"start":{"line":14,"column":45},"end":{"line":22,"column":1}},"line":14},"1":{"name":"(anonymous_1)","decl":{"start":{"line":24,"column":28},"end":{"line":24,"column":29}},"loc":{"start":{"line":24,"column":54},"end":{"line":42,"column":1}},"line":24}},"branchMap":{"0":{"loc":{"start":{"line":26,"column":20},"end":{"line":26,"column":36}},"type":"default-arg","locations":[{"start":{"line":26,"column":34},"end":{"line":26,"column":36}}],"line":26},"1":{"loc":{"start":{"line":27,"column":4},"end":{"line":29,"column":5}},"type":"if","locations":[{"start":{"line":27,"column":4},"end":{"line":29,"column":5}},{"start":{},"end":{}}],"line":27},"2":{"loc":{"start":{"line":35,"column":4},"end":{"line":37,"column":5}},"type":"if","locations":[{"start":{"line":35,"column":4},"end":{"line":37,"column":5}},{"start":{},"end":{}}],"line":35}},"s":{"0":1,"1":1,"2":1,"3":1,"4":1,"5":1,"6":1,"7":1,"8":1,"9":1,"10":1,"11":0,"12":0,"13":0,"14":1,"15":0,"16":0,"17":0,"18":0,"19":0,"20":0,"21":0,"22":0,"23":0},"f":{"0":0,"1":0},"b":{"0":[0],"1":[0,0],"2":[0,0]},"_coverageSchema":"1a1c01bbd47fc00a2c39e90264f33305004495a9","hash":"f0b434ab447b7d18ca28cdf702ca0860cefc73ae"}
,"D:\\Project\\School ERP\\ERP Backend\\middleware\\auth.middleware.js": {"path":"D:\\Project\\School ERP\\ERP Backend\\middleware\\auth.middleware.js","statementMap":{"0":{"start":{"line":1,"column":12},"end":{"line":1,"column":35}},"1":{"start":{"line":2,"column":13},"end":{"line":2,"column":44}},"2":{"start":{"line":3,"column":17},"end":{"line":3,"column":45}},"3":{"start":{"line":5,"column":0},"end":{"line":41,"column":2}},"4":{"start":{"line":6,"column":2},"end":{"line":40,"column":3}},"5":{"start":{"line":10,"column":4},"end":{"line":12,"column":5}},"6":{"start":{"line":11,"column":6},"end":{"line":11,"column":54}},"7":{"start":{"line":14,"column":4},"end":{"line":16,"column":5}},"8":{"start":{"line":15,"column":6},"end":{"line":15,"column":93}},"9":{"start":{"line":19,"column":20},"end":{"line":19,"column":61}},"10":{"start":{"line":22,"column":17},"end":{"line":22,"column":52}},"11":{"start":{"line":23,"column":4},"end":{"line":25,"column":5}},"12":{"start":{"line":24,"column":6},"end":{"line":24,"column":93}},"13":{"start":{"line":28,"column":4},"end":{"line":28,"column":20}},"14":{"start":{"line":29,"column":4},"end":{"line":29,"column":70}},"15":{"start":{"line":30,"column":4},"end":{"line":30,"column":11}},"16":{"start":{"line":33,"column":4},"end":{"line":35,"column":5}},"17":{"start":{"line":34,"column":6},"end":{"line":34,"column":70}},"18":{"start":{"line":36,"column":4},"end":{"line":38,"column":5}},"19":{"start":{"line":37,"column":6},"end":{"line":37,"column":91}},"20":{"start":{"line":39,"column":4},"end":{"line":39,"column":16}},"21":{"start":{"line":43,"column":0},"end":{"line":62,"column":2}},"22":{"start":{"line":44,"column":2},"end":{"line":61,"column":4}},"23":{"start":{"line":45,"column":4},"end":{"line":47,"column":5}},"24":{"start":{"line":46,"column":6},"end":{"line":46,"column":93}},"25":{"start":{"line":49,"column":4},"end":{"line":51,"column":5}},"26":{"start":{"line":50,"column":6},"end":{"line":50,"column":20}},"27":{"start":{"line":53,"column":31},"end":{"line":53,"column":57}},"28":{"start":{"line":54,"column":26},"end":{"line":54,"column":81}},"29":{"start":{"line":54,"column":50},"end":{"line":54,"column":80}},"30":{"start":{"line":56,"column":4},"end":{"line":58,"column":5}},"31":{"start":{"line":57,"column":6},"end":{"line":57,"column":86}},"32":{"start":{"line":60,"column":4},"end":{"line":60,"column":18}}},"fnMap":{"0":{"name":"(anonymous_0)","decl":{"start":{"line":5,"column":18},"end":{"line":5,"column":19}},"loc":{"start":{"line":5,"column":44},"end":{"line":41,"column":1}},"line":5},"1":{"name":"(anonymous_1)","decl":{"start":{"line":43,"column":28},"end":{"line":43,"column":29}},"loc":{"start":{"line":43,"column":48},"end":{"line":62,"column":1}},"line":43},"2":{"name":"(anonymous_2)","decl":{"start":{"line":44,"column":9},"end":{"line":44,"column":10}},"loc":{"start":{"line":44,"column":29},"end":{"line":61,"column":3}},"line":44},"3":{"name":"(anonymous_3)","decl":{"start":{"line":54,"column":43},"end":{"line":54,"column":44}},"loc":{"start":{"line":54,"column":50},"end":{"line":54,"column":80}},"line":54}},"branchMap":{"0":{"loc":{"start":{"line":10,"column":4},"end":{"line":12,"column":5}},"type":"if","locations":[{"start":{"line":10,"column":4},"end":{"line":12,"column":5}},{"start":{},"end":{}}],"line":10},"1":{"loc":{"start":{"line":10,"column":8},"end":{"line":10,"column":83}},"type":"binary-expr","locations":[{"start":{"line":10,"column":8},"end":{"line":10,"column":33}},{"start":{"line":10,"column":37},"end":{"line":10,"column":83}}],"line":10},"2":{"loc":{"start":{"line":14,"column":4},"end":{"line":16,"column":5}},"type":"if","locations":[{"start":{"line":14,"column":4},"end":{"line":16,"column":5}},{"start":{},"end":{}}],"line":14},"3":{"loc":{"start":{"line":23,"column":4},"end":{"line":25,"column":5}},"type":"if","locations":[{"start":{"line":23,"column":4},"end":{"line":25,"column":5}},{"start":{},"end":{}}],"line":23},"4":{"loc":{"start":{"line":23,"column":8},"end":{"line":23,"column":31}},"type":"binary-expr","locations":[{"start":{"line":23,"column":8},"end":{"line":23,"column":13}},{"start":{"line":23,"column":17},"end":{"line":23,"column":31}}],"line":23},"5":{"loc":{"start":{"line":29,"column":19},"end":{"line":29,"column":69}},"type":"binary-expr","locations":[{"start":{"line":29,"column":19},"end":{"line":29,"column":35}},{"start":{"line":29,"column":39},"end":{"line":29,"column":52}},{"start":{"line":29,"column":56},"end":{"line":29,"column":69}}],"line":29},"6":{"loc":{"start":{"line":33,"column":4},"end":{"line":35,"column":5}},"type":"if","locations":[{"start":{"line":33,"column":4},"end":{"line":35,"column":5}},{"start":{},"end":{}}],"line":33},"7":{"loc":{"start":{"line":36,"column":4},"end":{"line":38,"column":5}},"type":"if","locations":[{"start":{"line":36,"column":4},"end":{"line":38,"column":5}},{"start":{},"end":{}}],"line":36},"8":{"loc":{"start":{"line":45,"column":4},"end":{"line":47,"column":5}},"type":"if","locations":[{"start":{"line":45,"column":4},"end":{"line":47,"column":5}},{"start":{},"end":{}}],"line":45},"9":{"loc":{"start":{"line":49,"column":4},"end":{"line":51,"column":5}},"type":"if","locations":[{"start":{"line":49,"column":4},"end":{"line":51,"column":5}},{"start":{},"end":{}}],"line":49},"10":{"loc":{"start":{"line":49,"column":8},"end":{"line":49,"column":66}},"type":"binary-expr","locations":[{"start":{"line":49,"column":8},"end":{"line":49,"column":37}},{"start":{"line":49,"column":41},"end":{"line":49,"column":66}}],"line":49},"11":{"loc":{"start":{"line":53,"column":31},"end":{"line":53,"column":57}},"type":"binary-expr","locations":[{"start":{"line":53,"column":31},"end":{"line":53,"column":51}},{"start":{"line":53,"column":55},"end":{"line":53,"column":57}}],"line":53},"12":{"loc":{"start":{"line":56,"column":4},"end":{"line":58,"column":5}},"type":"if","locations":[{"start":{"line":56,"column":4},"end":{"line":58,"column":5}},{"start":{},"end":{}}],"line":56}},"s":{"0":1,"1":1,"2":1,"3":1,"4":0,"5":0,"6":0,"7":0,"8":0,"9":0,"10":0,"11":0,"12":0,"13":0,"14":0,"15":0,"16":0,"17":0,"18":0,"19":0,"20":0,"21":1,"22":0,"23":0,"24":0,"25":0,"26":0,"27":0,"28":0,"29":0,"30":0,"31":0,"32":0},"f":{"0":0,"1":0,"2":0,"3":0},"b":{"0":[0,0],"1":[0,0],"2":[0,0],"3":[0,0],"4":[0,0],"5":[0,0,0],"6":[0,0],"7":[0,0],"8":[0,0],"9":[0,0],"10":[0,0],"11":[0,0],"12":[0,0]},"_coverageSchema":"1a1c01bbd47fc00a2c39e90264f33305004495a9","hash":"ed055bea999dc015906322272485ab8cbf991239"}
,"D:\\Project\\School ERP\\ERP Backend\\middleware\\errorHandler.middleware.js": {"path":"D:\\Project\\School ERP\\ERP Backend\\middleware\\errorHandler.middleware.js","statementMap":{"0":{"start":{"line":1,"column":15},"end":{"line":1,"column":41}},"1":{"start":{"line":3,"column":0},"end":{"line":56,"column":2}},"2":{"start":{"line":5,"column":2},"end":{"line":12,"column":5}},"3":{"start":{"line":15,"column":19},"end":{"line":15,"column":40}},"4":{"start":{"line":16,"column":16},"end":{"line":16,"column":54}},"5":{"start":{"line":17,"column":18},"end":{"line":17,"column":46}},"6":{"start":{"line":18,"column":21},"end":{"line":18,"column":25}},"7":{"start":{"line":21,"column":2},"end":{"line":29,"column":3}},"8":{"start":{"line":22,"column":4},"end":{"line":22,"column":21}},"9":{"start":{"line":23,"column":4},"end":{"line":23,"column":33}},"10":{"start":{"line":24,"column":4},"end":{"line":24,"column":35}},"11":{"start":{"line":25,"column":4},"end":{"line":28,"column":8}},"12":{"start":{"line":25,"column":55},"end":{"line":28,"column":5}},"13":{"start":{"line":32,"column":2},"end":{"line":38,"column":3}},"14":{"start":{"line":33,"column":4},"end":{"line":33,"column":21}},"15":{"start":{"line":34,"column":18},"end":{"line":34,"column":48}},"16":{"start":{"line":35,"column":4},"end":{"line":35,"column":45}},"17":{"start":{"line":36,"column":4},"end":{"line":36,"column":34}},"18":{"start":{"line":37,"column":4},"end":{"line":37,"column":29}},"19":{"start":{"line":41,"column":2},"end":{"line":45,"column":3}},"20":{"start":{"line":42,"column":4},"end":{"line":42,"column":21}},"21":{"start":{"line":43,"column":4},"end":{"line":43,"column":47}},"22":{"start":{"line":44,"column":4},"end":{"line":44,"column":29}},"23":{"start":{"line":47,"column":2},"end":{"line":55,"column":5}}},"fnMap":{"0":{"name":"(anonymous_0)","decl":{"start":{"line":3,"column":23},"end":{"line":3,"column":24}},"loc":{"start":{"line":3,"column":48},"end":{"line":56,"column":1}},"line":3},"1":{"name":"(anonymous_1)","decl":{"start":{"line":25,"column":49},"end":{"line":25,"column":50}},"loc":{"start":{"line":25,"column":55},"end":{"line":28,"column":5}},"line":25}},"branchMap":{"0":{"loc":{"start":{"line":11,"column":10},"end":{"line":11,"column":52}},"type":"cond-expr","locations":[{"start":{"line":11,"column":21},"end":{"line":11,"column":38}},{"start":{"line":11,"column":41},"end":{"line":11,"column":52}}],"line":11},"1":{"loc":{"start":{"line":15,"column":19},"end":{"line":15,"column":40}},"type":"binary-expr","locations":[{"start":{"line":15,"column":19},"end":{"line":15,"column":33}},{"start":{"line":15,"column":37},"end":{"line":15,"column":40}}],"line":15},"2":{"loc":{"start":{"line":16,"column":16},"end":{"line":16,"column":54}},"type":"binary-expr","locations":[{"start":{"line":16,"column":16},"end":{"line":16,"column":27}},{"start":{"line":16,"column":31},"end":{"line":16,"column":54}}],"line":16},"3":{"loc":{"start":{"line":17,"column":18},"end":{"line":17,"column":46}},"type":"binary-expr","locations":[{"start":{"line":17,"column":18},"end":{"line":17,"column":26}},{"start":{"line":17,"column":30},"end":{"line":17,"column":46}}],"line":17},"4":{"loc":{"start":{"line":21,"column":2},"end":{"line":29,"column":3}},"type":"if","locations":[{"start":{"line":21,"column":2},"end":{"line":29,"column":3}},{"start":{},"end":{}}],"line":21},"5":{"loc":{"start":{"line":32,"column":2},"end":{"line":38,"column":3}},"type":"if","locations":[{"start":{"line":32,"column":2},"end":{"line":38,"column":3}},{"start":{},"end":{}}],"line":32},"6":{"loc":{"start":{"line":41,"column":2},"end":{"line":45,"column":3}},"type":"if","locations":[{"start":{"line":41,"column":2},"end":{"line":45,"column":3}},{"start":{},"end":{}}],"line":41},"7":{"loc":{"start":{"line":52,"column":10},"end":{"line":52,"column":51}},"type":"binary-expr","locations":[{"start":{"line":52,"column":10},"end":{"line":52,"column":22}},{"start":{"line":52,"column":26},"end":{"line":52,"column":51}}],"line":52}},"s":{"0":1,"1":1,"2":0,"3":0,"4":0,"5":0,"6":0,"7":0,"8":0,"9":0,"10":0,"11":0,"12":0,"13":0,"14":0,"15":0,"16":0,"17":0,"18":0,"19":0,"20":0,"21":0,"22":0,"23":0},"f":{"0":0,"1":0},"b":{"0":[0,0],"1":[0,0],"2":[0,0],"3":[0,0],"4":[0,0],"5":[0,0],"6":[0,0],"7":[0,0]},"_coverageSchema":"1a1c01bbd47fc00a2c39e90264f33305004495a9","hash":"4a82b61644b25203fd11b831768378a970e8f159"}
,"D:\\Project\\School ERP\\ERP Backend\\middleware\\notFound.middleware.js": {"path":"D:\\Project\\School ERP\\ERP Backend\\middleware\\notFound.middleware.js","statementMap":{"0":{"start":{"line":1,"column":22},"end":{"line":1,"column":53}},"1":{"start":{"line":3,"column":0},"end":{"line":9,"column":2}},"2":{"start":{"line":4,"column":2},"end":{"line":8,"column":5}}},"fnMap":{"0":{"name":"(anonymous_0)","decl":{"start":{"line":3,"column":26},"end":{"line":3,"column":27}},"loc":{"start":{"line":3,"column":40},"end":{"line":9,"column":1}},"line":3}},"branchMap":{},"s":{"0":1,"1":1,"2":1},"f":{"0":1},"b":{},"_coverageSchema":"1a1c01bbd47fc00a2c39e90264f33305004495a9","hash":"b8229a4b95a11ed2cee400ebbec8b4eb3520e21e"}
,"D:\\Project\\School ERP\\ERP Backend\\middleware\\rateLimit.middleware.js": {"path":"D:\\Project\\School ERP\\ERP Backend\\middleware\\rateLimit.middleware.js","statementMap":{"0":{"start":{"line":1,"column":18},"end":{"line":1,"column":47}},"1":{"start":{"line":3,"column":0},"end":{"line":8,"column":3}},"2":{"start":{"line":10,"column":0},"end":{"line":20,"column":3}}},"fnMap":{},"branchMap":{},"s":{"0":1,"1":1,"2":1},"f":{},"b":{},"_coverageSchema":"1a1c01bbd47fc00a2c39e90264f33305004495a9","hash":"2aab3c96084973e6dc5426456daa22c10afc6b5f"}
,"D:\\Project\\School ERP\\ERP Backend\\middleware\\rbac.middleware.js": {"path":"D:\\Project\\School ERP\\ERP Backend\\middleware\\rbac.middleware.js","statementMap":{"0":{"start":{"line":1,"column":17},"end":{"line":1,"column":45}},"1":{"start":{"line":3,"column":0},"end":{"line":12,"column":2}},"2":{"start":{"line":4,"column":2},"end":{"line":11,"column":4}},"3":{"start":{"line":5,"column":4},"end":{"line":9,"column":5}},"4":{"start":{"line":6,"column":6},"end":{"line":8,"column":8}},"5":{"start":{"line":10,"column":4},"end":{"line":10,"column":11}}},"fnMap":{"0":{"name":"(anonymous_0)","decl":{"start":{"line":3,"column":20},"end":{"line":3,"column":21}},"loc":{"start":{"line":3,"column":34},"end":{"line":12,"column":1}},"line":3},"1":{"name":"(anonymous_1)","decl":{"start":{"line":4,"column":9},"end":{"line":4,"column":10}},"loc":{"start":{"line":4,"column":29},"end":{"line":11,"column":3}},"line":4}},"branchMap":{"0":{"loc":{"start":{"line":5,"column":4},"end":{"line":9,"column":5}},"type":"if","locations":[{"start":{"line":5,"column":4},"end":{"line":9,"column":5}},{"start":{},"end":{}}],"line":5},"1":{"loc":{"start":{"line":5,"column":8},"end":{"line":5,"column":51}},"type":"binary-expr","locations":[{"start":{"line":5,"column":8},"end":{"line":5,"column":17}},{"start":{"line":5,"column":21},"end":{"line":5,"column":51}}],"line":5}},"s":{"0":1,"1":1,"2":45,"3":0,"4":0,"5":0},"f":{"0":45,"1":0},"b":{"0":[0,0],"1":[0,0]},"_coverageSchema":"1a1c01bbd47fc00a2c39e90264f33305004495a9","hash":"8a9f2ba51587291028e9f2538b54b72f51764e03"}
,"D:\\Project\\School ERP\\ERP Backend\\models\\Attendance.model.js": {"path":"D:\\Project\\School ERP\\ERP Backend\\models\\Attendance.model.js","statementMap":{"0":{"start":{"line":1,"column":17},"end":{"line":1,"column":36}},"1":{"start":{"line":3,"column":25},"end":{"line":17,"column":1}},"2":{"start":{"line":19,"column":0},"end":{"line":19,"column":104}},"3":{"start":{"line":20,"column":0},"end":{"line":20,"column":102}},"4":{"start":{"line":22,"column":0},"end":{"line":22,"column":64}}},"fnMap":{},"branchMap":{},"s":{"0":1,"1":1,"2":1,"3":1,"4":1},"f":{},"b":{},"_coverageSchema":"1a1c01bbd47fc00a2c39e90264f33305004495a9","hash":"0aea4514c2f357a2293a2d513a9c33a91f22c6ea"}
,"D:\\Project\\School ERP\\ERP Backend\\models\\AuditLog.model.js": {"path":"D:\\Project\\School ERP\\ERP Backend\\models\\AuditLog.model.js","statementMap":{"0":{"start":{"line":1,"column":17},"end":{"line":1,"column":36}},"1":{"start":{"line":3,"column":23},"end":{"line":29,"column":57}},"2":{"start":{"line":31,"column":0},"end":{"line":31,"column":51}},"3":{"start":{"line":32,"column":0},"end":{"line":32,"column":36}},"4":{"start":{"line":33,"column":0},"end":{"line":33,"column":36}},"5":{"start":{"line":34,"column":0},"end":{"line":34,"column":39}},"6":{"start":{"line":35,"column":0},"end":{"line":35,"column":40}},"7":{"start":{"line":37,"column":0},"end":{"line":37,"column":60}}},"fnMap":{},"branchMap":{},"s":{"0":1,"1":1,"2":1,"3":1,"4":1,"5":1,"6":1,"7":1},"f":{},"b":{},"_coverageSchema":"1a1c01bbd47fc00a2c39e90264f33305004495a9","hash":"0a58e023c07c93fa998bf08611dfe544b5c831b8"}
,"D:\\Project\\School ERP\\ERP Backend\\models\\CalendarEvent.model.js": {"path":"D:\\Project\\School ERP\\ERP Backend\\models\\CalendarEvent.model.js","statementMap":{"0":{"start":{"line":1,"column":17},"end":{"line":1,"column":36}},"1":{"start":{"line":3,"column":28},"end":{"line":13,"column":1}},"2":{"start":{"line":15,"column":0},"end":{"line":15,"column":70}}},"fnMap":{},"branchMap":{},"s":{"0":1,"1":1,"2":1},"f":{},"b":{},"_coverageSchema":"1a1c01bbd47fc00a2c39e90264f33305004495a9","hash":"26c4a5f4ec556a7d774a181c3d686714a5815c78"}
,"D:\\Project\\School ERP\\ERP Backend\\models\\ClassSubject.model.js": {"path":"D:\\Project\\School ERP\\ERP Backend\\models\\ClassSubject.model.js","statementMap":{"0":{"start":{"line":1,"column":17},"end":{"line":1,"column":36}},"1":{"start":{"line":3,"column":27},"end":{"line":12,"column":1}},"2":{"start":{"line":14,"column":0},"end":{"line":14,"column":74}},"3":{"start":{"line":16,"column":0},"end":{"line":16,"column":68}}},"fnMap":{},"branchMap":{},"s":{"0":1,"1":1,"2":1,"3":1},"f":{},"b":{},"_coverageSchema":"1a1c01bbd47fc00a2c39e90264f33305004495a9","hash":"536ae915a52fe9392c9531933dd99da47c645b35"}
,"D:\\Project\\School ERP\\ERP Backend\\models\\Counter.model.js": {"path":"D:\\Project\\School ERP\\ERP Backend\\models\\Counter.model.js","statementMap":{"0":{"start":{"line":1,"column":17},"end":{"line":1,"column":36}},"1":{"start":{"line":3,"column":22},"end":{"line":6,"column":2}},"2":{"start":{"line":8,"column":0},"end":{"line":8,"column":58}}},"fnMap":{},"branchMap":{},"s":{"0":1,"1":1,"2":1},"f":{},"b":{},"_coverageSchema":"1a1c01bbd47fc00a2c39e90264f33305004495a9","hash":"f7a4b5a8f7d7d5e9724acb663b9b0b09be7cecdf"}
,"D:\\Project\\School ERP\\ERP Backend\\models\\Discount.model.js": {"path":"D:\\Project\\School ERP\\ERP Backend\\models\\Discount.model.js","statementMap":{"0":{"start":{"line":1,"column":17},"end":{"line":1,"column":36}},"1":{"start":{"line":3,"column":23},"end":{"line":15,"column":1}},"2":{"start":{"line":17,"column":0},"end":{"line":17,"column":60}}},"fnMap":{},"branchMap":{},"s":{"0":1,"1":1,"2":1},"f":{},"b":{},"_coverageSchema":"1a1c01bbd47fc00a2c39e90264f33305004495a9","hash":"3b850b768fe24d8c2f6cdf6a5604cb3420745b72"}
,"D:\\Project\\School ERP\\ERP Backend\\models\\Exam.model.js": {"path":"D:\\Project\\School ERP\\ERP Backend\\models\\Exam.model.js","statementMap":{"0":{"start":{"line":1,"column":17},"end":{"line":1,"column":36}},"1":{"start":{"line":3,"column":19},"end":{"line":20,"column":1}},"2":{"start":{"line":22,"column":0},"end":{"line":22,"column":52}}},"fnMap":{},"branchMap":{},"s":{"0":1,"1":1,"2":1},"f":{},"b":{},"_coverageSchema":"1a1c01bbd47fc00a2c39e90264f33305004495a9","hash":"4479551e041d4b046aae83941d54fb6e4842b688"}
,"D:\\Project\\School ERP\\ERP Backend\\models\\Expense.model.js": {"path":"D:\\Project\\School ERP\\ERP Backend\\models\\Expense.model.js","statementMap":{"0":{"start":{"line":1,"column":17},"end":{"line":1,"column":36}},"1":{"start":{"line":3,"column":22},"end":{"line":16,"column":1}},"2":{"start":{"line":18,"column":0},"end":{"line":18,"column":58}}},"fnMap":{},"branchMap":{},"s":{"0":1,"1":1,"2":1},"f":{},"b":{},"_coverageSchema":"1a1c01bbd47fc00a2c39e90264f33305004495a9","hash":"8eae0529ea93c2bd8c37443da703086a73cf1086"}
,"D:\\Project\\School ERP\\ERP Backend\\models\\FeeCollection.model.js": {"path":"D:\\Project\\School ERP\\ERP Backend\\models\\FeeCollection.model.js","statementMap":{"0":{"start":{"line":1,"column":17},"end":{"line":1,"column":36}},"1":{"start":{"line":3,"column":28},"end":{"line":16,"column":1}},"2":{"start":{"line":18,"column":0},"end":{"line":18,"column":70}}},"fnMap":{},"branchMap":{},"s":{"0":1,"1":1,"2":1},"f":{},"b":{},"_coverageSchema":"1a1c01bbd47fc00a2c39e90264f33305004495a9","hash":"21ec632f7a6299b8171daa1e0dd47ac44e4d8ff2"}
[...]
,"D:\\Project\\School ERP\\ERP Backend\\services\\audit.service.js": {"path":"D:\\Project\\School ERP\\ERP Backend\\services\\audit.service.js","statementMap":{"0":{"start":{"line":1,"column":17},"end":{"line":1,"column":52}},"1":{"start":{"line":2,"column":15},"end":{"line":2,"column":41}},"2":{"start":{"line":4,"column":0},"end":{"line":29,"column":2}},"3":{"start":{"line":5,"column":2},"end":{"line":28,"column":3}},"4":{"start":{"line":6,"column":21},"end":{"line":23,"column":6}},"5":{"start":{"line":25,"column":4},"end":{"line":25,"column":26}},"6":{"start":{"line":27,"column":4},"end":{"line":27,"column":53}},"7":{"start":{"line":31,"column":23},"end":{"line":54,"column":1}},"8":{"start":{"line":32,"column":18},"end":{"line":32,"column":20}},"9":{"start":{"line":35,"column":19},"end":{"line":35,"column":63}},"10":{"start":{"line":36,"column":19},"end":{"line":36,"column":63}},"11":{"start":{"line":38,"column":18},"end":{"line":38,"column":91}},"12":{"start":{"line":40,"column":2},"end":{"line":51,"column":5}},"13":{"start":{"line":42,"column":4},"end":{"line":42,"column":71}},"14":{"start":{"line":42,"column":64},"end":{"line":42,"column":71}},"15":{"start":{"line":44,"column":4},"end":{"line":50,"column":5}},"16":{"start":{"line":45,"column":6},"end":{"line":49,"column":9}},"17":{"start":{"line":53,"column":2},"end":{"line":53,"column":17}}},"fnMap":{"0":{"name":"(anonymous_0)","decl":{"start":{"line":4,"column":20},"end":{"line":4,"column":21}},"loc":{"start":{"line":4,"column":41},"end":{"line":29,"column":1}},"line":4},"1":{"name":"(anonymous_1)","decl":{"start":{"line":31,"column":23},"end":{"line":31,"column":24}},"loc":{"start":{"line":31,"column":43},"end":{"line":54,"column":1}},"line":31},"2":{"name":"(anonymous_2)","decl":{"start":{"line":40,"column":18},"end":{"line":40,"column":19}},"loc":{"start":{"line":40,"column":25},"end":{"line":51,"column":3}},"line":40}},"branchMap":{"0":{"loc":{"start":{"line":17,"column":17},"end":{"line":17,"column":45}},"type":"binary-expr","locations":[{"start":{"line":17,"column":17},"end":{"line":17,"column":36}},{"start":{"line":17,"column":40},"end":{"line":17,"column":45}}],"line":17},"1":{"loc":{"start":{"line":20,"column":10},"end":{"line":22,"column":7}},"type":"binary-expr","locations":[{"start":{"line":20,"column":10},"end":{"line":20,"column":28}},{"start":{"line":20,"column":32},"end":{"line":20,"column":50}},{"start":{"line":20,"column":54},"end":{"line":22,"column":7}}],"line":20},"2":{"loc":{"start":{"line":35,"column":19},"end":{"line":35,"column":63}},"type":"cond-expr","locations":[{"start":{"line":35,"column":37},"end":{"line":35,"column":54}},{"start":{"line":35,"column":57},"end":{"line":35,"column":63}}],"line":35},"3":{"loc":{"start":{"line":36,"column":19},"end":{"line":36,"column":63}},"type":"cond-expr","locations":[{"start":{"line":36,"column":37},"end":{"line":36,"column":54}},{"start":{"line":36,"column":57},"end":{"line":36,"column":63}}],"line":36},"4":{"loc":{"start":{"line":38,"column":42},"end":{"line":38,"column":56}},"type":"binary-expr","locations":[{"start":{"line":38,"column":42},"end":{"line":38,"column":50}},{"start":{"line":38,"column":54},"end":{"line":38,"column":56}}],"line":38},"5":{"loc":{"start":{"line":38,"column":74},"end":{"line":38,"column":88}},"type":"binary-expr","locations":[{"start":{"line":38,"column":74},"end":{"line":38,"column":82}},{"start":{"line":38,"column":86},"end":{"line":38,"column":88}}],"line":38},"6":{"loc":{"start":{"line":42,"column":4},"end":{"line":42,"column":71}},"type":"if","locations":[{"start":{"line":42,"column":4},"end":{"line":42,"column":71}},{"start":{},"end":{}}],"line":42},"7":{"loc":{"start":{"line":44,"column":4},"end":{"line":50,"column":5}},"type":"if","locations":[{"start":{"line":44,"column":4},"end":{"line":50,"column":5}},{"start":{},"end":{}}],"line":44}},"s":{"0":1,"1":1,"2":1,"3":0,"4":0,"5":0,"6":0,"7":1,"8":0,"9":0,"10":0,"11":0,"12":0,"13":0,"14":0,"15":0,"16":0,"17":0},"f":{"0":0,"1":0,"2":0},"b":{"0":[0,0],"1":[0,0,0],"2":[0,0],"3":[0,0],"4":[0,0],"5":[0,0],"6":[0,0],"7":[0,0]},"_coverageSchema":"1a1c01bbd47fc00a2c39e90264f33305004495a9","hash":"d32f1af29f838f543f9332403e13ffe342f4d0c6"}
,"D:\\Project\\School ERP\\ERP Backend\\services\\cloudinary.service.js": {"path":"D:\\Project\\School ERP\\ERP Backend\\services\\cloudinary.service.js","statementMap":{"0":{"start":{"line":1,"column":19},"end":{"line":1,"column":43}},"1":{"start":{"line":2,"column":11},"end":{"line":2,"column":24}},"2":{"start":{"line":4,"column":0},"end":{"line":8,"column":3}},"3":{"start":{"line":10,"column":0},"end":{"line":38,"column":2}},"4":{"start":{"line":11,"column":2},"end":{"line":37,"column":3}},"5":{"start":{"line":12,"column":4},"end":{"line":12,"column":51}},"6":{"start":{"line":12,"column":15},"end":{"line":12,"column":51}},"7":{"start":{"line":15,"column":29},"end":{"line":18,"column":5}},"8":{"start":{"line":20,"column":19},"end":{"line":24,"column":6}},"9":{"start":{"line":27,"column":4},"end":{"line":29,"column":5}},"10":{"start":{"line":28,"column":6},"end":{"line":28,"column":31}},"11":{"start":{"line":31,"column":4},"end":{"line":31,"column":29}},"12":{"start":{"line":33,"column":4},"end":{"line":35,"column":5}},"13":{"start":{"line":34,"column":6},"end":{"line":34,"column":31}},"14":{"start":{"line":36,"column":4},"end":{"line":36,"column":16}},"15":{"start":{"line":40,"column":0},"end":{"line":47,"column":2}},"16":{"start":{"line":41,"column":2},"end":{"line":46,"column":3}},"17":{"start":{"line":42,"column":19},"end":{"line":42,"column":63}},"18":{"start":{"line":43,"column":4},"end":{"line":43,"column":18}},"19":{"start":{"line":45,"column":4},"end":{"line":45,"column":16}}},"fnMap":{"0":{"name":"(anonymous_0)","decl":{"start":{"line":10,"column":22},"end":{"line":10,"column":23}},"loc":{"start":{"line":10,"column":52},"end":{"line":38,"column":1}},"line":10},"1":{"name":"(anonymous_1)","decl":{"start":{"line":40,"column":22},"end":{"line":40,"column":23}},"loc":{"start":{"line":40,"column":43},"end":{"line":47,"column":1}},"line":40}},"branchMap":{"0":{"loc":{"start":{"line":10,"column":35},"end":{"line":10,"column":47}},"type":"default-arg","locations":[{"start":{"line":10,"column":45},"end":{"line":10,"column":47}}],"line":10},"1":{"loc":{"start":{"line":12,"column":4},"end":{"line":12,"column":51}},"type":"if","locations":[{"start":{"line":12,"column":4},"end":{"line":12,"column":51}},{"start":{},"end":{}}],"line":12},"2":{"loc":{"start":{"line":21,"column":14},"end":{"line":21,"column":46}},"type":"binary-expr","locations":[{"start":{"line":21,"column":14},"end":{"line":21,"column":28}},{"start":{"line":21,"column":32},"end":{"line":21,"column":46}}],"line":21},"3":{"loc":{"start":{"line":23,"column":22},"end":{"line":23,"column":64}},"type":"binary-expr","locations":[{"start":{"line":23,"column":22},"end":{"line":23,"column":44}},{"start":{"line":23,"column":48},"end":{"line":23,"column":64}}],"line":23},"4":{"loc":{"start":{"line":27,"column":4},"end":{"line":29,"column":5}},"type":"if","locations":[{"start":{"line":27,"column":4},"end":{"line":29,"column":5}},{"start":{},"end":{}}],"line":27},"5":{"loc":{"start":{"line":33,"column":4},"end":{"line":35,"column":5}},"type":"if","locations":[{"start":{"line":33,"column":4},"end":{"line":35,"column":5}},{"start":{},"end":{}}],"line":33},"6":{"loc":{"start":{"line":33,"column":8},"end":{"line":33,"column":53}},"type":"binary-expr","locations":[{"start":{"line":33,"column":8},"end":{"line":33,"column":12}},{"start":{"line":33,"column":16},"end":{"line":33,"column":25}},{"start":{"line":33,"column":29},"end":{"line":33,"column":53}}],"line":33}},"s":{"0":1,"1":1,"2":1,"3":1,"4":0,"5":0,"6":0,"7":0,"8":0,"9":0,"10":0,"11":0,"12":0,"13":0,"14":0,"15":1,"16":0,"17":0,"18":0,"19":0},"f":{"0":0,"1":0},"b":{"0":[0],"1":[0,0],"2":[0,0],"3":[0,0],"4":[0,0],"5":[0,0],"6":[0,0,0]},"_coverageSchema":"1a1c01bbd47fc00a2c39e90264f33305004495a9","hash":"141b774907ae5b563be927395d9b1e525d7a7dfa"}
,"D:\\Project\\School ERP\\ERP Backend\\utils\\apiResponse.js": {"path":"D:\\Project\\School ERP\\ERP Backend\\utils\\apiResponse.js","statementMap":{"0":{"start":{"line":1,"column":0},"end":{"line":16,"column":2}},"1":{"start":{"line":7,"column":6},"end":{"line":7,"column":13}},"2":{"start":{"line":9,"column":2},"end":{"line":15,"column":5}},"3":{"start":{"line":18,"column":0},"end":{"line":35,"column":2}},"4":{"start":{"line":24,"column":6},"end":{"line":24,"column":13}},"5":{"start":{"line":26,"column":2},"end":{"line":34,"column":5}}},"fnMap":{"0":{"name":"(anonymous_0)","decl":{"start":{"line":1,"column":22},"end":{"line":1,"column":23}},"loc":{"start":{"line":1,"column":45},"end":{"line":16,"column":1}},"line":1},"1":{"name":"(anonymous_1)","decl":{"start":{"line":18,"column":20},"end":{"line":18,"column":21}},"loc":{"start":{"line":18,"column":43},"end":{"line":35,"column":1}},"line":18}},"branchMap":{"0":{"loc":{"start":{"line":1,"column":28},"end":{"line":1,"column":40}},"type":"default-arg","locations":[{"start":{"line":1,"column":38},"end":{"line":1,"column":40}}],"line":1},"1":{"loc":{"start":{"line":3,"column":4},"end":{"line":3,"column":20}},"type":"default-arg","locations":[{"start":{"line":3,"column":17},"end":{"line":3,"column":20}}],"line":3},"2":{"loc":{"start":{"line":4,"column":4},"end":{"line":4,"column":34}},"type":"default-arg","locations":[{"start":{"line":4,"column":14},"end":{"line":4,"column":34}}],"line":4},"3":{"loc":{"start":{"line":5,"column":4},"end":{"line":5,"column":15}},"type":"default-arg","locations":[{"start":{"line":5,"column":11},"end":{"line":5,"column":15}}],"line":5},"4":{"loc":{"start":{"line":6,"column":4},"end":{"line":6,"column":21}},"type":"default-arg","locations":[{"start":{"line":6,"column":17},"end":{"line":6,"column":21}}],"line":6},"5":{"loc":{"start":{"line":13,"column":8},"end":{"line":13,"column":40}},"type":"cond-expr","locations":[{"start":{"line":13,"column":21},"end":{"line":13,"column":35}},{"start":{"line":13,"column":38},"end":{"line":13,"column":40}}],"line":13},"6":{"loc":{"start":{"line":18,"column":26},"end":{"line":18,"column":38}},"type":"default-arg","locations":[{"start":{"line":18,"column":36},"end":{"line":18,"column":38}}],"line":18},"7":{"loc":{"start":{"line":20,"column":4},"end":{"line":20,"column":20}},"type":"default-arg","locations":[{"start":{"line":20,"column":17},"end":{"line":20,"column":20}}],"line":20},"8":{"loc":{"start":{"line":21,"column":4},"end":{"line":21,"column":37}},"type":"default-arg","locations":[{"start":{"line":21,"column":14},"end":{"line":21,"column":37}}],"line":21},"9":{"loc":{"start":{"line":22,"column":4},"end":{"line":22,"column":27}},"type":"default-arg","locations":[{"start":{"line":22,"column":11},"end":{"line":22,"column":27}}],"line":22},"10":{"loc":{"start":{"line":23,"column":4},"end":{"line":23,"column":18}},"type":"default-arg","locations":[{"start":{"line":23,"column":14},"end":{"line":23,"column":18}}],"line":23},"11":{"loc":{"start":{"line":31,"column":10},"end":{"line":31,"column":36}},"type":"cond-expr","locations":[{"start":{"line":31,"column":20},"end":{"line":31,"column":31}},{"start":{"line":31,"column":34},"end":{"line":31,"column":36}}],"line":31}},"s":{"0":1,"1":0,"2":0,"3":1,"4":1,"5":1},"f":{"0":0,"1":1},"b":{"0":[0],"1":[0],"2":[0],"3":[0],"4":[0],"5":[0,0],"6":[0],"7":[0],"8":[0],"9":[0],"10":[1],"11":[0,1]},"_coverageSchema":"1a1c01bbd47fc00a2c39e90264f33305004495a9","hash":"8d7eaf7a11a644a0112e4b0d498fe6aa79698768"}
,"D:\\Project\\School ERP\\ERP Backend\\utils\\appError.js": {"path":"D:\\Project\\School ERP\\ERP Backend\\utils\\appError.js","statementMap":{"0":{"start":{"line":3,"column":4},"end":{"line":3,"column":19}},"1":{"start":{"line":4,"column":4},"end":{"line":4,"column":33}},"2":{"start":{"line":5,"column":4},"end":{"line":5,"column":41}},"3":{"start":{"line":6,"column":4},"end":{"line":6,"column":30}},"4":{"start":{"line":8,"column":4},"end":{"line":8,"column":52}},"5":{"start":{"line":12,"column":0},"end":{"line":12,"column":26}}},"fnMap":{"0":{"name":"(anonymous_0)","decl":{"start":{"line":2,"column":2},"end":{"line":2,"column":3}},"loc":{"start":{"line":2,"column":41},"end":{"line":9,"column":3}},"line":2}},"branchMap":{"0":{"loc":{"start":{"line":5,"column":16},"end":{"line":5,"column":40}},"type":"binary-expr","locations":[{"start":{"line":5,"column":16},"end":{"line":5,"column":20}},{"start":{"line":5,"column":24},"end":{"line":5,"column":40}}],"line":5}},"s":{"0":0,"1":0,"2":0,"3":0,"4":0,"5":1},"f":{"0":0},"b":{"0":[0,0]},"_coverageSchema":"1a1c01bbd47fc00a2c39e90264f33305004495a9","hash":"612c4e0d873e980bb86d3d9c3b347e7714b3faa2"}
,"D:\\Project\\School ERP\\ERP Backend\\utils\\logger.js": {"path":"D:\\Project\\School ERP\\ERP Backend\\utils\\logger.js","statementMap":{"0":{"start":{"line":1,"column":16},"end":{"line":1,"column":34}},"1":{"start":{"line":2,"column":13},"end":{"line":2,"column":28}},"2":{"start":{"line":3,"column":11},"end":{"line":3,"column":24}},"3":{"start":{"line":6,"column":16},"end":{"line":6,"column":47}},"4":{"start":{"line":7,"column":0},"end":{"line":9,"column":1}},"5":{"start":{"line":8,"column":2},"end":{"line":8,"column":45}},"6":{"start":{"line":11,"column":15},"end":{"line":28,"column":2}},"7":{"start":{"line":30,"column":0},"end":{"line":37,"column":1}},"8":{"start":{"line":31,"column":2},"end":{"line":36,"column":6}},"9":{"start":{"line":39,"column":0},"end":{"line":39,"column":24}}},"fnMap":{},"branchMap":{"0":{"loc":{"start":{"line":7,"column":0},"end":{"line":9,"column":1}},"type":"if","locations":[{"start":{"line":7,"column":0},"end":{"line":9,"column":1}},{"start":{},"end":{}}],"line":7},"1":{"loc":{"start":{"line":12,"column":9},"end":{"line":12,"column":65}},"type":"cond-expr","locations":[{"start":{"line":12,"column":49},"end":{"line":12,"column":55}},{"start":{"line":12,"column":58},"end":{"line":12,"column":65}}],"line":12},"2":{"loc":{"start":{"line":30,"column":0},"end":{"line":37,"column":1}},"type":"if","locations":[{"start":{"line":30,"column":0},"end":{"line":37,"column":1}},{"start":{},"end":{}}],"line":30}},"s":{"0":1,"1":1,"2":1,"3":1,"4":1,"5":0,"6":1,"7":1,"8":1,"9":1},"f":{},"b":{"0":[0,1],"1":[0,1],"2":[1,0]},"_coverageSchema":"1a1c01bbd47fc00a2c39e90264f33305004495a9","hash":"5a199537934f59bad602f67df5fe4fc36410b631"}
,"D:\\Project\\School ERP\\ERP Backend\\utils\\queryBuilder.js": {"path":"D:\\Project\\School ERP\\ERP Backend\\utils\\queryBuilder.js","statementMap":{"0":{"start":{"line":1,"column":0},"end":{"line":6,"column":2}},"1":{"start":{"line":2,"column":15},"end":{"line":2,"column":57}},"2":{"start":{"line":3,"column":16},"end":{"line":3,"column":75}},"3":{"start":{"line":4,"column":15},"end":{"line":4,"column":33}},"4":{"start":{"line":5,"column":2},"end":{"line":5,"column":31}},"5":{"start":{"line":8,"column":0},"end":{"line":12,"column":2}},"6":{"start":{"line":9,"column":2},"end":{"line":9,"column":37}},"7":{"start":{"line":9,"column":21},"end":{"line":9,"column":37}},"8":{"start":{"line":10,"column":20},"end":{"line":10,"column":56}},"9":{"start":{"line":11,"column":2},"end":{"line":11,"column":39}}},"fnMap":{"0":{"name":"(anonymous_0)","decl":{"start":{"line":1,"column":24},"end":{"line":1,"column":25}},"loc":{"start":{"line":1,"column":40},"end":{"line":6,"column":1}},"line":1},"1":{"name":"(anonymous_1)","decl":{"start":{"line":8,"column":18},"end":{"line":8,"column":19}},"loc":{"start":{"line":8,"column":59},"end":{"line":12,"column":1}},"line":8}},"branchMap":{"0":{"loc":{"start":{"line":1,"column":25},"end":{"line":1,"column":35}},"type":"default-arg","locations":[{"start":{"line":1,"column":33},"end":{"line":1,"column":35}}],"line":1},"1":{"loc":{"start":{"line":2,"column":24},"end":{"line":2,"column":53}},"type":"binary-expr","locations":[{"start":{"line":2,"column":24},"end":{"line":2,"column":48}},{"start":{"line":2,"column":52},"end":{"line":2,"column":53}}],"line":2},"2":{"loc":{"start":{"line":3,"column":34},"end":{"line":3,"column":65}},"type":"binary-expr","locations":[{"start":{"line":3,"column":34},"end":{"line":3,"column":59}},{"start":{"line":3,"column":63},"end":{"line":3,"column":65}}],"line":3},"3":{"loc":{"start":{"line":8,"column":19},"end":{"line":8,"column":29}},"type":"default-arg","locations":[{"start":{"line":8,"column":27},"end":{"line":8,"column":29}}],"line":8},"4":{"loc":{"start":{"line":8,"column":31},"end":{"line":8,"column":54}},"type":"default-arg","locations":[{"start":{"line":8,"column":42},"end":{"line":8,"column":54}}],"line":8},"5":{"loc":{"start":{"line":9,"column":2},"end":{"line":9,"column":37}},"type":"if","locations":[{"start":{"line":9,"column":2},"end":{"line":9,"column":37}},{"start":{},"end":{}}],"line":9},"6":{"loc":{"start":{"line":10,"column":20},"end":{"line":10,"column":56}},"type":"cond-expr","locations":[{"start":{"line":10,"column":48},"end":{"line":10,"column":50}},{"start":{"line":10,"column":53},"end":{"line":10,"column":56}}],"line":10}},"s":{"0":1,"1":0,"2":0,"3":0,"4":0,"5":1,"6":0,"7":0,"8":0,"9":0},"f":{"0":0,"1":0},"b":{"0":[0],"1":[0,0],"2":[0,0],"3":[0],"4":[0],"5":[0,0],"6":[0,0]},"_coverageSchema":"1a1c01bbd47fc00a2c39e90264f33305004495a9","hash":"b6a712510673e1195d43b8e1142449f2291cc261"}
,"D:\\Project\\School ERP\\ERP Backend\\validators\\student.validator.js": {"path":"D:\\Project\\School ERP\\ERP Backend\\validators\\student.validator.js","statementMap":{"0":{"start":{"line":1,"column":35},"end":{"line":1,"column":63}},"1":{"start":{"line":2,"column":17},"end":{"line":2,"column":45}},"2":{"start":{"line":4,"column":0},"end":{"line":34,"column":2}},"3":{"start":{"line":14,"column":19},"end":{"line":14,"column":40}},"4":{"start":{"line":15,"column":4},"end":{"line":31,"column":5}},"5":{"start":{"line":16,"column":27},"end":{"line":19,"column":9}},"6":{"start":{"line":16,"column":52},"end":{"line":19,"column":7}},"7":{"start":{"line":21,"column":23},"end":{"line":21,"column":80}},"8":{"start":{"line":24,"column":6},"end":{"line":24,"column":40}},"9":{"start":{"line":25,"column":6},"end":{"line":28,"column":13}},"10":{"start":{"line":26,"column":8},"end":{"line":26,"column":70}},"11":{"start":{"line":27,"column":8},"end":{"line":27,"column":19}},"12":{"start":{"line":30,"column":6},"end":{"line":30,"column":28}},"13":{"start":{"line":32,"column":4},"end":{"line":32,"column":11}}},"fnMap":{"0":{"name":"(anonymous_0)","decl":{"start":{"line":13,"column":2},"end":{"line":13,"column":3}},"loc":{"start":{"line":13,"column":22},"end":{"line":33,"column":3}},"line":13},"1":{"name":"(anonymous_1)","decl":{"start":{"line":16,"column":46},"end":{"line":16,"column":47}},"loc":{"start":{"line":16,"column":52},"end":{"line":19,"column":7}},"line":16},"2":{"name":"(anonymous_2)","decl":{"start":{"line":25,"column":44},"end":{"line":25,"column":45}},"loc":{"start":{"line":25,"column":59},"end":{"line":28,"column":7}},"line":25}},"branchMap":{"0":{"loc":{"start":{"line":15,"column":4},"end":{"line":31,"column":5}},"type":"if","locations":[{"start":{"line":15,"column":4},"end":{"line":31,"column":5}},{"start":{},"end":{}}],"line":15}},"s":{"0":1,"1":1,"2":1,"3":0,"4":0,"5":0,"6":0,"7":0,"8":0,"9":0,"10":0,"11":0,"12":0,"13":0},"f":{"0":0,"1":0,"2":0},"b":{"0":[0,0]},"_coverageSchema":"1a1c01bbd47fc00a2c39e90264f33305004495a9","hash":"a9e200aef432ac2d195376ba37769b181e8c2d75"}
}
